#
# There is insufficient memory for the Java Runtime Environment to continue.
# Native memory allocation (mmap) failed to map 212860928 bytes for Failed to commit area from 0x0000000090d00000 to 0x000000009d800000 of length 212860928.
# Possible reasons:
#   The system is out of physical RAM or swap space
#   The process is running with CompressedOops enabled, and the Java Heap may be blocking the growth of the native heap
# Possible solutions:
#   Reduce memory load on the system
#   Increase physical memory or swap space
#   Check if swap backing store is full
#   Decrease Java heap size (-Xmx/-Xms)
#   Decrease number of Java threads
#   Decrease Java thread stack sizes (-Xss)
#   Set larger code cache with -XX:ReservedCodeCacheSize=
#   JVM is running with Unscaled Compressed Oops mode in which the Java heap is
#     placed in the first 4GB address space. The Java Heap base address is the
#     maximum limit for the native heap growth. Please use -XX:HeapBaseMinAddress
#     to set the Java Heap base and to place the Java Heap above 4GB virtual address.
# This output file may be truncated or incomplete.
#
#  Out of Memory Error (./open/src/hotspot/os/windows/os_windows.cpp:3273), pid=3060, tid=15112
#
# JRE version: Java(TM) SE Runtime Environment 18.9 (11.0.10+8) (build 11.0.10+8-LTS-162)
# Java VM: Java HotSpot(TM) 64-Bit Server VM 18.9 (11.0.10+8-LTS-162, mixed mode, tiered, compressed oops, g1 gc, windows-amd64)
# No core dump will be written. Minidumps are not enabled by default on client versions of Windows
#

---------------  S U M M A R Y ------------

Command Line: --add-opens=java.base/java.util=ALL-UNNAMED --add-opens=java.base/java.lang=ALL-UNNAMED --add-opens=java.base/java.lang.invoke=ALL-UNNAMED --add-opens=java.prefs/java.util.prefs=ALL-UNNAMED -Xmx2048M -Dfile.encoding=windows-1252 -Duser.country=IT -Duser.language=it -Duser.variant org.gradle.launcher.daemon.bootstrap.GradleDaemon 6.1.1

Host: Intel(R) Core(TM) i5-9300H CPU @ 2.40GHz, 8 cores, 7G,  Windows 10 , 64 bit Build 19041 (10.0.19041.1706)
Time: Sat Jun 11 11:27:40 2022 ora legale Europa occidentale elapsed time: 66.490885 seconds (0d 0h 1m 6s)

---------------  T H R E A D  ---------------

Current thread (0x000002cafd68b800):  VMThread "VM Thread" [stack: 0x000000dbaca00000,0x000000dbacb00000] [id=15112]

Stack: [0x000000dbaca00000,0x000000dbacb00000]
[error occurred during error reporting (printing stack bounds), id 0xc0000005, EXCEPTION_ACCESS_VIOLATION (0xc0000005) at pc=0x000002ca80000f2d]

Native frames: (J=compiled Java code, j=interpreted, Vv=VM code, C=native code)
V  [jvm.dll+0x613e6a]
V  [jvm.dll+0x74c1ff]
V  [jvm.dll+0x74d885]
V  [jvm.dll+0x74de65]
V  [jvm.dll+0x74de1b]
V  [jvm.dll+0x6136a3]
V  [jvm.dll+0x613a68]
C  [ntdll.dll+0xa209f]
C  [ntdll.dll+0x51454]
C  [ntdll.dll+0xa0bce]
C  0x000002ca80000f2d

VM_Operation (0x000000dbb0afbb90): G1CollectForAllocation, mode: safepoint, requested by thread 0x000002ca91ebe800


---------------  P R O C E S S  ---------------

Threads class SMR info:
_java_thread_list=0x000002ca92f3e310, length=70, elements={
0x000002caed87b000, 0x000002cafd68e800, 0x000002cafd68f800, 0x000002cafd6a6000,
0x000002cafd6a7000, 0x000002cafd6a9000, 0x000002cafd6b4800, 0x000002cafd6bb800,
0x000002cafe1af000, 0x000002cafe1ef800, 0x000002caffafb000, 0x000002caff6ba800,
0x000002caff6c5800, 0x000002ca8f082800, 0x000002caff592800, 0x000002ca8f15e000,
0x000002ca8f15f000, 0x000002ca8f163000, 0x000002ca8f162000, 0x000002ca9277b800,
0x000002ca9277a000, 0x000002ca92777800, 0x000002ca9277b000, 0x000002ca9277d000,
0x000002ca9277e000, 0x000002ca92778800, 0x000002ca92780800, 0x000002ca92782000,
0x000002ca92783800, 0x000002ca92781800, 0x000002ca9277f800, 0x000002ca92784800,
0x000002ca9277f000, 0x000002ca92786000, 0x000002ca92783000, 0x000002ca92785800,
0x000002ca8f15f800, 0x000002ca8f161800, 0x000002ca8f160800, 0x000002ca91eb4800,
0x000002ca91eb1800, 0x000002ca91eb2000, 0x000002ca91eb4000, 0x000002ca91eb3000,
0x000002ca91eb6800, 0x000002ca91eb0800, 0x000002ca91eb9000, 0x000002ca91eb7000,
0x000002ca91eba800, 0x000002ca91ebd000, 0x000002ca91eb9800, 0x000002ca91ebc000,
0x000002ca91eb8000, 0x000002ca91ebd800, 0x000002ca91ebe800, 0x000002ca91ebf800,
0x000002ca9277c800, 0x000002ca8fd0a800, 0x000002ca8fd0f800, 0x000002ca8fd0d000,
0x000002ca8fd0e000, 0x000002ca8fd10800, 0x000002ca8fd0b800, 0x000002ca8fd0f000,
0x000002ca8fd11000, 0x000002ca8fd12000, 0x000002ca8fd0c800, 0x000002ca8fd14800,
0x000002ca8fd15800, 0x000002ca8fd13000
}

Java Threads: ( => current thread )
  0x000002caed87b000 JavaThread "main" [_thread_blocked, id=16020, stack(0x000000dbac400000,0x000000dbac500000)]
  0x000002cafd68e800 JavaThread "Reference Handler" daemon [_thread_blocked, id=15816, stack(0x000000dbacb00000,0x000000dbacc00000)]
  0x000002cafd68f800 JavaThread "Finalizer" daemon [_thread_blocked, id=16136, stack(0x000000dbacc00000,0x000000dbacd00000)]
  0x000002cafd6a6000 JavaThread "Signal Dispatcher" daemon [_thread_blocked, id=13384, stack(0x000000dbacd00000,0x000000dbace00000)]
  0x000002cafd6a7000 JavaThread "Attach Listener" daemon [_thread_blocked, id=9468, stack(0x000000dbace00000,0x000000dbacf00000)]
  0x000002cafd6a9000 JavaThread "C2 CompilerThread0" daemon [_thread_blocked, id=1612, stack(0x000000dbacf00000,0x000000dbad000000)]
  0x000002cafd6b4800 JavaThread "C1 CompilerThread0" daemon [_thread_blocked, id=14480, stack(0x000000dbad000000,0x000000dbad100000)]
  0x000002cafd6bb800 JavaThread "Sweeper thread" daemon [_thread_blocked, id=14160, stack(0x000000dbad100000,0x000000dbad200000)]
  0x000002cafe1af000 JavaThread "Common-Cleaner" daemon [_thread_blocked, id=4948, stack(0x000000dbad200000,0x000000dbad300000)]
  0x000002cafe1ef800 JavaThread "Service Thread" daemon [_thread_blocked, id=16272, stack(0x000000dbad300000,0x000000dbad400000)]
  0x000002caffafb000 JavaThread "Daemon health stats" [_thread_blocked, id=6576, stack(0x000000dbad900000,0x000000dbada00000)]
  0x000002caff6ba800 JavaThread "Incoming local TCP Connector on port 12646" [_thread_in_native, id=14204, stack(0x000000dbad500000,0x000000dbad600000)]
  0x000002caff6c5800 JavaThread "Daemon periodic checks" [_thread_blocked, id=13308, stack(0x000000dbad800000,0x000000dbad900000)]
  0x000002ca8f082800 JavaThread "Daemon" [_thread_blocked, id=14320, stack(0x000000dbada00000,0x000000dbadb00000)]
  0x000002caff592800 JavaThread "Daemon worker" [_thread_blocked, id=14060, stack(0x000000dbadd00000,0x000000dbade00000)]
  0x000002ca8f15e000 JavaThread "Cache worker for journal cache (C:\Users\alby2\.gradle\caches\journal-1)" [_thread_blocked, id=2996, stack(0x000000dbae100000,0x000000dbae200000)]
  0x000002ca8f15f000 JavaThread "File lock request listener" [_thread_in_native, id=14044, stack(0x000000dbae200000,0x000000dbae300000)]
  0x000002ca8f163000 JavaThread "Cache worker for file hash cache (C:\Users\alby2\.gradle\caches\6.1.1\fileHashes)" [_thread_blocked, id=15408, stack(0x000000dbae300000,0x000000dbae400000)]
  0x000002ca8f162000 JavaThread "Cache worker for execution history cache (C:\Users\alby2\.gradle\caches\6.1.1\executionHistory)" [_thread_blocked, id=5032, stack(0x000000dbaef00000,0x000000dbaf000000)]
  0x000002ca9277b800 JavaThread "Handler for socket connection from /127.0.0.1:12646 to /127.0.0.1:12652" [_thread_in_native, id=11760, stack(0x000000dbadc00000,0x000000dbadd00000)]
  0x000002ca9277a000 JavaThread "Cancel handler" [_thread_blocked, id=10448, stack(0x000000dbade00000,0x000000dbadf00000)]
  0x000002ca92777800 JavaThread "Asynchronous log dispatcher for DefaultDaemonConnection: socket connection from /127.0.0.1:12646 to /127.0.0.1:12652" [_thread_blocked, id=3056, stack(0x000000dbadf00000,0x000000dbae000000)]
  0x000002ca9277b000 JavaThread "Stdin handler" [_thread_blocked, id=13756, stack(0x000000dbae000000,0x000000dbae100000)]
  0x000002ca9277d000 JavaThread "Thread-30" [_thread_blocked, id=13160, stack(0x000000dbaea00000,0x000000dbaeb00000)]
  0x000002ca9277e000 JavaThread "Cache worker for checksums cache (C:\Users\alby2\Downloads\Termux\.gradle\checksums)" [_thread_blocked, id=9352, stack(0x000000dbaeb00000,0x000000dbaec00000)]
  0x000002ca92778800 JavaThread "Cache worker for file hash cache (C:\Users\alby2\Downloads\Termux\.gradle\6.1.1\fileHashes)" [_thread_blocked, id=12320, stack(0x000000dbaec00000,0x000000dbaed00000)]
  0x000002ca92780800 JavaThread "Cache worker for cache directory md-supplier (C:\Users\alby2\.gradle\caches\6.1.1\md-supplier)" [_thread_blocked, id=3724, stack(0x000000dbaed00000,0x000000dbaee00000)]
  0x000002ca92782000 JavaThread "Cache worker for cache directory md-rule (C:\Users\alby2\.gradle\caches\6.1.1\md-rule)" [_thread_blocked, id=3208, stack(0x000000dbaee00000,0x000000dbaef00000)]
  0x000002ca92783800 JavaThread "Build operations" [_thread_blocked, id=15552, stack(0x000000dbaf100000,0x000000dbaf200000)]
  0x000002ca92781800 JavaThread "Build operations Thread 2" [_thread_blocked, id=13484, stack(0x000000dbaf200000,0x000000dbaf300000)]
  0x000002ca9277f800 JavaThread "Build operations Thread 3" [_thread_blocked, id=12492, stack(0x000000dbaf300000,0x000000dbaf400000)]
  0x000002ca92784800 JavaThread "Build operations Thread 4" [_thread_blocked, id=14432, stack(0x000000dbaf400000,0x000000dbaf500000)]
  0x000002ca9277f000 JavaThread "Build operations Thread 5" [_thread_blocked, id=13592, stack(0x000000dbaf500000,0x000000dbaf600000)]
  0x000002ca92786000 JavaThread "Build operations Thread 6" [_thread_blocked, id=14820, stack(0x000000dbaf600000,0x000000dbaf700000)]
  0x000002ca92783000 JavaThread "Build operations Thread 7" [_thread_blocked, id=2148, stack(0x000000dbaf700000,0x000000dbaf800000)]
  0x000002ca92785800 JavaThread "Build operations Thread 8" [_thread_blocked, id=15388, stack(0x000000dbaf800000,0x000000dbaf900000)]
  0x000002ca8f15f800 JavaThread "pool-2-thread-1" [_thread_blocked, id=15032, stack(0x000000dbaf900000,0x000000dbafa00000)]
  0x000002ca8f161800 JavaThread "Cache worker for Build Output Cleanup Cache (C:\Users\alby2\Downloads\Termux\.gradle\buildOutputCleanup)" [_thread_blocked, id=3004, stack(0x000000dbafc00000,0x000000dbafd00000)]
  0x000002ca8f160800 JavaThread "Memory manager" [_thread_blocked, id=13768, stack(0x000000dbafd00000,0x000000dbafe00000)]
  0x000002ca91eb4800 JavaThread "Cache worker for file content cache (C:\Users\alby2\.gradle\caches\6.1.1\fileContent)" [_thread_blocked, id=8884, stack(0x000000dbafe00000,0x000000dbaff00000)]
  0x000002ca91eb1800 JavaThread "Cache worker for file content cache (C:\Users\alby2\Downloads\Termux\.gradle\6.1.1\fileContent)" [_thread_blocked, id=13644, stack(0x000000dbaff00000,0x000000dbb0000000)]
  0x000002ca91eb2000 JavaThread "Execution worker for ':'" [_thread_blocked, id=14344, stack(0x000000dbac100000,0x000000dbac200000)]
  0x000002ca91eb4000 JavaThread "Execution worker for ':' Thread 2" [_thread_blocked, id=76, stack(0x000000dbac200000,0x000000dbac300000)]
  0x000002ca91eb3000 JavaThread "Execution worker for ':' Thread 3" [_thread_blocked, id=12340, stack(0x000000dbb0000000,0x000000dbb0100000)]
  0x000002ca91eb6800 JavaThread "Execution worker for ':' Thread 4" [_thread_blocked, id=15788, stack(0x000000dbb0100000,0x000000dbb0200000)]
  0x000002ca91eb0800 JavaThread "Execution worker for ':' Thread 5" [_thread_blocked, id=13364, stack(0x000000dbb0200000,0x000000dbb0300000)]
  0x000002ca91eb9000 JavaThread "Execution worker for ':' Thread 6" [_thread_blocked, id=13544, stack(0x000000dbb0300000,0x000000dbb0400000)]
  0x000002ca91eb7000 JavaThread "Execution worker for ':' Thread 7" [_thread_blocked, id=15684, stack(0x000000dbb0400000,0x000000dbb0500000)]
  0x000002ca91eba800 JavaThread "Cache worker for execution history cache (C:\Users\alby2\Downloads\Termux\.gradle\6.1.1\executionHistory)" [_thread_blocked, id=1152, stack(0x000000dbb0500000,0x000000dbb0600000)]
  0x000002ca91ebd000 JavaThread "Exec process" [_thread_blocked, id=2688, stack(0x000000dbb0600000,0x000000dbb0700000)]
  0x000002ca91eb9800 JavaThread "Exec process Thread 2" [_thread_blocked, id=13892, stack(0x000000dbb0700000,0x000000dbb0800000)]
  0x000002ca91ebc000 JavaThread "Exec process Thread 3" [_thread_blocked, id=3560, stack(0x000000dbb0800000,0x000000dbb0900000)]
  0x000002ca91eb8000 JavaThread "C2 CompilerThread1" daemon [_thread_blocked, id=11808, stack(0x000000dbaf000000,0x000000dbaf100000)]
  0x000002ca91ebd800 JavaThread "WorkerExecutor Queue" [_thread_blocked, id=14456, stack(0x000000dbb0900000,0x000000dbb0a00000)]
  0x000002ca91ebe800 JavaThread "WorkerExecutor Queue Thread 2" [_thread_blocked, id=16048, stack(0x000000dbb0a00000,0x000000dbb0b00000)]
  0x000002ca91ebf800 JavaThread "WorkerExecutor Queue Thread 3" [_thread_blocked, id=3036, stack(0x000000dbb0b00000,0x000000dbb0c00000)]
  0x000002ca9277c800 JavaThread "WorkerExecutor Queue Thread 4" [_thread_blocked, id=9540, stack(0x000000dbb0c00000,0x000000dbb0d00000)]
  0x000002ca8fd0a800 JavaThread "WorkerExecutor Queue Thread 5" [_thread_blocked, id=1700, stack(0x000000dbb0d00000,0x000000dbb0e00000)]
  0x000002ca8fd0f800 JavaThread "WorkerExecutor Queue Thread 6" [_thread_blocked, id=2208, stack(0x000000dbb0e00000,0x000000dbb0f00000)]
  0x000002ca8fd0d000 JavaThread "WorkerExecutor Queue Thread 7" [_thread_blocked, id=13616, stack(0x000000dbb0f00000,0x000000dbb1000000)]
  0x000002ca8fd0e000 JavaThread "WorkerExecutor Queue Thread 8" [_thread_blocked, id=14012, stack(0x000000dbb1000000,0x000000dbb1100000)]
  0x000002ca8fd10800 JavaThread "WorkerExecutor Queue Thread 9" [_thread_blocked, id=16120, stack(0x000000dbb1100000,0x000000dbb1200000)]
  0x000002ca8fd0b800 JavaThread "ForkJoinPool-1-worker-3" daemon [_thread_blocked, id=10704, stack(0x000000dbb1200000,0x000000dbb1300000)]
  0x000002ca8fd0f000 JavaThread "ForkJoinPool-1-worker-5" daemon [_thread_blocked, id=8176, stack(0x000000dbb1300000,0x000000dbb1400000)]
  0x000002ca8fd11000 JavaThread "ForkJoinPool-1-worker-7" daemon [_thread_blocked, id=4992, stack(0x000000dbb1400000,0x000000dbb1500000)]
  0x000002ca8fd12000 JavaThread "ForkJoinPool-1-worker-9" daemon [_thread_blocked, id=7992, stack(0x000000dbb1500000,0x000000dbb1600000)]
  0x000002ca8fd0c800 JavaThread "ForkJoinPool-1-worker-11" daemon [_thread_blocked, id=15004, stack(0x000000dbb1600000,0x000000dbb1700000)]
  0x000002ca8fd14800 JavaThread "ForkJoinPool-1-worker-13" daemon [_thread_blocked, id=4344, stack(0x000000dbb1700000,0x000000dbb1800000)]
  0x000002ca8fd15800 JavaThread "ForkJoinPool-1-worker-15" daemon [_thread_blocked, id=12872, stack(0x000000dbb1800000,0x000000dbb1900000)]
  0x000002ca8fd13000 JavaThread "ForkJoinPool-1-worker-1" daemon [_thread_blocked, id=15356, stack(0x000000dbb1900000,0x000000dbb1a00000)]

Other Threads:
=>0x000002cafd68b800 VMThread "VM Thread" [stack: 0x000000dbaca00000,0x000000dbacb00000] [id=15112]
  0x000002cafe1f1800 WatcherThread [stack: 0x000000dbad400000,0x000000dbad500000] [id=1704]
  0x000002caed890800 GCTaskThread "GC Thread#0" [stack: 0x000000dbac500000,0x000000dbac600000] [id=2440]
  0x000002cafeaf2000 GCTaskThread "GC Thread#1" [stack: 0x000000dbad600000,0x000000dbad700000] [id=15572]
  0x000002cafe458000 GCTaskThread "GC Thread#2" [stack: 0x000000dbad700000,0x000000dbad800000] [id=13684]
  0x000002ca8f178000 GCTaskThread "GC Thread#3" [stack: 0x000000dbae400000,0x000000dbae500000] [id=10132]
  0x000002ca8f171000 GCTaskThread "GC Thread#4" [stack: 0x000000dbae500000,0x000000dbae600000] [id=6728]
  0x000002ca8f172000 GCTaskThread "GC Thread#5" [stack: 0x000000dbae600000,0x000000dbae700000] [id=2620]
  0x000002caff570000 GCTaskThread "GC Thread#6" [stack: 0x000000dbae700000,0x000000dbae800000] [id=8400]
  0x000002caff571000 GCTaskThread "GC Thread#7" [stack: 0x000000dbae800000,0x000000dbae900000] [id=8620]
  0x000002caed8c1800 ConcurrentGCThread "G1 Main Marker" [stack: 0x000000dbac600000,0x000000dbac700000] [id=6920]
  0x000002caed8c6000 ConcurrentGCThread "G1 Conc#0" [stack: 0x000000dbac700000,0x000000dbac800000] [id=13632]
  0x000002ca8f2b8800 ConcurrentGCThread "G1 Conc#1" [stack: 0x000000dbae900000,0x000000dbaea00000] [id=14652]
  0x000002caed956000 ConcurrentGCThread "G1 Refine#0" [stack: 0x000000dbac800000,0x000000dbac900000] [id=6028]
  0x000002ca93383000 ConcurrentGCThread "G1 Refine#1" [stack: 0x000000dbafa00000,0x000000dbafb00000] [id=15440]
  0x000002ca93384000 ConcurrentGCThread "G1 Refine#2" [stack: 0x000000dbafb00000,0x000000dbafc00000] [id=10088]
  0x000002ca93c86000 ConcurrentGCThread "G1 Refine#3" [stack: 0x000000dbb1a00000,0x000000dbb1b00000] [id=13720]
  0x000002cafd4e0800 ConcurrentGCThread "G1 Young RemSet Sampling" [stack: 0x000000dbac900000,0x000000dbaca00000] [id=4596]

Threads with active compile tasks:
C2 CompilerThread0  66514 14274       4       com.android.tools.r8.utils.P::d (288 bytes)
C1 CompilerThread0  66514 14611       2       com.android.tools.r8.dex.r::a (25 bytes)
C2 CompilerThread1  66514 14374       4       java.util.TimSort::sort (229 bytes)

VM state:at safepoint (normal execution)

VM Mutex/Monitor currently owned by a thread:  ([mutex/lock_event])
[0x000002caed875570] Threads_lock - owner thread: 0x000002cafd68b800
[0x000002caed875600] Heap_lock - owner thread: 0x000002ca91ebe800

Heap address: 0x0000000080000000, size: 2048 MB, Compressed Oops mode: 32-bit
Narrow klass base: 0x0000000000000000, Narrow klass shift: 3
Compressed class space size: 1073741824 Address: 0x0000000100000000

Heap:
 garbage-first heap   total 483328K, used 148509K [0x0000000080000000, 0x0000000100000000)
  region size 1024K, 4 young (4096K), 4 survivors (4096K)
 Metaspace       used 94119K, capacity 96717K, committed 97232K, reserved 1134592K
  class space    used 11955K, capacity 12898K, committed 13184K, reserved 1048576K
Heap Regions: E=young(eden), S=young(survivor), O=old, HS=humongous(starts), HC=humongous(continues), CS=collection set, F=free, A=archive, TAMS=top-at-mark-start (previous, next)
|   0|0x0000000080000000, 0x0000000080100000, 0x0000000080100000|100%| O|  |TAMS 0x0000000080100000, 0x0000000080000000| Untracked 
|   1|0x0000000080100000, 0x0000000080200000, 0x0000000080200000|100%| O|  |TAMS 0x0000000080200000, 0x0000000080100000| Untracked 
|   2|0x0000000080200000, 0x0000000080300000, 0x0000000080300000|100%| O|  |TAMS 0x0000000080300000, 0x0000000080200000| Untracked 
|   3|0x0000000080300000, 0x0000000080400000, 0x0000000080400000|100%|HS|  |TAMS 0x0000000080400000, 0x0000000080300000| Complete 
|   4|0x0000000080400000, 0x0000000080500000, 0x0000000080500000|100%|HC|  |TAMS 0x0000000080500000, 0x0000000080400000| Complete 
|   5|0x0000000080500000, 0x0000000080600000, 0x0000000080600000|100%|HC|  |TAMS 0x0000000080600000, 0x0000000080500000| Complete 
|   6|0x0000000080600000, 0x0000000080700000, 0x0000000080700000|100%| O|  |TAMS 0x0000000080700000, 0x0000000080600000| Untracked 
|   7|0x0000000080700000, 0x0000000080800000, 0x0000000080800000|100%| O|  |TAMS 0x0000000080800000, 0x0000000080700000| Untracked 
|   8|0x0000000080800000, 0x0000000080900000, 0x0000000080900000|100%| O|  |TAMS 0x0000000080900000, 0x0000000080800000| Untracked 
|   9|0x0000000080900000, 0x0000000080a00000, 0x0000000080a00000|100%| O|  |TAMS 0x0000000080a00000, 0x0000000080900000| Untracked 
|  10|0x0000000080a00000, 0x0000000080b00000, 0x0000000080b00000|100%| O|  |TAMS 0x0000000080b00000, 0x0000000080a00000| Untracked 
|  11|0x0000000080b00000, 0x0000000080c00000, 0x0000000080c00000|100%| O|  |TAMS 0x0000000080c00000, 0x0000000080b00000| Untracked 
|  12|0x0000000080c00000, 0x0000000080d00000, 0x0000000080d00000|100%| O|  |TAMS 0x0000000080d00000, 0x0000000080c00000| Untracked 
|  13|0x0000000080d00000, 0x0000000080e00000, 0x0000000080e00000|100%| O|  |TAMS 0x0000000080e00000, 0x0000000080d00000| Untracked 
|  14|0x0000000080e00000, 0x0000000080f00000, 0x0000000080f00000|100%| O|  |TAMS 0x0000000080f00000, 0x0000000080e00000| Untracked 
|  15|0x0000000080f00000, 0x0000000081000000, 0x0000000081000000|100%| O|  |TAMS 0x0000000081000000, 0x0000000080f00000| Untracked 
|  16|0x0000000081000000, 0x0000000081100000, 0x0000000081100000|100%| O|  |TAMS 0x0000000081100000, 0x0000000081000000| Untracked 
|  17|0x0000000081100000, 0x0000000081200000, 0x0000000081200000|100%| O|  |TAMS 0x0000000081200000, 0x0000000081100000| Untracked 
|  18|0x0000000081200000, 0x0000000081300000, 0x0000000081300000|100%|HS|  |TAMS 0x0000000081300000, 0x0000000081200000| Complete 
|  19|0x0000000081300000, 0x0000000081400000, 0x0000000081400000|100%|HC|  |TAMS 0x0000000081400000, 0x0000000081300000| Complete 
|  20|0x0000000081400000, 0x0000000081500000, 0x0000000081500000|100%|HC|  |TAMS 0x0000000081500000, 0x0000000081400000| Complete 
|  21|0x0000000081500000, 0x0000000081600000, 0x0000000081600000|100%|HS|  |TAMS 0x0000000081600000, 0x0000000081500000| Complete 
|  22|0x0000000081600000, 0x0000000081700000, 0x0000000081700000|100%|HC|  |TAMS 0x0000000081700000, 0x0000000081600000| Complete 
|  23|0x0000000081700000, 0x0000000081800000, 0x0000000081800000|100%| O|  |TAMS 0x0000000081800000, 0x0000000081700000| Untracked 
|  24|0x0000000081800000, 0x0000000081900000, 0x0000000081900000|100%| O|  |TAMS 0x0000000081900000, 0x0000000081800000| Untracked 
|  25|0x0000000081900000, 0x0000000081a00000, 0x0000000081a00000|100%| O|  |TAMS 0x0000000081a00000, 0x0000000081900000| Untracked 
|  26|0x0000000081a00000, 0x0000000081b00000, 0x0000000081b00000|100%| O|  |TAMS 0x0000000081b00000, 0x0000000081a00000| Untracked 
|  27|0x0000000081b00000, 0x0000000081c00000, 0x0000000081c00000|100%| O|  |TAMS 0x0000000081c00000, 0x0000000081b00000| Untracked 
|  28|0x0000000081c00000, 0x0000000081d00000, 0x0000000081d00000|100%| O|  |TAMS 0x0000000081d00000, 0x0000000081c00000| Untracked 
|  29|0x0000000081d00000, 0x0000000081e00000, 0x0000000081e00000|100%| O|  |TAMS 0x0000000081e00000, 0x0000000081d00000| Untracked 
|  30|0x0000000081e00000, 0x0000000081f00000, 0x0000000081f00000|100%| O|  |TAMS 0x0000000081f00000, 0x0000000081e00000| Untracked 
|  31|0x0000000081f00000, 0x0000000082000000, 0x0000000082000000|100%| O|  |TAMS 0x0000000082000000, 0x0000000081f00000| Untracked 
|  32|0x0000000082000000, 0x0000000082100000, 0x0000000082100000|100%| O|  |TAMS 0x0000000082100000, 0x0000000082000000| Untracked 
|  33|0x0000000082100000, 0x0000000082200000, 0x0000000082200000|100%| O|  |TAMS 0x0000000082200000, 0x0000000082100000| Untracked 
|  34|0x0000000082200000, 0x0000000082300000, 0x0000000082300000|100%| O|  |TAMS 0x0000000082300000, 0x0000000082200000| Untracked 
|  35|0x0000000082300000, 0x0000000082400000, 0x0000000082400000|100%| O|  |TAMS 0x0000000082400000, 0x0000000082300000| Untracked 
|  36|0x0000000082400000, 0x0000000082500000, 0x0000000082500000|100%| O|  |TAMS 0x0000000082500000, 0x0000000082400000| Untracked 
|  37|0x0000000082500000, 0x0000000082600000, 0x0000000082600000|100%| O|  |TAMS 0x0000000082600000, 0x0000000082500000| Untracked 
|  38|0x0000000082600000, 0x0000000082700000, 0x0000000082700000|100%| O|  |TAMS 0x0000000082700000, 0x0000000082600000| Untracked 
|  39|0x0000000082700000, 0x0000000082800000, 0x0000000082800000|100%| O|  |TAMS 0x0000000082800000, 0x0000000082700000| Untracked 
|  40|0x0000000082800000, 0x0000000082900000, 0x0000000082900000|100%| O|  |TAMS 0x0000000082900000, 0x0000000082800000| Untracked 
|  41|0x0000000082900000, 0x0000000082a00000, 0x0000000082a00000|100%| O|  |TAMS 0x0000000082a00000, 0x0000000082900000| Untracked 
|  42|0x0000000082a00000, 0x0000000082b00000, 0x0000000082b00000|100%| O|  |TAMS 0x0000000082b00000, 0x0000000082a00000| Untracked 
|  43|0x0000000082b00000, 0x0000000082c00000, 0x0000000082c00000|100%| O|  |TAMS 0x0000000082c00000, 0x0000000082b00000| Untracked 
|  44|0x0000000082c00000, 0x0000000082d00000, 0x0000000082d00000|100%| O|  |TAMS 0x0000000082d00000, 0x0000000082c00000| Untracked 
|  45|0x0000000082d00000, 0x0000000082e00000, 0x0000000082e00000|100%| O|  |TAMS 0x0000000082e00000, 0x0000000082d00000| Untracked 
|  46|0x0000000082e00000, 0x0000000082f00000, 0x0000000082f00000|100%| O|  |TAMS 0x0000000082f00000, 0x0000000082e00000| Untracked 
|  47|0x0000000082f00000, 0x0000000083000000, 0x0000000083000000|100%| O|  |TAMS 0x0000000083000000, 0x0000000082f00000| Untracked 
|  48|0x0000000083000000, 0x0000000083100000, 0x0000000083100000|100%| O|  |TAMS 0x0000000083100000, 0x0000000083000000| Untracked 
|  49|0x0000000083100000, 0x0000000083200000, 0x0000000083200000|100%| O|  |TAMS 0x0000000083200000, 0x0000000083100000| Untracked 
|  50|0x0000000083200000, 0x0000000083300000, 0x0000000083300000|100%| O|  |TAMS 0x0000000083300000, 0x0000000083200000| Untracked 
|  51|0x0000000083300000, 0x0000000083400000, 0x0000000083400000|100%| O|  |TAMS 0x0000000083400000, 0x0000000083300000| Untracked 
|  52|0x0000000083400000, 0x0000000083500000, 0x0000000083500000|100%|HS|  |TAMS 0x0000000083400000, 0x0000000083400000| Complete 
|  53|0x0000000083500000, 0x0000000083600000, 0x0000000083600000|100%| O|  |TAMS 0x0000000083600000, 0x0000000083500000| Untracked 
|  54|0x0000000083600000, 0x0000000083700000, 0x0000000083700000|100%| O|  |TAMS 0x0000000083700000, 0x0000000083600000| Untracked 
|  55|0x0000000083700000, 0x0000000083800000, 0x0000000083800000|100%| O|  |TAMS 0x0000000083800000, 0x0000000083700000| Untracked 
|  56|0x0000000083800000, 0x0000000083900000, 0x0000000083900000|100%|HS|  |TAMS 0x0000000083900000, 0x0000000083800000| Complete 
|  57|0x0000000083900000, 0x0000000083a00000, 0x0000000083a00000|100%|HS|  |TAMS 0x0000000083900000, 0x0000000083900000| Complete 
|  58|0x0000000083a00000, 0x0000000083b00000, 0x0000000083b00000|100%|HS|  |TAMS 0x0000000083a00000, 0x0000000083a00000| Complete 
|  59|0x0000000083b00000, 0x0000000083c00000, 0x0000000083c00000|100%| O|  |TAMS 0x0000000083c00000, 0x0000000083b00000| Untracked 
|  60|0x0000000083c00000, 0x0000000083d00000, 0x0000000083d00000|100%| O|  |TAMS 0x0000000083d00000, 0x0000000083c00000| Untracked 
|  61|0x0000000083d00000, 0x0000000083e00000, 0x0000000083e00000|100%| O|  |TAMS 0x0000000083e00000, 0x0000000083d00000| Untracked 
|  62|0x0000000083e00000, 0x0000000083f00000, 0x0000000083f00000|100%| O|  |TAMS 0x0000000083f00000, 0x0000000083e00000| Untracked 
|  63|0x0000000083f00000, 0x0000000084000000, 0x0000000084000000|100%| O|  |TAMS 0x0000000083f00000, 0x0000000083f00000| Untracked 
|  64|0x0000000084000000, 0x0000000084100000, 0x0000000084100000|100%| O|  |TAMS 0x0000000084100000, 0x0000000084000000| Untracked 
|  65|0x0000000084100000, 0x0000000084200000, 0x0000000084200000|100%| O|  |TAMS 0x0000000084200000, 0x0000000084100000| Untracked 
|  66|0x0000000084200000, 0x0000000084300000, 0x0000000084300000|100%| O|  |TAMS 0x0000000084300000, 0x0000000084200000| Untracked 
|  67|0x0000000084300000, 0x0000000084400000, 0x0000000084400000|100%| O|  |TAMS 0x0000000084400000, 0x0000000084300000| Untracked 
|  68|0x0000000084400000, 0x0000000084500000, 0x0000000084500000|100%| O|  |TAMS 0x0000000084500000, 0x0000000084400000| Untracked 
|  69|0x0000000084500000, 0x0000000084600000, 0x0000000084600000|100%| O|  |TAMS 0x0000000084600000, 0x0000000084500000| Untracked 
|  70|0x0000000084600000, 0x0000000084700000, 0x0000000084700000|100%| O|  |TAMS 0x0000000084700000, 0x0000000084600000| Untracked 
|  71|0x0000000084700000, 0x0000000084800000, 0x0000000084800000|100%| O|  |TAMS 0x0000000084800000, 0x0000000084700000| Untracked 
|  72|0x0000000084800000, 0x0000000084900000, 0x0000000084900000|100%| O|  |TAMS 0x0000000084900000, 0x0000000084800000| Untracked 
|  73|0x0000000084900000, 0x0000000084a00000, 0x0000000084a00000|100%| O|  |TAMS 0x0000000084a00000, 0x0000000084900000| Untracked 
|  74|0x0000000084a00000, 0x0000000084b00000, 0x0000000084b00000|100%| O|  |TAMS 0x0000000084b00000, 0x0000000084a00000| Untracked 
|  75|0x0000000084b00000, 0x0000000084c00000, 0x0000000084c00000|100%| O|  |TAMS 0x0000000084c00000, 0x0000000084b00000| Untracked 
|  76|0x0000000084c00000, 0x0000000084d00000, 0x0000000084d00000|100%| O|  |TAMS 0x0000000084d00000, 0x0000000084c00000| Untracked 
|  77|0x0000000084d00000, 0x0000000084e00000, 0x0000000084e00000|100%| O|  |TAMS 0x0000000084e00000, 0x0000000084d00000| Untracked 
|  78|0x0000000084e00000, 0x0000000084f00000, 0x0000000084f00000|100%| O|  |TAMS 0x0000000084f00000, 0x0000000084e00000| Untracked 
|  79|0x0000000084f00000, 0x0000000085000000, 0x0000000085000000|100%| O|  |TAMS 0x0000000084f00000, 0x0000000084f00000| Untracked 
|  80|0x0000000085000000, 0x0000000085100000, 0x0000000085100000|100%| O|  |TAMS 0x0000000085100000, 0x0000000085000000| Untracked 
|  81|0x0000000085100000, 0x0000000085200000, 0x0000000085200000|100%| O|  |TAMS 0x0000000085200000, 0x0000000085100000| Untracked 
|  82|0x0000000085200000, 0x0000000085300000, 0x0000000085300000|100%| O|  |TAMS 0x0000000085300000, 0x0000000085200000| Untracked 
|  83|0x0000000085300000, 0x0000000085400000, 0x0000000085400000|100%| O|  |TAMS 0x0000000085400000, 0x0000000085300000| Untracked 
|  84|0x0000000085400000, 0x0000000085500000, 0x0000000085500000|100%| O|  |TAMS 0x0000000085500000, 0x0000000085400000| Untracked 
|  85|0x0000000085500000, 0x0000000085600000, 0x0000000085600000|100%| O|  |TAMS 0x0000000085600000, 0x0000000085500000| Untracked 
|  86|0x0000000085600000, 0x0000000085700000, 0x0000000085700000|100%| O|  |TAMS 0x0000000085700000, 0x0000000085600000| Untracked 
|  87|0x0000000085700000, 0x0000000085800000, 0x0000000085800000|100%| O|  |TAMS 0x0000000085800000, 0x0000000085700000| Untracked 
|  88|0x0000000085800000, 0x0000000085800000, 0x0000000085900000|  0%| F|  |TAMS 0x0000000085800000, 0x0000000085800000| Untracked 
|  89|0x0000000085900000, 0x0000000085a00000, 0x0000000085a00000|100%|HS|  |TAMS 0x0000000085a00000, 0x0000000085900000| Complete 
|  90|0x0000000085a00000, 0x0000000085b00000, 0x0000000085b00000|100%|HS|  |TAMS 0x0000000085b00000, 0x0000000085a00000| Complete 
|  91|0x0000000085b00000, 0x0000000085c00000, 0x0000000085c00000|100%| O|  |TAMS 0x0000000085c00000, 0x0000000085b00000| Untracked 
|  92|0x0000000085c00000, 0x0000000085d00000, 0x0000000085d00000|100%| O|  |TAMS 0x0000000085d00000, 0x0000000085c00000| Untracked 
|  93|0x0000000085d00000, 0x0000000085e00000, 0x0000000085e00000|100%| O|  |TAMS 0x0000000085e00000, 0x0000000085d00000| Untracked 
|  94|0x0000000085e00000, 0x0000000085e00000, 0x0000000085f00000|  0%| F|  |TAMS 0x0000000085e00000, 0x0000000085e00000| Untracked 
|  95|0x0000000085f00000, 0x0000000086000000, 0x0000000086000000|100%| O|  |TAMS 0x0000000086000000, 0x0000000085f00000| Untracked 
|  96|0x0000000086000000, 0x0000000086000000, 0x0000000086100000|  0%| F|  |TAMS 0x0000000086000000, 0x0000000086000000| Untracked 
|  97|0x0000000086100000, 0x0000000086200000, 0x0000000086200000|100%| O|  |TAMS 0x0000000086200000, 0x0000000086100000| Untracked 
|  98|0x0000000086200000, 0x0000000086300000, 0x0000000086300000|100%| O|  |TAMS 0x0000000086300000, 0x0000000086200000| Untracked 
|  99|0x0000000086300000, 0x0000000086400000, 0x0000000086400000|100%| O|  |TAMS 0x0000000086300000, 0x0000000086300000| Untracked 
| 100|0x0000000086400000, 0x0000000086500000, 0x0000000086500000|100%| O|  |TAMS 0x0000000086400000, 0x0000000086400000| Untracked 
| 101|0x0000000086500000, 0x0000000086500000, 0x0000000086600000|  0%| F|  |TAMS 0x0000000086500000, 0x0000000086500000| Untracked 
| 102|0x0000000086600000, 0x0000000086600000, 0x0000000086700000|  0%| F|  |TAMS 0x0000000086600000, 0x0000000086600000| Untracked 
| 103|0x0000000086700000, 0x0000000086800000, 0x0000000086800000|100%| O|  |TAMS 0x0000000086800000, 0x0000000086700000| Untracked 
| 104|0x0000000086800000, 0x0000000086900000, 0x0000000086900000|100%| O|  |TAMS 0x0000000086900000, 0x0000000086800000| Untracked 
| 105|0x0000000086900000, 0x0000000086a00000, 0x0000000086a00000|100%| O|  |TAMS 0x0000000086a00000, 0x0000000086900000| Untracked 
| 106|0x0000000086a00000, 0x0000000086a00000, 0x0000000086b00000|  0%| F|  |TAMS 0x0000000086a00000, 0x0000000086a00000| Untracked 
| 107|0x0000000086b00000, 0x0000000086c00000, 0x0000000086c00000|100%| O|  |TAMS 0x0000000086c00000, 0x0000000086b00000| Untracked 
| 108|0x0000000086c00000, 0x0000000086d00000, 0x0000000086d00000|100%| O|  |TAMS 0x0000000086d00000, 0x0000000086c00000| Untracked 
| 109|0x0000000086d00000, 0x0000000086e00000, 0x0000000086e00000|100%| O|  |TAMS 0x0000000086e00000, 0x0000000086d00000| Untracked 
| 110|0x0000000086e00000, 0x0000000086f00000, 0x0000000086f00000|100%| O|  |TAMS 0x0000000086f00000, 0x0000000086e00000| Untracked 
| 111|0x0000000086f00000, 0x0000000087000000, 0x0000000087000000|100%| O|  |TAMS 0x0000000087000000, 0x0000000086f00000| Untracked 
| 112|0x0000000087000000, 0x0000000087100000, 0x0000000087100000|100%| O|  |TAMS 0x0000000087100000, 0x0000000087000000| Untracked 
| 113|0x0000000087100000, 0x0000000087200000, 0x0000000087200000|100%| O|  |TAMS 0x0000000087200000, 0x0000000087100000| Untracked 
| 114|0x0000000087200000, 0x0000000087300000, 0x0000000087300000|100%| O|  |TAMS 0x0000000087300000, 0x0000000087200000| Untracked 
| 115|0x0000000087300000, 0x0000000087400000, 0x0000000087400000|100%| O|  |TAMS 0x0000000087400000, 0x0000000087300000| Untracked 
| 116|0x0000000087400000, 0x0000000087500000, 0x0000000087500000|100%| O|  |TAMS 0x0000000087500000, 0x0000000087400000| Untracked 
| 117|0x0000000087500000, 0x0000000087600000, 0x0000000087600000|100%| O|  |TAMS 0x0000000087600000, 0x0000000087500000| Untracked 
| 118|0x0000000087600000, 0x0000000087700000, 0x0000000087700000|100%| O|  |TAMS 0x0000000087700000, 0x0000000087600000| Untracked 
| 119|0x0000000087700000, 0x0000000087800000, 0x0000000087800000|100%| O|  |TAMS 0x0000000087800000, 0x0000000087700000| Untracked 
| 120|0x0000000087800000, 0x0000000087900000, 0x0000000087900000|100%| O|  |TAMS 0x0000000087900000, 0x0000000087800000| Untracked 
| 121|0x0000000087900000, 0x0000000087a00000, 0x0000000087a00000|100%| O|  |TAMS 0x0000000087a00000, 0x0000000087900000| Untracked 
| 122|0x0000000087a00000, 0x0000000087b00000, 0x0000000087b00000|100%| O|  |TAMS 0x0000000087b00000, 0x0000000087a00000| Untracked 
| 123|0x0000000087b00000, 0x0000000087c00000, 0x0000000087c00000|100%| O|  |TAMS 0x0000000087c00000, 0x0000000087b00000| Untracked 
| 124|0x0000000087c00000, 0x0000000087c00000, 0x0000000087d00000|  0%| F|  |TAMS 0x0000000087c00000, 0x0000000087c00000| Untracked 
| 125|0x0000000087d00000, 0x0000000087d00000, 0x0000000087e00000|  0%| F|  |TAMS 0x0000000087d00000, 0x0000000087d00000| Untracked 
| 126|0x0000000087e00000, 0x0000000087f00000, 0x0000000087f00000|100%| O|  |TAMS 0x0000000087e00000, 0x0000000087e00000| Untracked 
| 127|0x0000000087f00000, 0x0000000088000000, 0x0000000088000000|100%| O|  |TAMS 0x0000000088000000, 0x0000000087f00000| Untracked 
| 128|0x0000000088000000, 0x0000000088100000, 0x0000000088100000|100%| O|  |TAMS 0x0000000088000000, 0x0000000088000000| Untracked 
| 129|0x0000000088100000, 0x0000000088200000, 0x0000000088200000|100%| O|  |TAMS 0x0000000088200000, 0x0000000088100000| Untracked 
| 130|0x0000000088200000, 0x0000000088300000, 0x0000000088300000|100%| O|  |TAMS 0x0000000088300000, 0x0000000088200000| Untracked 
| 131|0x0000000088300000, 0x0000000088400000, 0x0000000088400000|100%| O|  |TAMS 0x0000000088400000, 0x0000000088300000| Untracked 
| 132|0x0000000088400000, 0x0000000088500000, 0x0000000088500000|100%| O|  |TAMS 0x0000000088500000, 0x0000000088400000| Untracked 
| 133|0x0000000088500000, 0x0000000088600000, 0x0000000088600000|100%| O|  |TAMS 0x0000000088500000, 0x0000000088500000| Untracked 
| 134|0x0000000088600000, 0x0000000088700000, 0x0000000088700000|100%| O|  |TAMS 0x0000000088600000, 0x0000000088600000| Untracked 
| 135|0x0000000088700000, 0x0000000088800000, 0x0000000088800000|100%| O|  |TAMS 0x0000000088800000, 0x0000000088700000| Untracked 
| 136|0x0000000088800000, 0x0000000088900000, 0x0000000088900000|100%| O|  |TAMS 0x0000000088900000, 0x0000000088800000| Untracked 
| 137|0x0000000088900000, 0x0000000088a00000, 0x0000000088a00000|100%| O|  |TAMS 0x0000000088a00000, 0x0000000088900000| Untracked 
| 138|0x0000000088a00000, 0x0000000088b00000, 0x0000000088b00000|100%| O|  |TAMS 0x0000000088b00000, 0x0000000088a00000| Untracked 
| 139|0x0000000088b00000, 0x0000000088b4e000, 0x0000000088c00000| 30%| O|  |TAMS 0x0000000088b00000, 0x0000000088b00000| Untracked 
| 140|0x0000000088c00000, 0x0000000088c00000, 0x0000000088d00000|  0%| F|  |TAMS 0x0000000088c00000, 0x0000000088c00000| Untracked 
| 141|0x0000000088d00000, 0x0000000088d00000, 0x0000000088e00000|  0%| F|  |TAMS 0x0000000088d00000, 0x0000000088d00000| Untracked 
| 142|0x0000000088e00000, 0x0000000088e00000, 0x0000000088f00000|  0%| F|  |TAMS 0x0000000088e00000, 0x0000000088e00000| Untracked 
| 143|0x0000000088f00000, 0x0000000089000000, 0x0000000089000000|100%| O|  |TAMS 0x0000000089000000, 0x0000000088f00000| Untracked 
| 144|0x0000000089000000, 0x0000000089100000, 0x0000000089100000|100%| O|  |TAMS 0x0000000089100000, 0x0000000089000000| Untracked 
| 145|0x0000000089100000, 0x0000000089200000, 0x0000000089200000|100%| O|  |TAMS 0x0000000089200000, 0x0000000089100000| Untracked 
| 146|0x0000000089200000, 0x0000000089300000, 0x0000000089300000|100%| O|  |TAMS 0x0000000089300000, 0x0000000089200000| Untracked 
| 147|0x0000000089300000, 0x0000000089400000, 0x0000000089400000|100%| O|  |TAMS 0x0000000089400000, 0x0000000089300000| Untracked 
| 148|0x0000000089400000, 0x0000000089500000, 0x0000000089500000|100%| O|  |TAMS 0x00000000894f7e00, 0x0000000089400000| Untracked 
| 149|0x0000000089500000, 0x0000000089600000, 0x0000000089600000|100%|HS|  |TAMS 0x0000000089500000, 0x0000000089500000| Complete 
| 150|0x0000000089600000, 0x0000000089700000, 0x0000000089700000|100%|HC|  |TAMS 0x0000000089600000, 0x0000000089600000| Complete 
| 151|0x0000000089700000, 0x0000000089800000, 0x0000000089800000|100%|HC|  |TAMS 0x0000000089700000, 0x0000000089700000| Complete 
| 152|0x0000000089800000, 0x0000000089900000, 0x0000000089900000|100%|HC|  |TAMS 0x0000000089800000, 0x0000000089800000| Complete 
| 153|0x0000000089900000, 0x0000000089900000, 0x0000000089a00000|  0%| F|  |TAMS 0x0000000089900000, 0x0000000089900000| Untracked 
| 154|0x0000000089a00000, 0x0000000089a00000, 0x0000000089b00000|  0%| F|  |TAMS 0x0000000089a00000, 0x0000000089a00000| Untracked 
| 155|0x0000000089b00000, 0x0000000089b00000, 0x0000000089c00000|  0%| F|  |TAMS 0x0000000089b00000, 0x0000000089b00000| Untracked 
| 156|0x0000000089c00000, 0x0000000089c00000, 0x0000000089d00000|  0%| F|  |TAMS 0x0000000089c00000, 0x0000000089c00000| Untracked 
| 157|0x0000000089d00000, 0x0000000089d00000, 0x0000000089e00000|  0%| F|  |TAMS 0x0000000089d00000, 0x0000000089d00000| Untracked 
| 158|0x0000000089e00000, 0x0000000089e00000, 0x0000000089f00000|  0%| F|  |TAMS 0x0000000089e00000, 0x0000000089e00000| Untracked 
| 159|0x0000000089f00000, 0x0000000089f00000, 0x000000008a000000|  0%| F|  |TAMS 0x0000000089f00000, 0x0000000089f00000| Untracked 
| 160|0x000000008a000000, 0x000000008a000000, 0x000000008a100000|  0%| F|  |TAMS 0x000000008a000000, 0x000000008a000000| Untracked 
| 161|0x000000008a100000, 0x000000008a100000, 0x000000008a200000|  0%| F|  |TAMS 0x000000008a100000, 0x000000008a100000| Untracked 
| 162|0x000000008a200000, 0x000000008a200000, 0x000000008a300000|  0%| F|  |TAMS 0x000000008a200000, 0x000000008a200000| Untracked 
| 163|0x000000008a300000, 0x000000008a300000, 0x000000008a400000|  0%| F|  |TAMS 0x000000008a300000, 0x000000008a300000| Untracked 
| 164|0x000000008a400000, 0x000000008a400000, 0x000000008a500000|  0%| F|  |TAMS 0x000000008a400000, 0x000000008a400000| Untracked 
| 165|0x000000008a500000, 0x000000008a500000, 0x000000008a600000|  0%| F|  |TAMS 0x000000008a500000, 0x000000008a500000| Untracked 
| 166|0x000000008a600000, 0x000000008a600000, 0x000000008a700000|  0%| F|  |TAMS 0x000000008a600000, 0x000000008a600000| Untracked 
| 167|0x000000008a700000, 0x000000008a700000, 0x000000008a800000|  0%| F|  |TAMS 0x000000008a700000, 0x000000008a700000| Untracked 
| 168|0x000000008a800000, 0x000000008a800000, 0x000000008a900000|  0%| F|  |TAMS 0x000000008a800000, 0x000000008a800000| Untracked 
| 169|0x000000008a900000, 0x000000008a900000, 0x000000008aa00000|  0%| F|  |TAMS 0x000000008a900000, 0x000000008a900000| Untracked 
| 170|0x000000008aa00000, 0x000000008aa00000, 0x000000008ab00000|  0%| F|  |TAMS 0x000000008aa00000, 0x000000008aa00000| Untracked 
| 171|0x000000008ab00000, 0x000000008ab00000, 0x000000008ac00000|  0%| F|  |TAMS 0x000000008ab00000, 0x000000008ab00000| Untracked 
| 172|0x000000008ac00000, 0x000000008ac00000, 0x000000008ad00000|  0%| F|  |TAMS 0x000000008ac00000, 0x000000008ac00000| Untracked 
| 173|0x000000008ad00000, 0x000000008ad00000, 0x000000008ae00000|  0%| F|  |TAMS 0x000000008ad00000, 0x000000008ad00000| Untracked 
| 174|0x000000008ae00000, 0x000000008ae00000, 0x000000008af00000|  0%| F|  |TAMS 0x000000008ae00000, 0x000000008ae00000| Untracked 
| 175|0x000000008af00000, 0x000000008af00000, 0x000000008b000000|  0%| F|  |TAMS 0x000000008af00000, 0x000000008af00000| Untracked 
| 176|0x000000008b000000, 0x000000008b000000, 0x000000008b100000|  0%| F|  |TAMS 0x000000008b000000, 0x000000008b000000| Untracked 
| 177|0x000000008b100000, 0x000000008b100000, 0x000000008b200000|  0%| F|  |TAMS 0x000000008b100000, 0x000000008b100000| Untracked 
| 178|0x000000008b200000, 0x000000008b200000, 0x000000008b300000|  0%| F|  |TAMS 0x000000008b200000, 0x000000008b200000| Untracked 
| 179|0x000000008b300000, 0x000000008b300000, 0x000000008b400000|  0%| F|  |TAMS 0x000000008b300000, 0x000000008b300000| Untracked 
| 180|0x000000008b400000, 0x000000008b400000, 0x000000008b500000|  0%| F|  |TAMS 0x000000008b400000, 0x000000008b400000| Untracked 
| 181|0x000000008b500000, 0x000000008b500000, 0x000000008b600000|  0%| F|  |TAMS 0x000000008b500000, 0x000000008b500000| Untracked 
| 182|0x000000008b600000, 0x000000008b600000, 0x000000008b700000|  0%| F|  |TAMS 0x000000008b600000, 0x000000008b600000| Untracked 
| 183|0x000000008b700000, 0x000000008b700000, 0x000000008b800000|  0%| F|  |TAMS 0x000000008b700000, 0x000000008b700000| Untracked 
| 184|0x000000008b800000, 0x000000008b800000, 0x000000008b900000|  0%| F|  |TAMS 0x000000008b800000, 0x000000008b800000| Untracked 
| 185|0x000000008b900000, 0x000000008b900000, 0x000000008ba00000|  0%| F|  |TAMS 0x000000008b900000, 0x000000008b900000| Untracked 
| 186|0x000000008ba00000, 0x000000008ba00000, 0x000000008bb00000|  0%| F|  |TAMS 0x000000008ba00000, 0x000000008ba00000| Untracked 
| 187|0x000000008bb00000, 0x000000008bb00000, 0x000000008bc00000|  0%| F|  |TAMS 0x000000008bb00000, 0x000000008bb00000| Untracked 
| 188|0x000000008bc00000, 0x000000008bc00000, 0x000000008bd00000|  0%| F|  |TAMS 0x000000008bc00000, 0x000000008bc00000| Untracked 
| 189|0x000000008bd00000, 0x000000008bd00000, 0x000000008be00000|  0%| F|  |TAMS 0x000000008bd00000, 0x000000008bd00000| Untracked 
| 190|0x000000008be00000, 0x000000008be00000, 0x000000008bf00000|  0%| F|  |TAMS 0x000000008be00000, 0x000000008be00000| Untracked 
| 191|0x000000008bf00000, 0x000000008bf00000, 0x000000008c000000|  0%| F|  |TAMS 0x000000008bf00000, 0x000000008bf00000| Untracked 
| 192|0x000000008c000000, 0x000000008c000000, 0x000000008c100000|  0%| F|  |TAMS 0x000000008c000000, 0x000000008c000000| Untracked 
| 193|0x000000008c100000, 0x000000008c100000, 0x000000008c200000|  0%| F|  |TAMS 0x000000008c100000, 0x000000008c100000| Untracked 
| 194|0x000000008c200000, 0x000000008c200000, 0x000000008c300000|  0%| F|  |TAMS 0x000000008c200000, 0x000000008c200000| Untracked 
| 195|0x000000008c300000, 0x000000008c300000, 0x000000008c400000|  0%| F|  |TAMS 0x000000008c300000, 0x000000008c300000| Untracked 
| 196|0x000000008c400000, 0x000000008c400000, 0x000000008c500000|  0%| F|  |TAMS 0x000000008c400000, 0x000000008c400000| Untracked 
| 197|0x000000008c500000, 0x000000008c5b94c8, 0x000000008c600000| 72%| S|CS|TAMS 0x000000008c500000, 0x000000008c500000| Complete 
| 198|0x000000008c600000, 0x000000008c700000, 0x000000008c700000|100%| S|CS|TAMS 0x000000008c600000, 0x000000008c600000| Complete 
| 199|0x000000008c700000, 0x000000008c800000, 0x000000008c800000|100%| S|CS|TAMS 0x000000008c700000, 0x000000008c700000| Complete 
| 200|0x000000008c800000, 0x000000008c900000, 0x000000008c900000|100%| S|CS|TAMS 0x000000008c800000, 0x000000008c800000| Complete 
| 201|0x000000008c900000, 0x000000008c900000, 0x000000008ca00000|  0%| F|  |TAMS 0x000000008c900000, 0x000000008c900000| Untracked 
| 202|0x000000008ca00000, 0x000000008ca00000, 0x000000008cb00000|  0%| F|  |TAMS 0x000000008ca00000, 0x000000008ca00000| Untracked 
| 203|0x000000008cb00000, 0x000000008cb00000, 0x000000008cc00000|  0%| F|  |TAMS 0x000000008cb00000, 0x000000008cb00000| Untracked 
| 204|0x000000008cc00000, 0x000000008cc00000, 0x000000008cd00000|  0%| F|  |TAMS 0x000000008cc00000, 0x000000008cc00000| Untracked 
| 205|0x000000008cd00000, 0x000000008cd00000, 0x000000008ce00000|  0%| F|  |TAMS 0x000000008cd00000, 0x000000008cd00000| Untracked 
| 206|0x000000008ce00000, 0x000000008ce00000, 0x000000008cf00000|  0%| F|  |TAMS 0x000000008ce00000, 0x000000008ce00000| Untracked 
| 207|0x000000008cf00000, 0x000000008cf00000, 0x000000008d000000|  0%| F|  |TAMS 0x000000008cf00000, 0x000000008cf00000| Untracked 
| 208|0x000000008d000000, 0x000000008d000000, 0x000000008d100000|  0%| F|  |TAMS 0x000000008d000000, 0x000000008d000000| Untracked 
| 209|0x000000008d100000, 0x000000008d100000, 0x000000008d200000|  0%| F|  |TAMS 0x000000008d100000, 0x000000008d100000| Untracked 
| 210|0x000000008d200000, 0x000000008d200000, 0x000000008d300000|  0%| F|  |TAMS 0x000000008d200000, 0x000000008d200000| Untracked 
| 211|0x000000008d300000, 0x000000008d300000, 0x000000008d400000|  0%| F|  |TAMS 0x000000008d300000, 0x000000008d300000| Untracked 
| 212|0x000000008d400000, 0x000000008d400000, 0x000000008d500000|  0%| F|  |TAMS 0x000000008d400000, 0x000000008d400000| Untracked 
| 213|0x000000008d500000, 0x000000008d500000, 0x000000008d600000|  0%| F|  |TAMS 0x000000008d500000, 0x000000008d500000| Untracked 
| 214|0x000000008d600000, 0x000000008d600000, 0x000000008d700000|  0%| F|  |TAMS 0x000000008d600000, 0x000000008d600000| Untracked 
| 215|0x000000008d700000, 0x000000008d700000, 0x000000008d800000|  0%| F|  |TAMS 0x000000008d700000, 0x000000008d700000| Untracked 
| 216|0x000000008d800000, 0x000000008d800000, 0x000000008d900000|  0%| F|  |TAMS 0x000000008d800000, 0x000000008d800000| Untracked 
| 217|0x000000008d900000, 0x000000008d900000, 0x000000008da00000|  0%| F|  |TAMS 0x000000008d900000, 0x000000008d900000| Untracked 
| 218|0x000000008da00000, 0x000000008da00000, 0x000000008db00000|  0%| F|  |TAMS 0x000000008da00000, 0x000000008da00000| Untracked 
| 219|0x000000008db00000, 0x000000008db00000, 0x000000008dc00000|  0%| F|  |TAMS 0x000000008db00000, 0x000000008db00000| Untracked 
| 220|0x000000008dc00000, 0x000000008dc00000, 0x000000008dd00000|  0%| F|  |TAMS 0x000000008dc00000, 0x000000008dc00000| Untracked 
| 221|0x000000008dd00000, 0x000000008dd00000, 0x000000008de00000|  0%| F|  |TAMS 0x000000008dd00000, 0x000000008dd00000| Untracked 
| 222|0x000000008de00000, 0x000000008de00000, 0x000000008df00000|  0%| F|  |TAMS 0x000000008de00000, 0x000000008de00000| Untracked 
| 223|0x000000008df00000, 0x000000008df00000, 0x000000008e000000|  0%| F|  |TAMS 0x000000008df00000, 0x000000008df00000| Untracked 
| 224|0x000000008e000000, 0x000000008e000000, 0x000000008e100000|  0%| F|  |TAMS 0x000000008e000000, 0x000000008e000000| Untracked 
| 225|0x000000008e100000, 0x000000008e100000, 0x000000008e200000|  0%| F|  |TAMS 0x000000008e100000, 0x000000008e100000| Untracked 
| 226|0x000000008e200000, 0x000000008e200000, 0x000000008e300000|  0%| F|  |TAMS 0x000000008e200000, 0x000000008e200000| Untracked 
| 227|0x000000008e300000, 0x000000008e300000, 0x000000008e400000|  0%| F|  |TAMS 0x000000008e300000, 0x000000008e300000| Untracked 
| 228|0x000000008e400000, 0x000000008e400000, 0x000000008e500000|  0%| F|  |TAMS 0x000000008e400000, 0x000000008e400000| Untracked 
| 229|0x000000008e500000, 0x000000008e500000, 0x000000008e600000|  0%| F|  |TAMS 0x000000008e500000, 0x000000008e500000| Untracked 
| 230|0x000000008e600000, 0x000000008e600000, 0x000000008e700000|  0%| F|  |TAMS 0x000000008e600000, 0x000000008e600000| Untracked 
| 231|0x000000008e700000, 0x000000008e700000, 0x000000008e800000|  0%| F|  |TAMS 0x000000008e700000, 0x000000008e700000| Untracked 
| 232|0x000000008e800000, 0x000000008e800000, 0x000000008e900000|  0%| F|  |TAMS 0x000000008e800000, 0x000000008e800000| Untracked 
| 233|0x000000008e900000, 0x000000008e900000, 0x000000008ea00000|  0%| F|  |TAMS 0x000000008e900000, 0x000000008e900000| Untracked 
| 234|0x000000008ea00000, 0x000000008ea00000, 0x000000008eb00000|  0%| F|  |TAMS 0x000000008ea00000, 0x000000008ea00000| Untracked 
| 235|0x000000008eb00000, 0x000000008eb00000, 0x000000008ec00000|  0%| F|  |TAMS 0x000000008eb00000, 0x000000008eb00000| Untracked 
| 236|0x000000008ec00000, 0x000000008ec00000, 0x000000008ed00000|  0%| F|  |TAMS 0x000000008ec00000, 0x000000008ec00000| Untracked 
| 237|0x000000008ed00000, 0x000000008ed00000, 0x000000008ee00000|  0%| F|  |TAMS 0x000000008ed00000, 0x000000008ed00000| Untracked 
| 238|0x000000008ee00000, 0x000000008ee00000, 0x000000008ef00000|  0%| F|  |TAMS 0x000000008ee00000, 0x000000008ee00000| Untracked 
| 239|0x000000008ef00000, 0x000000008ef00000, 0x000000008f000000|  0%| F|  |TAMS 0x000000008ef00000, 0x000000008ef00000| Untracked 
| 240|0x000000008f000000, 0x000000008f000000, 0x000000008f100000|  0%| F|  |TAMS 0x000000008f000000, 0x000000008f000000| Untracked 
| 241|0x000000008f100000, 0x000000008f100000, 0x000000008f200000|  0%| F|  |TAMS 0x000000008f100000, 0x000000008f100000| Untracked 
| 242|0x000000008f200000, 0x000000008f200000, 0x000000008f300000|  0%| F|  |TAMS 0x000000008f200000, 0x000000008f200000| Untracked 
| 243|0x000000008f300000, 0x000000008f300000, 0x000000008f400000|  0%| F|  |TAMS 0x000000008f300000, 0x000000008f300000| Untracked 
| 244|0x000000008f400000, 0x000000008f400000, 0x000000008f500000|  0%| F|  |TAMS 0x000000008f400000, 0x000000008f400000| Untracked 
| 245|0x000000008f500000, 0x000000008f500000, 0x000000008f600000|  0%| F|  |TAMS 0x000000008f500000, 0x000000008f500000| Untracked 
| 246|0x000000008f600000, 0x000000008f600000, 0x000000008f700000|  0%| F|  |TAMS 0x000000008f600000, 0x000000008f600000| Untracked 
| 247|0x000000008f700000, 0x000000008f700000, 0x000000008f800000|  0%| F|  |TAMS 0x000000008f700000, 0x000000008f700000| Untracked 
| 248|0x000000008f800000, 0x000000008f800000, 0x000000008f900000|  0%| F|  |TAMS 0x000000008f800000, 0x000000008f800000| Untracked 
| 249|0x000000008f900000, 0x000000008f900000, 0x000000008fa00000|  0%| F|  |TAMS 0x000000008f900000, 0x000000008f900000| Untracked 
| 250|0x000000008fa00000, 0x000000008fa00000, 0x000000008fb00000|  0%| F|  |TAMS 0x000000008fa00000, 0x000000008fa00000| Untracked 
| 251|0x000000008fb00000, 0x000000008fb00000, 0x000000008fc00000|  0%| F|  |TAMS 0x000000008fb00000, 0x000000008fb00000| Untracked 
| 252|0x000000008fc00000, 0x000000008fc00000, 0x000000008fd00000|  0%| F|  |TAMS 0x000000008fc00000, 0x000000008fc00000| Untracked 
| 253|0x000000008fd00000, 0x000000008fd00000, 0x000000008fe00000|  0%| F|  |TAMS 0x000000008fd00000, 0x000000008fd00000| Untracked 
| 254|0x000000008fe00000, 0x000000008fe00000, 0x000000008ff00000|  0%| F|  |TAMS 0x000000008fe00000, 0x000000008fe00000| Untracked 
| 255|0x000000008ff00000, 0x000000008ff00000, 0x0000000090000000|  0%| F|  |TAMS 0x000000008ff00000, 0x000000008ff00000| Untracked 
| 256|0x0000000090000000, 0x0000000090000000, 0x0000000090100000|  0%| F|  |TAMS 0x0000000090000000, 0x0000000090000000| Untracked 
| 257|0x0000000090100000, 0x0000000090100000, 0x0000000090200000|  0%| F|  |TAMS 0x0000000090100000, 0x0000000090100000| Untracked 
| 258|0x0000000090200000, 0x0000000090200000, 0x0000000090300000|  0%| F|  |TAMS 0x0000000090200000, 0x0000000090200000| Untracked 
| 259|0x0000000090300000, 0x0000000090300000, 0x0000000090400000|  0%| F|  |TAMS 0x0000000090300000, 0x0000000090300000| Untracked 
| 260|0x0000000090400000, 0x0000000090400000, 0x0000000090500000|  0%| F|  |TAMS 0x0000000090400000, 0x0000000090400000| Untracked 
| 261|0x0000000090500000, 0x0000000090500000, 0x0000000090600000|  0%| F|  |TAMS 0x0000000090500000, 0x0000000090500000| Untracked 
| 262|0x0000000090600000, 0x0000000090600000, 0x0000000090700000|  0%| F|  |TAMS 0x0000000090600000, 0x0000000090600000| Untracked 
| 263|0x0000000090700000, 0x0000000090700000, 0x0000000090800000|  0%| F|  |TAMS 0x0000000090700000, 0x0000000090700000| Untracked 
| 264|0x0000000090800000, 0x0000000090800000, 0x0000000090900000|  0%| F|  |TAMS 0x0000000090800000, 0x0000000090800000| Untracked 
| 265|0x0000000090900000, 0x0000000090900000, 0x0000000090a00000|  0%| F|  |TAMS 0x0000000090900000, 0x0000000090900000| Untracked 
| 266|0x0000000090a00000, 0x0000000090a00000, 0x0000000090b00000|  0%| F|  |TAMS 0x0000000090a00000, 0x0000000090a00000| Untracked 
| 267|0x0000000090b00000, 0x0000000090b00000, 0x0000000090c00000|  0%| F|  |TAMS 0x0000000090b00000, 0x0000000090b00000| Untracked 
| 268|0x0000000090c00000, 0x0000000090c00000, 0x0000000090d00000|  0%| F|  |TAMS 0x0000000090c00000, 0x0000000090c00000| Untracked 

Card table byte_map: [0x000002caf6450000,0x000002caf6850000] _byte_map_base: 0x000002caf6050000

Marking Bits (Prev, Next): (CMBitMap*) 0x000002caed8b8c38, (CMBitMap*) 0x000002caed8b8c70
 Prev Bits: [0x000002caf6c50000, 0x000002caf8c50000)
 Next Bits: [0x000002caf8c50000, 0x000002cafac50000)

Polling page: 0x000002caeb860000

Metaspace:

Usage:
  Non-class:     81.85 MB capacity,    80.24 MB ( 98%) used,     1.36 MB (  2%) free+waste,   266.75 KB ( <1%) overhead. 
      Class:     12.60 MB capacity,    11.68 MB ( 93%) used,   822.09 KB (  6%) free+waste,   120.56 KB ( <1%) overhead. 
       Both:     94.45 MB capacity,    91.91 MB ( 97%) used,     2.16 MB (  2%) free+waste,   387.31 KB ( <1%) overhead. 

Virtual space:
  Non-class space:       84.00 MB reserved,      82.08 MB ( 98%) committed 
      Class space:        1.00 GB reserved,      12.88 MB (  1%) committed 
             Both:        1.08 GB reserved,      94.95 MB (  9%) committed 

Chunk freelists:
   Non-Class:  20.63 KB
       Class:  23.75 KB
        Both:  44.38 KB

CodeHeap 'non-profiled nmethods': size=120000Kb used=7835Kb max_used=7835Kb free=112164Kb
 bounds [0x000002ca87ad0000, 0x000002ca88280000, 0x000002ca8f000000]
CodeHeap 'profiled nmethods': size=120000Kb used=32091Kb max_used=32091Kb free=87908Kb
 bounds [0x000002ca805a0000, 0x000002ca82500000, 0x000002ca87ad0000]
CodeHeap 'non-nmethods': size=5760Kb used=2291Kb max_used=2350Kb free=3468Kb
 bounds [0x000002ca80000000, 0x000002ca80270000, 0x000002ca805a0000]
 total_blobs=15164 nmethods=14275 adapters=798
 compilation: enabled
              stopped_count=0, restarted_count=0
 full_count=0

Compilation events (10 events):
Event: 66.481 Thread 0x000002cafd6b4800 nmethod 14599 0x000002ca824f0b90 code [0x000002ca824f0d40, 0x000002ca824f0f58]
Event: 66.481 Thread 0x000002cafd6b4800 14597       2       com.android.tools.r8.ir.conversion.E::a (489 bytes)
Event: 66.482 Thread 0x000002cafd6b4800 nmethod 14597 0x000002ca824f1110 code [0x000002ca824f1460, 0x000002ca824f2468]
Event: 66.482 Thread 0x000002cafd6b4800 14601 %     3       com.android.tools.r8.ir.regalloc.j::b @ 130 (207 bytes)
Event: 66.484 Thread 0x000002cafd6b4800 nmethod 14601% 0x000002ca824f2f90 code [0x000002ca824f3360, 0x000002ca824f51e8]
Event: 66.484 Thread 0x000002cafd6b4800 14600       2       com.android.tools.r8.dex.r::a (63 bytes)
Event: 66.485 Thread 0x000002cafd6b4800 nmethod 14600 0x000002ca824f5b90 code [0x000002ca824f5d60, 0x000002ca824f5f98]
Event: 66.485 Thread 0x000002cafd6b4800 14604       2       com.android.tools.r8.v.a.a.a.h.X::put (306 bytes)
Event: 66.485 Thread 0x000002cafd6b4800 nmethod 14604 0x000002ca824f6110 code [0x000002ca824f6340, 0x000002ca824f6b38]
Event: 66.485 Thread 0x000002cafd6b4800 14611       2       com.android.tools.r8.dex.r::a (25 bytes)

GC Heap History (10 events):
Event: 65.705 GC heap after
{Heap after GC invocations=37 (full 0):
 garbage-first heap   total 187392K, used 142397K [0x0000000080000000, 0x0000000100000000)
  region size 1024K, 2 young (2048K), 2 survivors (2048K)
 Metaspace       used 93263K, capacity 95836K, committed 96336K, reserved 1132544K
  class space    used 11929K, capacity 12849K, committed 13056K, reserved 1048576K
}
Event: 65.761 GC heap before
{Heap before GC invocations=37 (full 0):
 garbage-first heap   total 187392K, used 158781K [0x0000000080000000, 0x0000000100000000)
  region size 1024K, 17 young (17408K), 2 survivors (2048K)
 Metaspace       used 93400K, capacity 95917K, committed 96336K, reserved 1132544K
  class space    used 11932K, capacity 12851K, committed 13056K, reserved 1048576K
}
Event: 65.767 GC heap after
{Heap after GC invocations=38 (full 0):
 garbage-first heap   total 275456K, used 144307K [0x0000000080000000, 0x0000000100000000)
  region size 1024K, 2 young (2048K), 2 survivors (2048K)
 Metaspace       used 93400K, capacity 95917K, committed 96336K, reserved 1132544K
  class space    used 11932K, capacity 12851K, committed 13056K, reserved 1048576K
}
Event: 66.037 GC heap before
{Heap before GC invocations=39 (full 0):
 garbage-first heap   total 275456K, used 200627K [0x0000000080000000, 0x0000000100000000)
  region size 1024K, 57 young (58368K), 2 survivors (2048K)
 Metaspace       used 93737K, capacity 96237K, committed 96848K, reserved 1132544K
  class space    used 11937K, capacity 12850K, committed 13056K, reserved 1048576K
}
Event: 66.044 GC heap after
{Heap after GC invocations=40 (full 0):
 garbage-first heap   total 275456K, used 147743K [0x0000000080000000, 0x0000000100000000)
  region size 1024K, 5 young (5120K), 5 survivors (5120K)
 Metaspace       used 93737K, capacity 96237K, committed 96848K, reserved 1132544K
  class space    used 11937K, capacity 12850K, committed 13056K, reserved 1048576K
}
Event: 66.067 GC heap before
{Heap before GC invocations=40 (full 0):
 garbage-first heap   total 275456K, used 155935K [0x0000000080000000, 0x0000000100000000)
  region size 1024K, 13 young (13312K), 5 survivors (5120K)
 Metaspace       used 93738K, capacity 96237K, committed 96848K, reserved 1132544K
  class space    used 11937K, capacity 12850K, committed 13056K, reserved 1048576K
}
Event: 66.076 GC heap after
{Heap after GC invocations=41 (full 0):
 garbage-first heap   total 275456K, used 140532K [0x0000000080000000, 0x0000000100000000)
  region size 1024K, 2 young (2048K), 2 survivors (2048K)
 Metaspace       used 93738K, capacity 96237K, committed 96848K, reserved 1132544K
  class space    used 11937K, capacity 12850K, committed 13056K, reserved 1048576K
}
Event: 66.236 GC heap before
{Heap before GC invocations=41 (full 0):
 garbage-first heap   total 275456K, used 202996K [0x0000000080000000, 0x0000000100000000)
  region size 1024K, 63 young (64512K), 2 survivors (2048K)
 Metaspace       used 93802K, capacity 96380K, committed 96976K, reserved 1132544K
  class space    used 11954K, capacity 12898K, committed 13184K, reserved 1048576K
}
Event: 66.241 GC heap after
{Heap after GC invocations=42 (full 0):
 garbage-first heap   total 275456K, used 145324K [0x0000000080000000, 0x0000000100000000)
  region size 1024K, 5 young (5120K), 5 survivors (5120K)
 Metaspace       used 93802K, capacity 96380K, committed 96976K, reserved 1132544K
  class space    used 11954K, capacity 12898K, committed 13184K, reserved 1048576K
}
Event: 66.485 GC heap before
{Heap before GC invocations=42 (full 0):
 garbage-first heap   total 275456K, used 212908K [0x0000000080000000, 0x0000000100000000)
  region size 1024K, 68 young (69632K), 5 survivors (5120K)
 Metaspace       used 94119K, capacity 96717K, committed 97232K, reserved 1134592K
  class space    used 11955K, capacity 12898K, committed 13184K, reserved 1048576K
}

Deoptimization events (10 events):
Event: 66.095 Thread 0x000002ca8fd0c800 Uncommon trap: reason=null_check action=make_not_entrant pc=0x000002ca8817f630 method=com.android.tools.r8.graph.e0.computeEquals(Ljava/lang/Object;)Z @ 1 c2
Event: 66.095 Thread 0x000002ca8fd0c800 Uncommon trap: reason=unstable_if action=reinterpret pc=0x000002ca87c13ec8 method=java.util.Objects.equals(Ljava/lang/Object;Ljava/lang/Object;)Z @ 6 c2
Event: 66.185 Thread 0x000002ca8fd0a800 Uncommon trap: reason=class_check action=maybe_recompile pc=0x000002ca8823fc8c method=com.android.tools.r8.u.b.h0.C2()Lcom/android/tools/r8/u/b/o1; @ 4 c2
Event: 66.185 Thread 0x000002ca8fd0a800 Uncommon trap: reason=class_check action=maybe_recompile pc=0x000002ca8823fc8c method=com.android.tools.r8.u.b.h0.C2()Lcom/android/tools/r8/u/b/o1; @ 4 c2
Event: 66.185 Thread 0x000002ca8fd0a800 Uncommon trap: reason=class_check action=maybe_recompile pc=0x000002ca8823fc8c method=com.android.tools.r8.u.b.h0.C2()Lcom/android/tools/r8/u/b/o1; @ 4 c2
Event: 66.197 Thread 0x000002ca91ebe800 Uncommon trap: reason=class_check action=maybe_recompile pc=0x000002ca8823d7f4 method=com.android.tools.r8.u.b.h0.C2()Lcom/android/tools/r8/u/b/o1; @ 4 c2
Event: 66.197 Thread 0x000002ca91ebe800 Uncommon trap: reason=class_check action=maybe_recompile pc=0x000002ca8823fc8c method=com.android.tools.r8.u.b.h0.C2()Lcom/android/tools/r8/u/b/o1; @ 4 c2
Event: 66.231 Thread 0x000002ca8fd0a800 Uncommon trap: reason=class_check action=maybe_recompile pc=0x000002ca8823e010 method=java.util.Collections$SetFromMap.isEmpty()Z @ 4 c2
Event: 66.248 Thread 0x000002ca8fd0a800 Uncommon trap: reason=array_check action=maybe_recompile pc=0x000002ca88236508 method=java.util.TimSort.mergeLo(IIII)V @ 81 c2
Event: 66.267 Thread 0x000002ca8fd0c800 Uncommon trap: reason=unstable_if action=reinterpret pc=0x000002ca88231d5c method=java.util.TimSort.mergeHi(IIII)V @ 529 c2

Classes redefined (0 events):
No events

Internal exceptions (10 events):
Event: 66.362 Thread 0x000002ca8fd0a800 Exception <a 'sun/nio/fs/WindowsException'{0x000000008e9a80b8}> (0x000000008e9a80b8) thrown at [./open/src/hotspot/share/prims/jni.cpp, line 611]
Event: 66.365 Thread 0x000002ca8fd0a800 Exception <a 'sun/nio/fs/WindowsException'{0x000000008e9b7b08}> (0x000000008e9b7b08) thrown at [./open/src/hotspot/share/prims/jni.cpp, line 611]
Event: 66.367 Thread 0x000002ca8fd0a800 Exception <a 'sun/nio/fs/WindowsException'{0x000000008e9bf098}> (0x000000008e9bf098) thrown at [./open/src/hotspot/share/prims/jni.cpp, line 611]
Event: 66.369 Thread 0x000002ca8fd0a800 Exception <a 'sun/nio/fs/WindowsException'{0x000000008e244f28}> (0x000000008e244f28) thrown at [./open/src/hotspot/share/prims/jni.cpp, line 611]
Event: 66.373 Thread 0x000002ca8fd0a800 Exception <a 'sun/nio/fs/WindowsException'{0x000000008e24acf0}> (0x000000008e24acf0) thrown at [./open/src/hotspot/share/prims/jni.cpp, line 611]
Event: 66.375 Thread 0x000002ca8fd0a800 Exception <a 'sun/nio/fs/WindowsException'{0x000000008e250aa0}> (0x000000008e250aa0) thrown at [./open/src/hotspot/share/prims/jni.cpp, line 611]
Event: 66.377 Thread 0x000002ca8fd0a800 Exception <a 'sun/nio/fs/WindowsException'{0x000000008e256be8}> (0x000000008e256be8) thrown at [./open/src/hotspot/share/prims/jni.cpp, line 611]
Event: 66.379 Thread 0x000002ca8fd0a800 Exception <a 'sun/nio/fs/WindowsException'{0x000000008e25c8e8}> (0x000000008e25c8e8) thrown at [./open/src/hotspot/share/prims/jni.cpp, line 611]
Event: 66.381 Thread 0x000002ca8fd0a800 Exception <a 'sun/nio/fs/WindowsException'{0x000000008e2677e8}> (0x000000008e2677e8) thrown at [./open/src/hotspot/share/prims/jni.cpp, line 611]
Event: 66.383 Thread 0x000002ca8fd0a800 Exception <a 'sun/nio/fs/WindowsException'{0x000000008e26e0d0}> (0x000000008e26e0d0) thrown at [./open/src/hotspot/share/prims/jni.cpp, line 611]

Events (10 events):
Event: 66.357 Executing VM operation: ICBufferFull done
Event: 66.366 Thread 0x000002ca8fd0a800 DEOPT PACKING pc=0x000002ca81df009c sp=0x000000dbb0dfce70
Event: 66.366 Thread 0x000002ca8fd0a800 DEOPT UNPACKING pc=0x000002ca800276ce sp=0x000000dbb0dfc410 mode 0
Event: 66.389 Thread 0x000002ca8fd0c800 DEOPT PACKING pc=0x000002ca8245f771 sp=0x000000dbb16feea0
Event: 66.389 Thread 0x000002ca8fd0c800 DEOPT UNPACKING pc=0x000002ca800276ce sp=0x000000dbb16fe390 mode 0
Event: 66.391 Thread 0x000002ca8fd0c800 DEOPT PACKING pc=0x000002ca8245f771 sp=0x000000dbb16fed80
Event: 66.391 Thread 0x000002ca8fd0c800 DEOPT UNPACKING pc=0x000002ca800276ce sp=0x000000dbb16fe250 mode 0
Event: 66.421 Thread 0x000002ca91ebe800 DEOPT PACKING pc=0x000002ca8220d734 sp=0x000000dbb0afcd80
Event: 66.421 Thread 0x000002ca91ebe800 DEOPT UNPACKING pc=0x000002ca800276ce sp=0x000000dbb0afc410 mode 0
Event: 66.485 Executing VM operation: G1CollectForAllocation


Dynamic libraries:
0x00007ff6f7460000 - 0x00007ff6f746f000 	C:\Program Files\Java\jdk-11.0.10\bin\java.exe
0x00007ffe65890000 - 0x00007ffe65a85000 	C:\WINDOWS\SYSTEM32\ntdll.dll
0x00007ffe65550000 - 0x00007ffe6560d000 	C:\WINDOWS\System32\KERNEL32.DLL
0x00007ffe63270000 - 0x00007ffe6353d000 	C:\WINDOWS\System32\KERNELBASE.dll
0x00007ffe63040000 - 0x00007ffe63140000 	C:\WINDOWS\System32\ucrtbase.dll
0x00007ffe387c0000 - 0x00007ffe387d8000 	C:\Program Files\Java\jdk-11.0.10\bin\jli.dll
0x00007ffe37d70000 - 0x00007ffe37d85000 	C:\Program Files\Java\jdk-11.0.10\bin\VCRUNTIME140.dll
0x00007ffe648d0000 - 0x00007ffe6497e000 	C:\WINDOWS\System32\ADVAPI32.dll
0x00007ffe63980000 - 0x00007ffe63a1e000 	C:\WINDOWS\System32\msvcrt.dll
0x00007ffe638e0000 - 0x00007ffe6397c000 	C:\WINDOWS\System32\sechost.dll
0x00007ffe63af0000 - 0x00007ffe63c15000 	C:\WINDOWS\System32\RPCRT4.dll
0x00007ffe64650000 - 0x00007ffe647f0000 	C:\WINDOWS\System32\USER32.dll
0x00007ffe63700000 - 0x00007ffe63722000 	C:\WINDOWS\System32\win32u.dll
0x00007ffe4a6e0000 - 0x00007ffe4a97a000 	C:\WINDOWS\WinSxS\amd64_microsoft.windows.common-controls_6595b64144ccf1df_6.0.19041.1110_none_60b5254171f9507e\COMCTL32.dll
0x00007ffe63d30000 - 0x00007ffe63d5a000 	C:\WINDOWS\System32\GDI32.dll
0x00007ffe63540000 - 0x00007ffe6364b000 	C:\WINDOWS\System32\gdi32full.dll
0x00007ffe62fa0000 - 0x00007ffe6303d000 	C:\WINDOWS\System32\msvcp_win.dll
0x00007ffe5c660000 - 0x00007ffe5c66a000 	C:\WINDOWS\SYSTEM32\VERSION.dll
0x00007ffe63c20000 - 0x00007ffe63c50000 	C:\WINDOWS\System32\IMM32.DLL
0x00007ffe1ab80000 - 0x00007ffe1ac1b000 	C:\Program Files\Java\jdk-11.0.10\bin\msvcp140.dll
0x00007ffdfa350000 - 0x00007ffdfae4b000 	C:\Program Files\Java\jdk-11.0.10\bin\server\jvm.dll
0x00007ffe63dc0000 - 0x00007ffe63dc8000 	C:\WINDOWS\System32\PSAPI.DLL
0x00007ffe458f0000 - 0x00007ffe458f9000 	C:\WINDOWS\SYSTEM32\WSOCK32.dll
0x00007ffe600d0000 - 0x00007ffe600f7000 	C:\WINDOWS\SYSTEM32\WINMM.dll
0x00007ffe645e0000 - 0x00007ffe6464b000 	C:\WINDOWS\System32\WS2_32.dll
0x00007ffe617d0000 - 0x00007ffe617e2000 	C:\WINDOWS\SYSTEM32\kernel.appcore.dll
0x00007ffe5de30000 - 0x00007ffe5de40000 	C:\Program Files\Java\jdk-11.0.10\bin\verify.dll
0x00007ffe614f0000 - 0x00007ffe616d4000 	C:\WINDOWS\SYSTEM32\DBGHELP.DLL
0x00007ffe600a0000 - 0x00007ffe600cc000 	C:\WINDOWS\SYSTEM32\dbgcore.DLL
0x00007ffe631b0000 - 0x00007ffe63232000 	C:\WINDOWS\System32\bcryptPrimitives.dll
0x00007ffe31640000 - 0x00007ffe31668000 	C:\Program Files\Java\jdk-11.0.10\bin\java.dll
0x00007ffe497f0000 - 0x00007ffe497fa000 	C:\Program Files\Java\jdk-11.0.10\bin\jimage.dll
0x00007ffe376b0000 - 0x00007ffe376c6000 	C:\Program Files\Java\jdk-11.0.10\bin\zip.dll
0x00007ffe63dd0000 - 0x00007ffe64514000 	C:\WINDOWS\System32\SHELL32.dll
0x00007ffe60c90000 - 0x00007ffe61424000 	C:\WINDOWS\SYSTEM32\windows.storage.dll
0x00007ffe64f90000 - 0x00007ffe652e4000 	C:\WINDOWS\System32\combase.dll
0x00007ffe62a00000 - 0x00007ffe62a2c000 	C:\WINDOWS\SYSTEM32\Wldp.dll
0x00007ffe654a0000 - 0x00007ffe6554d000 	C:\WINDOWS\System32\SHCORE.dll
0x00007ffe64580000 - 0x00007ffe645d5000 	C:\WINDOWS\System32\shlwapi.dll
0x00007ffe62ee0000 - 0x00007ffe62eff000 	C:\WINDOWS\SYSTEM32\profapi.dll
0x00007ffe271d0000 - 0x00007ffe271e9000 	C:\Program Files\Java\jdk-11.0.10\bin\net.dll
0x00007ffe5d730000 - 0x00007ffe5d83a000 	C:\WINDOWS\SYSTEM32\WINHTTP.dll
0x00007ffe62740000 - 0x00007ffe627aa000 	C:\WINDOWS\system32\mswsock.dll
0x00007ffe271b0000 - 0x00007ffe271c2000 	C:\Program Files\Java\jdk-11.0.10\bin\nio.dll
0x00007ffe27180000 - 0x00007ffe271a6000 	C:\Users\alby2\.gradle\native\31\windows-amd64\native-platform.dll
0x00007ffe468d0000 - 0x00007ffe468d9000 	C:\Program Files\Java\jdk-11.0.10\bin\management.dll
0x00007ffe46400000 - 0x00007ffe4640b000 	C:\Program Files\Java\jdk-11.0.10\bin\management_ext.dll
0x00007ffe62950000 - 0x00007ffe62968000 	C:\WINDOWS\SYSTEM32\CRYPTSP.dll
0x00007ffe62030000 - 0x00007ffe62064000 	C:\WINDOWS\system32\rsaenh.dll
0x00007ffe63240000 - 0x00007ffe63267000 	C:\WINDOWS\System32\bcrypt.dll
0x00007ffe62ea0000 - 0x00007ffe62ece000 	C:\WINDOWS\SYSTEM32\USERENV.dll
0x00007ffe62970000 - 0x00007ffe6297c000 	C:\WINDOWS\SYSTEM32\CRYPTBASE.dll
0x00007ffe623d0000 - 0x00007ffe6240b000 	C:\WINDOWS\SYSTEM32\IPHLPAPI.DLL
0x00007ffe65840000 - 0x00007ffe65848000 	C:\WINDOWS\System32\NSI.dll
0x00007ffe5b440000 - 0x00007ffe5b457000 	C:\WINDOWS\SYSTEM32\dhcpcsvc6.DLL
0x00007ffe5b420000 - 0x00007ffe5b43d000 	C:\WINDOWS\SYSTEM32\dhcpcsvc.DLL
0x00007ffe62420000 - 0x00007ffe624eb000 	C:\WINDOWS\SYSTEM32\DNSAPI.dll

dbghelp: loaded successfully - version: 4.0.5 - missing functions: none
symbol engine: initialized successfully - sym options: 0x614 - pdb path: .;C:\Program Files\Java\jdk-11.0.10\bin;C:\WINDOWS\SYSTEM32;C:\WINDOWS\WinSxS\amd64_microsoft.windows.common-controls_6595b64144ccf1df_6.0.19041.1110_none_60b5254171f9507e;C:\Program Files\Java\jdk-11.0.10\bin\server;C:\Users\alby2\.gradle\native\31\windows-amd64

VM Arguments:
jvm_args: --add-opens=java.base/java.util=ALL-UNNAMED --add-opens=java.base/java.lang=ALL-UNNAMED --add-opens=java.base/java.lang.invoke=ALL-UNNAMED --add-opens=java.prefs/java.util.prefs=ALL-UNNAMED -Xmx2048M -Dfile.encoding=windows-1252 -Duser.country=IT -Duser.language=it -Duser.variant 
java_command: org.gradle.launcher.daemon.bootstrap.GradleDaemon 6.1.1
java_class_path (initial): C:\Users\alby2\.gradle\wrapper\dists\gradle-6.1.1-all\cfmwm155h49vnt3hynmlrsdst\gradle-6.1.1\lib\gradle-launcher-6.1.1.jar
Launcher Type: SUN_STANDARD

[Global flags]
     intx CICompilerCount                          = 4                                         {product} {ergonomic}
     uint ConcGCThreads                            = 2                                         {product} {ergonomic}
     uint G1ConcRefinementThreads                  = 8                                         {product} {ergonomic}
   size_t G1HeapRegionSize                         = 1048576                                   {product} {ergonomic}
    uintx GCDrainStackTargetSize                   = 64                                        {product} {ergonomic}
   size_t InitialHeapSize                          = 132120576                                 {product} {ergonomic}
   size_t MarkStackSize                            = 4194304                                   {product} {ergonomic}
   size_t MaxHeapSize                              = 2147483648                                {product} {command line}
   size_t MaxNewSize                               = 1287651328                                {product} {ergonomic}
   size_t MinHeapDeltaBytes                        = 1048576                                   {product} {ergonomic}
    uintx NonNMethodCodeHeapSize                   = 5836300                                {pd product} {ergonomic}
    uintx NonProfiledCodeHeapSize                  = 122910970                              {pd product} {ergonomic}
    uintx ProfiledCodeHeapSize                     = 122910970                              {pd product} {ergonomic}
    uintx ReservedCodeCacheSize                    = 251658240                              {pd product} {ergonomic}
     bool SegmentedCodeCache                       = true                                      {product} {ergonomic}
     bool UseCompressedClassPointers               = true                                 {lp64_product} {ergonomic}
     bool UseCompressedOops                        = true                                 {lp64_product} {ergonomic}
     bool UseG1GC                                  = true                                      {product} {ergonomic}
     bool UseLargePagesIndividualAllocation        = false                                  {pd product} {ergonomic}

Logging:
Log output configuration:
 #0: stdout all=warning uptime,level,tags
 #1: stderr all=off uptime,level,tags

Environment Variables:
JAVA_HOME=C:\Program Files\Java\jdk-11.0.10
CLASSPATH=C:\Users\alby2\Downloads\Termux\\gradle\wrapper\gradle-wrapper.jar
PATH=C:\Python38\Scripts\;C:\Python38\;C:\Program Files\Python37\Scripts\;C:\Program Files\Python37\;C:\Windows\system32;C:\Windows;C:\Windows\System32\Wbem;C:\Windows\System32\WindowsPowerShell\v1.0\;C:\Windows\System32\OpenSSH\;C:\Program Files\Intel\WiFi\bin\;C:\Program Files\Common Files\Intel\WirelessCommon\;C:\Program Files (x86)\NVIDIA Corporation\PhysX\Common;D:\Microsoft VS Code\bin;C:\ProgramData\chocolatey\bin;C:\Program Files\Git\cmd;C:\Program Files\dotnet\;D:\texlive\2020\bin\win32;D:\Downloads\chromedriver_win32;D:\flutter\bin;D:\Downloads\geckodriver-v0.30.0-win64(1);D:\WinMerge;D:\R-lang\bin;C:\WINDOWS\system32;C:\WINDOWS;C:\WINDOWS\System32\Wbem;C:\WINDOWS\System32\WindowsPowerShell\v1.0\;C:\WINDOWS\System32\OpenSSH\;C:\Users\alby2\.cargo\bin;D:\NodeJS\;C:\Users\alby2\.cargo\bin;C:\Users\alby2\scoop\apps\miniconda3\current\scripts;C:\Users\alby2\scoop\apps\miniconda3\current\Library\bin;C:\Users\alby2\scoop\apps\nodejs\current\bin;C:\Users\alby2\scoop\apps\nodejs\current;C:\Users\alby2\scoop\shims;C:\Windows\system32;C:\Windows;C:\Windows\System32\Wbem;C:\Windows\System32\WindowsPowerShell\v1.0\;C:\Windows\System32\OpenSSH\;C:\Program Files\Intel\WiFi\bin\;C:\Program Files\Common Files\Intel\WirelessCommon\;C:\Program Files (x86)\NVIDIA Corporation\PhysX\Common;C:\Program Files\NVIDIA Corporation\NVIDIA NvDLISR;C:\Users\alby2\AppData\Local\Microsoft\WindowsApps;D:\Ming\mingw64\bin;C:\Program Files\heroku\bin;C:\Users\alby2\.ebcli-virtual-env\executables;C:\Users\alby2\AppData\Local\gitkraken\bin;D:\flutter\bin;C:\Program Files\Java\jdk-11.0.10\bin;D:\Downloads\geckodriver-v0.30.0-win64(1);C:\Users\alby2\AppData\Local\Microsoft\WindowsApps;C:\Users\alby2\AppData\Roaming\npm
USERNAME=alby2
OS=Windows_NT
PROCESSOR_IDENTIFIER=Intel64 Family 6 Model 158 Stepping 10, GenuineIntel



---------------  S Y S T E M  ---------------

OS: Windows 10 , 64 bit Build 19041 (10.0.19041.1706)
Hyper-V role detected

CPU:total 8 (initial active 8) (4 cores per cpu, 2 threads per core) family 6 model 158 stepping 10 microcode 0xde, cmov, cx8, fxsr, mmx, sse, sse2, sse3, ssse3, sse4.1, sse4.2, popcnt, avx, avx2, aes, clmul, erms, 3dnowpref, lzcnt, ht, tsc, tscinvbit, bmi1, bmi2, adx, fma

Memory: 4k page, system-wide physical 8010M (344M free)
TotalPageFile size 16010M (AvailPageFile size 187M)
current process WorkingSet (physical memory assigned to process): 528M, peak: 528M
current process commit charge ("private bytes"): 589M, peak: 792M

vm_info: Java HotSpot(TM) 64-Bit Server VM (11.0.10+8-LTS-162) for windows-amd64 JRE (11.0.10+8-LTS-162), built on Dec  8 2020 16:32:57 by "mach5one" with MS VC++ 15.9 (VS2017)

END.
