#
# There is insufficient memory for the Java Runtime Environment to continue.
# Native memory allocation (mmap) failed to map 299892736 bytes for Failed to commit area from 0x0000000091e00000 to 0x00000000a3c00000 of length 299892736.
# Possible reasons:
#   The system is out of physical RAM or swap space
#   The process is running with CompressedOops enabled, and the Java Heap may be blocking the growth of the native heap
# Possible solutions:
#   Reduce memory load on the system
#   Increase physical memory or swap space
#   Check if swap backing store is full
#   Decrease Java heap size (-Xmx/-Xms)
#   Decrease number of Java threads
#   Decrease Java thread stack sizes (-Xss)
#   Set larger code cache with -XX:ReservedCodeCacheSize=
#   JVM is running with Unscaled Compressed Oops mode in which the Java heap is
#     placed in the first 4GB address space. The Java Heap base address is the
#     maximum limit for the native heap growth. Please use -XX:HeapBaseMinAddress
#     to set the Java Heap base and to place the Java Heap above 4GB virtual address.
# This output file may be truncated or incomplete.
#
#  Out of Memory Error (./open/src/hotspot/os/windows/os_windows.cpp:3273), pid=16108, tid=8216
#
# JRE version: Java(TM) SE Runtime Environment 18.9 (11.0.10+8) (build 11.0.10+8-LTS-162)
# Java VM: Java HotSpot(TM) 64-Bit Server VM 18.9 (11.0.10+8-LTS-162, mixed mode, tiered, compressed oops, g1 gc, windows-amd64)
# No core dump will be written. Minidumps are not enabled by default on client versions of Windows
#

---------------  S U M M A R Y ------------

Command Line: --add-opens=java.base/java.util=ALL-UNNAMED --add-opens=java.base/java.lang=ALL-UNNAMED --add-opens=java.base/java.lang.invoke=ALL-UNNAMED --add-opens=java.prefs/java.util.prefs=ALL-UNNAMED -Xmx2048M -Dfile.encoding=windows-1252 -Duser.country=IT -Duser.language=it -Duser.variant org.gradle.launcher.daemon.bootstrap.GradleDaemon 6.1.1

Host: Intel(R) Core(TM) i5-9300H CPU @ 2.40GHz, 8 cores, 7G,  Windows 10 , 64 bit Build 19041 (10.0.19041.1706)
Time: Sat Jun 11 11:26:09 2022 ora legale Europa occidentale elapsed time: 99.051653 seconds (0d 0h 1m 39s)

---------------  T H R E A D  ---------------

Current thread (0x00000210212c9000):  VMThread "VM Thread" [stack: 0x00000016ca300000,0x00000016ca400000] [id=8216]

Stack: [0x00000016ca300000,0x00000016ca400000]
[error occurred during error reporting (printing stack bounds), id 0xc0000005, EXCEPTION_ACCESS_VIOLATION (0xc0000005) at pc=0x000002100a910f2d]

Native frames: (J=compiled Java code, j=interpreted, Vv=VM code, C=native code)
V  [jvm.dll+0x613e6a]
V  [jvm.dll+0x74c1ff]
V  [jvm.dll+0x74d885]
V  [jvm.dll+0x74de65]
V  [jvm.dll+0x74de1b]
V  [jvm.dll+0x6136a3]
V  [jvm.dll+0x613a68]
C  [ntdll.dll+0xa209f]
C  [ntdll.dll+0x51454]
C  [ntdll.dll+0xa0bce]
C  0x000002100a910f2d

VM_Operation (0x00000016ceffe870): G1CollectForAllocation, mode: safepoint, requested by thread 0x0000021029011000


---------------  P R O C E S S  ---------------

Threads class SMR info:
_java_thread_list=0x00000210290482b0, length=72, elements={
0x000002100247a000, 0x00000210212cb000, 0x00000210212cc800, 0x0000021021b2a000,
0x0000021021b2c000, 0x0000021021b2e000, 0x0000021021b31800, 0x0000021021b36000,
0x0000021021ca3800, 0x0000021021cec800, 0x0000021023404000, 0x0000021021e38800,
0x000002102362e800, 0x0000021023545800, 0x0000021022c63000, 0x0000021023aed000,
0x0000021023aee000, 0x0000021023aee800, 0x0000021023af0800, 0x0000021025fbb000,
0x0000021025fbc000, 0x0000021025fbc800, 0x0000021025fb7000, 0x0000021025fbe800,
0x0000021025fb8800, 0x0000021025fbf000, 0x0000021025fbd800, 0x0000021025fb9800,
0x0000021025fc0000, 0x0000021025fba800, 0x0000021025fc5800, 0x0000021025fc1000,
0x0000021025fc3800, 0x0000021025fc2800, 0x0000021025fc1800, 0x0000021025fc4000,
0x0000021025fc5000, 0x0000021023af1000, 0x0000021023af2000, 0x0000021023aef800,
0x0000021023aec800, 0x0000021027b3b800, 0x0000021027b3d000, 0x0000021027b40000,
0x0000021027b3c000, 0x0000021027b41000, 0x0000021027b42000, 0x0000021027b42800,
0x0000021027b3e000, 0x0000021027b44800, 0x0000021027b43800, 0x0000021027b3e800,
0x0000021027b49000, 0x0000021027b4a000, 0x0000021027b45000, 0x0000021027b48800,
0x0000021027b47000, 0x00000210293b7800, 0x0000021027b46000, 0x0000021027b47800,
0x0000021029015000, 0x0000021029014800, 0x0000021029010800, 0x0000021029016000,
0x0000021029017000, 0x0000021029013800, 0x0000021029012000, 0x0000021029011000,
0x0000021029017800, 0x0000021029018800, 0x0000021029012800, 0x000002102901b000
}

Java Threads: ( => current thread )
  0x000002100247a000 JavaThread "main" [_thread_blocked, id=15184, stack(0x00000016c9d00000,0x00000016c9e00000)]
  0x00000210212cb000 JavaThread "Reference Handler" daemon [_thread_blocked, id=9104, stack(0x00000016ca400000,0x00000016ca500000)]
  0x00000210212cc800 JavaThread "Finalizer" daemon [_thread_blocked, id=11804, stack(0x00000016ca500000,0x00000016ca600000)]
  0x0000021021b2a000 JavaThread "Signal Dispatcher" daemon [_thread_blocked, id=3428, stack(0x00000016ca600000,0x00000016ca700000)]
  0x0000021021b2c000 JavaThread "Attach Listener" daemon [_thread_blocked, id=13588, stack(0x00000016ca700000,0x00000016ca800000)]
  0x0000021021b2e000 JavaThread "C2 CompilerThread0" daemon [_thread_blocked, id=16096, stack(0x00000016ca800000,0x00000016ca900000)]
  0x0000021021b31800 JavaThread "C1 CompilerThread0" daemon [_thread_blocked, id=8576, stack(0x00000016ca900000,0x00000016caa00000)]
  0x0000021021b36000 JavaThread "Sweeper thread" daemon [_thread_blocked, id=1508, stack(0x00000016caa00000,0x00000016cab00000)]
  0x0000021021ca3800 JavaThread "Common-Cleaner" daemon [_thread_blocked, id=8240, stack(0x00000016cab00000,0x00000016cac00000)]
  0x0000021021cec800 JavaThread "Service Thread" daemon [_thread_blocked, id=14656, stack(0x00000016cac00000,0x00000016cad00000)]
  0x0000021023404000 JavaThread "Daemon health stats" [_thread_blocked, id=9576, stack(0x00000016cb100000,0x00000016cb200000)]
  0x0000021021e38800 JavaThread "Incoming local TCP Connector on port 12621" [_thread_in_native, id=12924, stack(0x00000016cae00000,0x00000016caf00000)]
  0x000002102362e800 JavaThread "Daemon periodic checks" [_thread_blocked, id=10716, stack(0x00000016cb200000,0x00000016cb300000)]
  0x0000021023545800 JavaThread "Daemon" [_thread_blocked, id=11396, stack(0x00000016cb300000,0x00000016cb400000)]
  0x0000021022c63000 JavaThread "Daemon worker" [_thread_blocked, id=14528, stack(0x00000016cb600000,0x00000016cb700000)]
  0x0000021023aed000 JavaThread "Cache worker for journal cache (C:\Users\alby2\.gradle\caches\journal-1)" [_thread_blocked, id=13048, stack(0x00000016cba00000,0x00000016cbb00000)]
  0x0000021023aee000 JavaThread "File lock request listener" [_thread_in_native, id=14384, stack(0x00000016cbb00000,0x00000016cbc00000)]
  0x0000021023aee800 JavaThread "Cache worker for file hash cache (C:\Users\alby2\.gradle\caches\6.1.1\fileHashes)" [_thread_blocked, id=13572, stack(0x00000016cbc00000,0x00000016cbd00000)]
  0x0000021023af0800 JavaThread "Cache worker for execution history cache (C:\Users\alby2\.gradle\caches\6.1.1\executionHistory)" [_thread_blocked, id=12344, stack(0x00000016cc800000,0x00000016cc900000)]
  0x0000021025fbb000 JavaThread "Handler for socket connection from /127.0.0.1:12621 to /127.0.0.1:12641" [_thread_in_native, id=10988, stack(0x00000016c9a00000,0x00000016c9b00000)]
  0x0000021025fbc000 JavaThread "Cancel handler" [_thread_blocked, id=8612, stack(0x00000016c9b00000,0x00000016c9c00000)]
  0x0000021025fbc800 JavaThread "Asynchronous log dispatcher for DefaultDaemonConnection: socket connection from /127.0.0.1:12621 to /127.0.0.1:12641" [_thread_blocked, id=6788, stack(0x00000016c9c00000,0x00000016c9d00000)]
  0x0000021025fb7000 JavaThread "Stdin handler" [_thread_blocked, id=14324, stack(0x00000016cb700000,0x00000016cb800000)]
  0x0000021025fbe800 JavaThread "Thread-74" [_thread_blocked, id=10636, stack(0x00000016cb800000,0x00000016cb900000)]
  0x0000021025fb8800 JavaThread "Cache worker for checksums cache (C:\Users\alby2\Downloads\Termux\.gradle\checksums)" [_thread_blocked, id=13304, stack(0x00000016cb900000,0x00000016cba00000)]
  0x0000021025fbf000 JavaThread "Cache worker for file hash cache (C:\Users\alby2\Downloads\Termux\.gradle\6.1.1\fileHashes)" [_thread_blocked, id=11904, stack(0x00000016cc300000,0x00000016cc400000)]
  0x0000021025fbd800 JavaThread "Cache worker for cache directory md-supplier (C:\Users\alby2\.gradle\caches\6.1.1\md-supplier)" [_thread_blocked, id=11220, stack(0x00000016cc400000,0x00000016cc500000)]
  0x0000021025fb9800 JavaThread "Cache worker for cache directory md-rule (C:\Users\alby2\.gradle\caches\6.1.1\md-rule)" [_thread_blocked, id=2108, stack(0x00000016cc500000,0x00000016cc600000)]
  0x0000021025fc0000 JavaThread "Build operations" [_thread_blocked, id=13808, stack(0x00000016cc600000,0x00000016cc700000)]
  0x0000021025fba800 JavaThread "Build operations Thread 2" [_thread_blocked, id=5416, stack(0x00000016cc700000,0x00000016cc800000)]
  0x0000021025fc5800 JavaThread "Build operations Thread 3" [_thread_blocked, id=7308, stack(0x00000016cc900000,0x00000016cca00000)]
  0x0000021025fc1000 JavaThread "Build operations Thread 4" [_thread_blocked, id=13120, stack(0x00000016cca00000,0x00000016ccb00000)]
  0x0000021025fc3800 JavaThread "Build operations Thread 5" [_thread_blocked, id=2020, stack(0x00000016ccb00000,0x00000016ccc00000)]
  0x0000021025fc2800 JavaThread "Build operations Thread 6" [_thread_blocked, id=2292, stack(0x00000016ccc00000,0x00000016ccd00000)]
  0x0000021025fc1800 JavaThread "Build operations Thread 7" [_thread_blocked, id=152, stack(0x00000016ccd00000,0x00000016cce00000)]
  0x0000021025fc4000 JavaThread "Build operations Thread 8" [_thread_blocked, id=6496, stack(0x00000016cce00000,0x00000016ccf00000)]
  0x0000021025fc5000 JavaThread "pool-4-thread-1" [_thread_blocked, id=13624, stack(0x00000016cd000000,0x00000016cd100000)]
  0x0000021023af1000 JavaThread "Cache worker for Build Output Cleanup Cache (C:\Users\alby2\Downloads\Termux\.gradle\buildOutputCleanup)" [_thread_blocked, id=13612, stack(0x00000016cd100000,0x00000016cd200000)]
  0x0000021023af2000 JavaThread "Memory manager" [_thread_blocked, id=4296, stack(0x00000016cd400000,0x00000016cd500000)]
  0x0000021023aef800 JavaThread "Cache worker for file content cache (C:\Users\alby2\.gradle\caches\6.1.1\fileContent)" [_thread_blocked, id=1588, stack(0x00000016cd500000,0x00000016cd600000)]
  0x0000021023aec800 JavaThread "Cache worker for file content cache (C:\Users\alby2\Downloads\Termux\.gradle\6.1.1\fileContent)" [_thread_blocked, id=7100, stack(0x00000016cd600000,0x00000016cd700000)]
  0x0000021027b3b800 JavaThread "Execution worker for ':'" [_thread_blocked, id=16352, stack(0x00000016cd700000,0x00000016cd800000)]
  0x0000021027b3d000 JavaThread "Execution worker for ':' Thread 2" [_thread_blocked, id=15888, stack(0x00000016cd800000,0x00000016cd900000)]
  0x0000021027b40000 JavaThread "Execution worker for ':' Thread 3" [_thread_blocked, id=10300, stack(0x00000016cd900000,0x00000016cda00000)]
  0x0000021027b3c000 JavaThread "Execution worker for ':' Thread 4" [_thread_blocked, id=15964, stack(0x00000016cda00000,0x00000016cdb00000)]
  0x0000021027b41000 JavaThread "Execution worker for ':' Thread 5" [_thread_blocked, id=2008, stack(0x00000016cdb00000,0x00000016cdc00000)]
  0x0000021027b42000 JavaThread "Execution worker for ':' Thread 6" [_thread_blocked, id=13864, stack(0x00000016cdc00000,0x00000016cdd00000)]
  0x0000021027b42800 JavaThread "Execution worker for ':' Thread 7" [_thread_blocked, id=7892, stack(0x00000016cdd00000,0x00000016cde00000)]
  0x0000021027b3e000 JavaThread "Cache worker for execution history cache (C:\Users\alby2\Downloads\Termux\.gradle\6.1.1\executionHistory)" [_thread_blocked, id=13232, stack(0x00000016cde00000,0x00000016cdf00000)]
  0x0000021027b44800 JavaThread "WorkerExecutor Queue" [_thread_blocked, id=4892, stack(0x00000016cdf00000,0x00000016ce000000)]
  0x0000021027b43800 JavaThread "pool-5-thread-1" [_thread_blocked, id=11380, stack(0x00000016ce000000,0x00000016ce100000)]
  0x0000021027b3e800 JavaThread "stderr" [_thread_in_native, id=7324, stack(0x00000016ce100000,0x00000016ce200000)]
  0x0000021027b49000 JavaThread "stdout" [_thread_in_native, id=7140, stack(0x00000016ce200000,0x00000016ce300000)]
  0x0000021027b4a000 JavaThread "WorkerExecutor Queue Thread 2" [_thread_blocked, id=1652, stack(0x00000016ce300000,0x00000016ce400000)]
  0x0000021027b45000 JavaThread "Exec process" [_thread_blocked, id=13172, stack(0x00000016ce400000,0x00000016ce500000)]
  0x0000021027b48800 JavaThread "Exec process Thread 2" [_thread_blocked, id=4224, stack(0x00000016ce500000,0x00000016ce600000)]
  0x0000021027b47000 JavaThread "Exec process Thread 3" [_thread_blocked, id=14004, stack(0x00000016ce600000,0x00000016ce700000)]
  0x00000210293b7800 JavaThread "C2 CompilerThread1" daemon [_thread_blocked, id=15820, stack(0x00000016ccf00000,0x00000016cd000000)]
  0x0000021027b46000 JavaThread "WorkerExecutor Queue Thread 3" [_thread_blocked, id=10284, stack(0x00000016cd200000,0x00000016cd300000)]
  0x0000021027b47800 JavaThread "WorkerExecutor Queue Thread 4" [_thread_blocked, id=15904, stack(0x00000016ce700000,0x00000016ce800000)]
  0x0000021029015000 JavaThread "WorkerExecutor Queue Thread 5" [_thread_blocked, id=12232, stack(0x00000016ce800000,0x00000016ce900000)]
  0x0000021029014800 JavaThread "WorkerExecutor Queue Thread 6" [_thread_blocked, id=14544, stack(0x00000016ce900000,0x00000016cea00000)]
  0x0000021029010800 JavaThread "WorkerExecutor Queue Thread 7" [_thread_blocked, id=14880, stack(0x00000016cea00000,0x00000016ceb00000)]
  0x0000021029016000 JavaThread "WorkerExecutor Queue Thread 8" [_thread_blocked, id=14768, stack(0x00000016ceb00000,0x00000016cec00000)]
  0x0000021029017000 JavaThread "ForkJoinPool-2-worker-3" daemon [_thread_blocked, id=14332, stack(0x00000016cec00000,0x00000016ced00000)]
  0x0000021029013800 JavaThread "ForkJoinPool-2-worker-5" daemon [_thread_blocked, id=14100, stack(0x00000016ced00000,0x00000016cee00000)]
  0x0000021029012000 JavaThread "ForkJoinPool-2-worker-7" daemon [_thread_blocked, id=6976, stack(0x00000016cee00000,0x00000016cef00000)]
  0x0000021029011000 JavaThread "ForkJoinPool-2-worker-9" daemon [_thread_blocked, id=11180, stack(0x00000016cef00000,0x00000016cf000000)]
  0x0000021029017800 JavaThread "ForkJoinPool-2-worker-11" daemon [_thread_blocked, id=2388, stack(0x00000016cf000000,0x00000016cf100000)]
  0x0000021029018800 JavaThread "ForkJoinPool-2-worker-13" daemon [_thread_blocked, id=6908, stack(0x00000016cf100000,0x00000016cf200000)]
  0x0000021029012800 JavaThread "ForkJoinPool-2-worker-15" daemon [_thread_blocked, id=1656, stack(0x00000016cf200000,0x00000016cf300000)]
  0x000002102901b000 JavaThread "ForkJoinPool-2-worker-1" daemon [_thread_blocked, id=16160, stack(0x00000016cf300000,0x00000016cf400000)]

Other Threads:
=>0x00000210212c9000 VMThread "VM Thread" [stack: 0x00000016ca300000,0x00000016ca400000] [id=8216]
  0x0000021021ced800 WatcherThread [stack: 0x00000016cad00000,0x00000016cae00000] [id=9200]
  0x0000021002490000 GCTaskThread "GC Thread#0" [stack: 0x00000016c9e00000,0x00000016c9f00000] [id=10856]
  0x0000021022778000 GCTaskThread "GC Thread#1" [stack: 0x00000016caf00000,0x00000016cb000000] [id=3312]
  0x00000210228e6000 GCTaskThread "GC Thread#2" [stack: 0x00000016cb000000,0x00000016cb100000] [id=4772]
  0x00000210236f4000 GCTaskThread "GC Thread#3" [stack: 0x00000016cbd00000,0x00000016cbe00000] [id=15368]
  0x000002102375c000 GCTaskThread "GC Thread#4" [stack: 0x00000016cbe00000,0x00000016cbf00000] [id=14116]
  0x0000021023048000 GCTaskThread "GC Thread#5" [stack: 0x00000016cbf00000,0x00000016cc000000] [id=14640]
  0x0000021023777000 GCTaskThread "GC Thread#6" [stack: 0x00000016cc000000,0x00000016cc100000] [id=6200]
  0x000002102320c000 GCTaskThread "GC Thread#7" [stack: 0x00000016cc100000,0x00000016cc200000] [id=11048]
  0x00000210024c2000 ConcurrentGCThread "G1 Main Marker" [stack: 0x00000016c9f00000,0x00000016ca000000] [id=15948]
  0x00000210024c4800 ConcurrentGCThread "G1 Conc#0" [stack: 0x00000016ca000000,0x00000016ca100000] [id=4340]
  0x0000021023ba3800 ConcurrentGCThread "G1 Conc#1" [stack: 0x00000016cc200000,0x00000016cc300000] [id=11740]
  0x0000021021114800 ConcurrentGCThread "G1 Refine#0" [stack: 0x00000016ca100000,0x00000016ca200000] [id=15188]
  0x00000210266d1000 ConcurrentGCThread "G1 Refine#1" [stack: 0x00000016cd300000,0x00000016cd400000] [id=8904]
  0x0000021021115000 ConcurrentGCThread "G1 Young RemSet Sampling" [stack: 0x00000016ca200000,0x00000016ca300000] [id=9652]

Threads with active compile tasks:
C2 CompilerThread0  99087 16588       4       com.android.tools.r8.ir.optimize.g::a (219 bytes)
C1 CompilerThread0  99087 16651       2       com.android.tools.r8.ir.regalloc.a::a (3993 bytes)
C2 CompilerThread1  99087 16638       4       com.android.tools.r8.v.a.a.a.h.F0::a (275 bytes)

VM state:at safepoint (normal execution)

VM Mutex/Monitor currently owned by a thread:  ([mutex/lock_event])
[0x0000021002476600] Threads_lock - owner thread: 0x00000210212c9000
[0x0000021002474a70] Heap_lock - owner thread: 0x0000021029011000

Heap address: 0x0000000080000000, size: 2048 MB, Compressed Oops mode: 32-bit
Narrow klass base: 0x0000000000000000, Narrow klass shift: 3
Compressed class space size: 1073741824 Address: 0x0000000100000000

Heap:
 garbage-first heap   total 585728K, used 150387K [0x0000000080000000, 0x0000000100000000)
  region size 1024K, 3 young (3072K), 3 survivors (3072K)
 Metaspace       used 102314K, capacity 105286K, committed 105520K, reserved 1140736K
  class space    used 12944K, capacity 14033K, committed 14208K, reserved 1048576K
Heap Regions: E=young(eden), S=young(survivor), O=old, HS=humongous(starts), HC=humongous(continues), CS=collection set, F=free, A=archive, TAMS=top-at-mark-start (previous, next)
|   0|0x0000000080000000, 0x0000000080100000, 0x0000000080100000|100%| O|  |TAMS 0x0000000080100000, 0x0000000080000000| Untracked 
|   1|0x0000000080100000, 0x0000000080200000, 0x0000000080200000|100%| O|  |TAMS 0x0000000080200000, 0x0000000080100000| Complete 
|   2|0x0000000080200000, 0x0000000080300000, 0x0000000080300000|100%| O|  |TAMS 0x0000000080300000, 0x0000000080200000| Untracked 
|   3|0x0000000080300000, 0x0000000080400000, 0x0000000080400000|100%|HS|  |TAMS 0x0000000080400000, 0x0000000080300000| Complete 
|   4|0x0000000080400000, 0x0000000080500000, 0x0000000080500000|100%|HC|  |TAMS 0x0000000080500000, 0x0000000080400000| Complete 
|   5|0x0000000080500000, 0x0000000080600000, 0x0000000080600000|100%|HC|  |TAMS 0x0000000080600000, 0x0000000080500000| Complete 
|   6|0x0000000080600000, 0x0000000080700000, 0x0000000080700000|100%| O|  |TAMS 0x0000000080700000, 0x0000000080600000| Untracked 
|   7|0x0000000080700000, 0x0000000080800000, 0x0000000080800000|100%| O|  |TAMS 0x0000000080800000, 0x0000000080700000| Untracked 
|   8|0x0000000080800000, 0x0000000080900000, 0x0000000080900000|100%| O|  |TAMS 0x0000000080900000, 0x0000000080800000| Untracked 
|   9|0x0000000080900000, 0x0000000080a00000, 0x0000000080a00000|100%| O|  |TAMS 0x0000000080a00000, 0x0000000080900000| Untracked 
|  10|0x0000000080a00000, 0x0000000080b00000, 0x0000000080b00000|100%| O|  |TAMS 0x0000000080b00000, 0x0000000080a00000| Untracked 
|  11|0x0000000080b00000, 0x0000000080c00000, 0x0000000080c00000|100%| O|  |TAMS 0x0000000080c00000, 0x0000000080b00000| Untracked 
|  12|0x0000000080c00000, 0x0000000080d00000, 0x0000000080d00000|100%| O|  |TAMS 0x0000000080d00000, 0x0000000080c00000| Untracked 
|  13|0x0000000080d00000, 0x0000000080e00000, 0x0000000080e00000|100%| O|  |TAMS 0x0000000080e00000, 0x0000000080d00000| Untracked 
|  14|0x0000000080e00000, 0x0000000080f00000, 0x0000000080f00000|100%| O|  |TAMS 0x0000000080f00000, 0x0000000080e00000| Untracked 
|  15|0x0000000080f00000, 0x0000000081000000, 0x0000000081000000|100%| O|  |TAMS 0x0000000081000000, 0x0000000080f00000| Complete 
|  16|0x0000000081000000, 0x0000000081100000, 0x0000000081100000|100%| O|  |TAMS 0x0000000081100000, 0x0000000081000000| Complete 
|  17|0x0000000081100000, 0x0000000081200000, 0x0000000081200000|100%| O|  |TAMS 0x0000000081200000, 0x0000000081100000| Untracked 
|  18|0x0000000081200000, 0x0000000081300000, 0x0000000081300000|100%|HS|  |TAMS 0x0000000081300000, 0x0000000081200000| Complete 
|  19|0x0000000081300000, 0x0000000081400000, 0x0000000081400000|100%|HC|  |TAMS 0x0000000081400000, 0x0000000081300000| Complete 
|  20|0x0000000081400000, 0x0000000081500000, 0x0000000081500000|100%|HC|  |TAMS 0x0000000081500000, 0x0000000081400000| Complete 
|  21|0x0000000081500000, 0x0000000081600000, 0x0000000081600000|100%|HS|  |TAMS 0x0000000081600000, 0x0000000081500000| Complete 
|  22|0x0000000081600000, 0x0000000081700000, 0x0000000081700000|100%|HC|  |TAMS 0x0000000081700000, 0x0000000081600000| Complete 
|  23|0x0000000081700000, 0x0000000081800000, 0x0000000081800000|100%| O|  |TAMS 0x0000000081800000, 0x0000000081700000| Untracked 
|  24|0x0000000081800000, 0x0000000081900000, 0x0000000081900000|100%| O|  |TAMS 0x0000000081900000, 0x0000000081800000| Untracked 
|  25|0x0000000081900000, 0x0000000081a00000, 0x0000000081a00000|100%| O|  |TAMS 0x0000000081a00000, 0x0000000081900000| Untracked 
|  26|0x0000000081a00000, 0x0000000081b00000, 0x0000000081b00000|100%| O|  |TAMS 0x0000000081b00000, 0x0000000081a00000| Untracked 
|  27|0x0000000081b00000, 0x0000000081c00000, 0x0000000081c00000|100%| O|  |TAMS 0x0000000081c00000, 0x0000000081b00000| Complete 
|  28|0x0000000081c00000, 0x0000000081d00000, 0x0000000081d00000|100%| O|  |TAMS 0x0000000081d00000, 0x0000000081c00000| Untracked 
|  29|0x0000000081d00000, 0x0000000081e00000, 0x0000000081e00000|100%| O|  |TAMS 0x0000000081e00000, 0x0000000081d00000| Untracked 
|  30|0x0000000081e00000, 0x0000000081f00000, 0x0000000081f00000|100%| O|  |TAMS 0x0000000081f00000, 0x0000000081e00000| Untracked 
|  31|0x0000000081f00000, 0x0000000082000000, 0x0000000082000000|100%| O|  |TAMS 0x0000000082000000, 0x0000000081f00000| Complete 
|  32|0x0000000082000000, 0x0000000082100000, 0x0000000082100000|100%| O|  |TAMS 0x0000000082100000, 0x0000000082000000| Untracked 
|  33|0x0000000082100000, 0x0000000082200000, 0x0000000082200000|100%| O|  |TAMS 0x0000000082200000, 0x0000000082100000| Complete 
|  34|0x0000000082200000, 0x0000000082300000, 0x0000000082300000|100%| O|  |TAMS 0x0000000082300000, 0x0000000082200000| Untracked 
|  35|0x0000000082300000, 0x0000000082400000, 0x0000000082400000|100%| O|  |TAMS 0x0000000082400000, 0x0000000082300000| Complete 
|  36|0x0000000082400000, 0x0000000082500000, 0x0000000082500000|100%| O|  |TAMS 0x0000000082500000, 0x0000000082400000| Complete 
|  37|0x0000000082500000, 0x0000000082600000, 0x0000000082600000|100%| O|  |TAMS 0x0000000082600000, 0x0000000082500000| Complete 
|  38|0x0000000082600000, 0x0000000082700000, 0x0000000082700000|100%| O|  |TAMS 0x0000000082700000, 0x0000000082600000| Complete 
|  39|0x0000000082700000, 0x0000000082800000, 0x0000000082800000|100%| O|  |TAMS 0x0000000082800000, 0x0000000082700000| Untracked 
|  40|0x0000000082800000, 0x0000000082900000, 0x0000000082900000|100%| O|  |TAMS 0x0000000082900000, 0x0000000082800000| Complete 
|  41|0x0000000082900000, 0x0000000082a00000, 0x0000000082a00000|100%| O|  |TAMS 0x0000000082a00000, 0x0000000082900000| Untracked 
|  42|0x0000000082a00000, 0x0000000082b00000, 0x0000000082b00000|100%| O|  |TAMS 0x0000000082b00000, 0x0000000082a00000| Complete 
|  43|0x0000000082b00000, 0x0000000082c00000, 0x0000000082c00000|100%| O|  |TAMS 0x0000000082c00000, 0x0000000082b00000| Untracked 
|  44|0x0000000082c00000, 0x0000000082d00000, 0x0000000082d00000|100%| O|  |TAMS 0x0000000082d00000, 0x0000000082c00000| Untracked 
|  45|0x0000000082d00000, 0x0000000082e00000, 0x0000000082e00000|100%| O|  |TAMS 0x0000000082e00000, 0x0000000082d00000| Untracked 
|  46|0x0000000082e00000, 0x0000000082f00000, 0x0000000082f00000|100%| O|  |TAMS 0x0000000082f00000, 0x0000000082e00000| Complete 
|  47|0x0000000082f00000, 0x0000000083000000, 0x0000000083000000|100%| O|  |TAMS 0x0000000083000000, 0x0000000082f00000| Complete 
|  48|0x0000000083000000, 0x0000000083100000, 0x0000000083100000|100%| O|  |TAMS 0x0000000083100000, 0x0000000083000000| Complete 
|  49|0x0000000083100000, 0x0000000083200000, 0x0000000083200000|100%| O|  |TAMS 0x0000000083200000, 0x0000000083100000| Untracked 
|  50|0x0000000083200000, 0x0000000083300000, 0x0000000083300000|100%| O|  |TAMS 0x0000000083300000, 0x0000000083200000| Complete 
|  51|0x0000000083300000, 0x0000000083400000, 0x0000000083400000|100%| O|  |TAMS 0x0000000083400000, 0x0000000083300000| Complete 
|  52|0x0000000083400000, 0x0000000083500000, 0x0000000083500000|100%| O|  |TAMS 0x0000000083500000, 0x0000000083400000| Untracked 
|  53|0x0000000083500000, 0x0000000083600000, 0x0000000083600000|100%| O|  |TAMS 0x0000000083600000, 0x0000000083500000| Untracked 
|  54|0x0000000083600000, 0x0000000083700000, 0x0000000083700000|100%| O|  |TAMS 0x0000000083700000, 0x0000000083600000| Complete 
|  55|0x0000000083700000, 0x0000000083800000, 0x0000000083800000|100%| O|  |TAMS 0x0000000083800000, 0x0000000083700000| Untracked 
|  56|0x0000000083800000, 0x0000000083900000, 0x0000000083900000|100%| O|  |TAMS 0x0000000083900000, 0x0000000083800000| Complete 
|  57|0x0000000083900000, 0x0000000083a00000, 0x0000000083a00000|100%| O|  |TAMS 0x0000000083a00000, 0x0000000083900000| Untracked 
|  58|0x0000000083a00000, 0x0000000083b00000, 0x0000000083b00000|100%| O|  |TAMS 0x0000000083b00000, 0x0000000083a00000| Complete 
|  59|0x0000000083b00000, 0x0000000083c00000, 0x0000000083c00000|100%| O|  |TAMS 0x0000000083c00000, 0x0000000083b00000| Untracked 
|  60|0x0000000083c00000, 0x0000000083d00000, 0x0000000083d00000|100%| O|  |TAMS 0x0000000083d00000, 0x0000000083c00000| Untracked 
|  61|0x0000000083d00000, 0x0000000083e00000, 0x0000000083e00000|100%|HS|  |TAMS 0x0000000083e00000, 0x0000000083d00000| Complete 
|  62|0x0000000083e00000, 0x0000000083f00000, 0x0000000083f00000|100%| O|  |TAMS 0x0000000083f00000, 0x0000000083e00000| Complete 
|  63|0x0000000083f00000, 0x0000000084000000, 0x0000000084000000|100%| O|  |TAMS 0x0000000084000000, 0x0000000083f00000| Complete 
|  64|0x0000000084000000, 0x0000000084100000, 0x0000000084100000|100%| O|  |TAMS 0x0000000084100000, 0x0000000084000000| Untracked 
|  65|0x0000000084100000, 0x0000000084200000, 0x0000000084200000|100%| O|  |TAMS 0x0000000084200000, 0x0000000084100000| Untracked 
|  66|0x0000000084200000, 0x0000000084300000, 0x0000000084300000|100%| O|  |TAMS 0x0000000084300000, 0x0000000084200000| Complete 
|  67|0x0000000084300000, 0x0000000084400000, 0x0000000084400000|100%| O|  |TAMS 0x0000000084400000, 0x0000000084300000| Untracked 
|  68|0x0000000084400000, 0x0000000084500000, 0x0000000084500000|100%| O|  |TAMS 0x0000000084500000, 0x0000000084400000| Untracked 
|  69|0x0000000084500000, 0x0000000084600000, 0x0000000084600000|100%| O|  |TAMS 0x0000000084600000, 0x0000000084500000| Untracked 
|  70|0x0000000084600000, 0x0000000084700000, 0x0000000084700000|100%| O|  |TAMS 0x0000000084700000, 0x0000000084600000| Untracked 
|  71|0x0000000084700000, 0x0000000084800000, 0x0000000084800000|100%| O|  |TAMS 0x0000000084800000, 0x0000000084700000| Untracked 
|  72|0x0000000084800000, 0x0000000084900000, 0x0000000084900000|100%| O|  |TAMS 0x0000000084900000, 0x0000000084800000| Untracked 
|  73|0x0000000084900000, 0x0000000084a00000, 0x0000000084a00000|100%| O|  |TAMS 0x0000000084a00000, 0x0000000084900000| Complete 
|  74|0x0000000084a00000, 0x0000000084b00000, 0x0000000084b00000|100%| O|  |TAMS 0x0000000084b00000, 0x0000000084a00000| Untracked 
|  75|0x0000000084b00000, 0x0000000084c00000, 0x0000000084c00000|100%| O|  |TAMS 0x0000000084c00000, 0x0000000084b00000| Untracked 
|  76|0x0000000084c00000, 0x0000000084d00000, 0x0000000084d00000|100%| O|  |TAMS 0x0000000084d00000, 0x0000000084c00000| Untracked 
|  77|0x0000000084d00000, 0x0000000084e00000, 0x0000000084e00000|100%| O|  |TAMS 0x0000000084e00000, 0x0000000084d00000| Untracked 
|  78|0x0000000084e00000, 0x0000000084f00000, 0x0000000084f00000|100%| O|  |TAMS 0x0000000084f00000, 0x0000000084e00000| Complete 
|  79|0x0000000084f00000, 0x0000000085000000, 0x0000000085000000|100%| O|  |TAMS 0x0000000085000000, 0x0000000084f00000| Untracked 
|  80|0x0000000085000000, 0x0000000085100000, 0x0000000085100000|100%| O|  |TAMS 0x0000000085100000, 0x0000000085000000| Complete 
|  81|0x0000000085100000, 0x0000000085200000, 0x0000000085200000|100%| O|  |TAMS 0x0000000085200000, 0x0000000085100000| Untracked 
|  82|0x0000000085200000, 0x0000000085300000, 0x0000000085300000|100%| O|  |TAMS 0x0000000085300000, 0x0000000085200000| Complete 
|  83|0x0000000085300000, 0x0000000085400000, 0x0000000085400000|100%| O|  |TAMS 0x0000000085400000, 0x0000000085300000| Untracked 
|  84|0x0000000085400000, 0x0000000085500000, 0x0000000085500000|100%| O|  |TAMS 0x0000000085500000, 0x0000000085400000| Untracked 
|  85|0x0000000085500000, 0x0000000085600000, 0x0000000085600000|100%| O|  |TAMS 0x0000000085600000, 0x0000000085500000| Complete 
|  86|0x0000000085600000, 0x0000000085700000, 0x0000000085700000|100%| O|  |TAMS 0x0000000085700000, 0x0000000085600000| Complete 
|  87|0x0000000085700000, 0x0000000085800000, 0x0000000085800000|100%| O|  |TAMS 0x0000000085800000, 0x0000000085700000| Complete 
|  88|0x0000000085800000, 0x0000000085900000, 0x0000000085900000|100%| O|  |TAMS 0x0000000085900000, 0x0000000085800000| Untracked 
|  89|0x0000000085900000, 0x0000000085a00000, 0x0000000085a00000|100%| O|  |TAMS 0x0000000085a00000, 0x0000000085900000| Untracked 
|  90|0x0000000085a00000, 0x0000000085b00000, 0x0000000085b00000|100%| O|  |TAMS 0x0000000085b00000, 0x0000000085a00000| Complete 
|  91|0x0000000085b00000, 0x0000000085c00000, 0x0000000085c00000|100%| O|  |TAMS 0x0000000085c00000, 0x0000000085b00000| Untracked 
|  92|0x0000000085c00000, 0x0000000085d00000, 0x0000000085d00000|100%| O|  |TAMS 0x0000000085d00000, 0x0000000085c00000| Untracked 
|  93|0x0000000085d00000, 0x0000000085e00000, 0x0000000085e00000|100%| O|  |TAMS 0x0000000085e00000, 0x0000000085d00000| Untracked 
|  94|0x0000000085e00000, 0x0000000085f00000, 0x0000000085f00000|100%| O|  |TAMS 0x0000000085f00000, 0x0000000085e00000| Complete 
|  95|0x0000000085f00000, 0x0000000086000000, 0x0000000086000000|100%| O|  |TAMS 0x0000000086000000, 0x0000000085f00000| Complete 
|  96|0x0000000086000000, 0x0000000086100000, 0x0000000086100000|100%| O|  |TAMS 0x0000000086100000, 0x0000000086000000| Complete 
|  97|0x0000000086100000, 0x0000000086200000, 0x0000000086200000|100%| O|  |TAMS 0x0000000086200000, 0x0000000086100000| Untracked 
|  98|0x0000000086200000, 0x0000000086300000, 0x0000000086300000|100%|HS|  |TAMS 0x0000000086300000, 0x0000000086200000| Complete 
|  99|0x0000000086300000, 0x0000000086400000, 0x0000000086400000|100%| O|  |TAMS 0x0000000086400000, 0x0000000086300000| Untracked 
| 100|0x0000000086400000, 0x0000000086500000, 0x0000000086500000|100%| O|  |TAMS 0x0000000086400000, 0x0000000086400000| Untracked 
| 101|0x0000000086500000, 0x0000000086600000, 0x0000000086600000|100%| O|  |TAMS 0x0000000086600000, 0x0000000086500000| Complete 
| 102|0x0000000086600000, 0x0000000086700000, 0x0000000086700000|100%| O|  |TAMS 0x0000000086600000, 0x0000000086600000| Untracked 
| 103|0x0000000086700000, 0x0000000086800000, 0x0000000086800000|100%| O|  |TAMS 0x0000000086800000, 0x0000000086700000| Complete 
| 104|0x0000000086800000, 0x0000000086900000, 0x0000000086900000|100%| O|  |TAMS 0x0000000086900000, 0x0000000086800000| Complete 
| 105|0x0000000086900000, 0x0000000086a00000, 0x0000000086a00000|100%| O|  |TAMS 0x0000000086a00000, 0x0000000086900000| Untracked 
| 106|0x0000000086a00000, 0x0000000086b00000, 0x0000000086b00000|100%| O|  |TAMS 0x0000000086b00000, 0x0000000086a00000| Untracked 
| 107|0x0000000086b00000, 0x0000000086c00000, 0x0000000086c00000|100%| O|  |TAMS 0x0000000086c00000, 0x0000000086b00000| Complete 
| 108|0x0000000086c00000, 0x0000000086d00000, 0x0000000086d00000|100%| O|  |TAMS 0x0000000086d00000, 0x0000000086c00000| Complete 
| 109|0x0000000086d00000, 0x0000000086e00000, 0x0000000086e00000|100%| O|  |TAMS 0x0000000086e00000, 0x0000000086d00000| Complete 
| 110|0x0000000086e00000, 0x0000000086f00000, 0x0000000086f00000|100%| O|  |TAMS 0x0000000086f00000, 0x0000000086e00000| Complete 
| 111|0x0000000086f00000, 0x0000000087000000, 0x0000000087000000|100%| O|  |TAMS 0x0000000087000000, 0x0000000086f00000| Complete 
| 112|0x0000000087000000, 0x0000000087100000, 0x0000000087100000|100%| O|  |TAMS 0x0000000087100000, 0x0000000087000000| Complete 
| 113|0x0000000087100000, 0x0000000087200000, 0x0000000087200000|100%| O|  |TAMS 0x0000000087200000, 0x0000000087100000| Untracked 
| 114|0x0000000087200000, 0x0000000087300000, 0x0000000087300000|100%| O|  |TAMS 0x0000000087300000, 0x0000000087200000| Untracked 
| 115|0x0000000087300000, 0x0000000087400000, 0x0000000087400000|100%| O|  |TAMS 0x0000000087400000, 0x0000000087300000| Complete 
| 116|0x0000000087400000, 0x0000000087500000, 0x0000000087500000|100%| O|  |TAMS 0x0000000087500000, 0x0000000087400000| Complete 
| 117|0x0000000087500000, 0x0000000087600000, 0x0000000087600000|100%| O|  |TAMS 0x0000000087600000, 0x0000000087500000| Complete 
| 118|0x0000000087600000, 0x0000000087700000, 0x0000000087700000|100%| O|  |TAMS 0x0000000087700000, 0x0000000087600000| Complete 
| 119|0x0000000087700000, 0x0000000087800000, 0x0000000087800000|100%| O|  |TAMS 0x0000000087800000, 0x0000000087700000| Complete 
| 120|0x0000000087800000, 0x0000000087900000, 0x0000000087900000|100%| O|  |TAMS 0x0000000087900000, 0x0000000087800000| Complete 
| 121|0x0000000087900000, 0x0000000087a00000, 0x0000000087a00000|100%| O|  |TAMS 0x0000000087a00000, 0x0000000087900000| Complete 
| 122|0x0000000087a00000, 0x0000000087b00000, 0x0000000087b00000|100%| O|  |TAMS 0x0000000087b00000, 0x0000000087a00000| Complete 
| 123|0x0000000087b00000, 0x0000000087c00000, 0x0000000087c00000|100%| O|  |TAMS 0x0000000087c00000, 0x0000000087b00000| Untracked 
| 124|0x0000000087c00000, 0x0000000087d00000, 0x0000000087d00000|100%| O|  |TAMS 0x0000000087d00000, 0x0000000087c00000| Complete 
| 125|0x0000000087d00000, 0x0000000087e00000, 0x0000000087e00000|100%| O|  |TAMS 0x0000000087e00000, 0x0000000087d00000| Untracked 
| 126|0x0000000087e00000, 0x0000000087f00000, 0x0000000087f00000|100%| O|  |TAMS 0x0000000087f00000, 0x0000000087e00000| Untracked 
| 127|0x0000000087f00000, 0x0000000088000000, 0x0000000088000000|100%| O|  |TAMS 0x0000000088000000, 0x0000000087f00000| Complete 
| 128|0x0000000088000000, 0x0000000088100000, 0x0000000088100000|100%| O|  |TAMS 0x0000000088100000, 0x0000000088000000| Untracked 
| 129|0x0000000088100000, 0x0000000088200000, 0x0000000088200000|100%| O|  |TAMS 0x0000000088200000, 0x0000000088100000| Untracked 
| 130|0x0000000088200000, 0x0000000088300000, 0x0000000088300000|100%| O|  |TAMS 0x0000000088300000, 0x0000000088200000| Complete 
| 131|0x0000000088300000, 0x0000000088400000, 0x0000000088400000|100%| O|  |TAMS 0x0000000088400000, 0x0000000088300000| Untracked 
| 132|0x0000000088400000, 0x0000000088500000, 0x0000000088500000|100%| O|  |TAMS 0x0000000088500000, 0x0000000088400000| Complete 
| 133|0x0000000088500000, 0x0000000088600000, 0x0000000088600000|100%| O|  |TAMS 0x0000000088600000, 0x0000000088500000| Complete 
| 134|0x0000000088600000, 0x0000000088700000, 0x0000000088700000|100%| O|  |TAMS 0x0000000088700000, 0x0000000088600000| Untracked 
| 135|0x0000000088700000, 0x0000000088800000, 0x0000000088800000|100%| O|  |TAMS 0x0000000088800000, 0x0000000088700000| Untracked 
| 136|0x0000000088800000, 0x0000000088900000, 0x0000000088900000|100%| O|  |TAMS 0x0000000088900000, 0x0000000088800000| Complete 
| 137|0x0000000088900000, 0x0000000088a00000, 0x0000000088a00000|100%| O|  |TAMS 0x0000000088a00000, 0x0000000088900000| Complete 
| 138|0x0000000088a00000, 0x0000000088b00000, 0x0000000088b00000|100%| O|  |TAMS 0x0000000088b00000, 0x0000000088a00000| Untracked 
| 139|0x0000000088b00000, 0x0000000088c00000, 0x0000000088c00000|100%| O|  |TAMS 0x0000000088c00000, 0x0000000088b00000| Complete 
| 140|0x0000000088c00000, 0x0000000088d00000, 0x0000000088d00000|100%| O|  |TAMS 0x0000000088d00000, 0x0000000088c00000| Complete 
| 141|0x0000000088d00000, 0x0000000088e00000, 0x0000000088e00000|100%| O|  |TAMS 0x0000000088d7d800, 0x0000000088d00000| Untracked 
| 142|0x0000000088e00000, 0x0000000088f00000, 0x0000000088f00000|100%|HS|  |TAMS 0x0000000088e00000, 0x0000000088e00000| Complete 
| 143|0x0000000088f00000, 0x0000000089000000, 0x0000000089000000|100%|HS|  |TAMS 0x0000000088f00000, 0x0000000088f00000| Complete 
| 144|0x0000000089000000, 0x000000008906ce00, 0x0000000089100000| 42%| O|  |TAMS 0x0000000089000000, 0x0000000089000000| Untracked 
| 145|0x0000000089100000, 0x0000000089100000, 0x0000000089200000|  0%| F|  |TAMS 0x0000000089100000, 0x0000000089100000| Untracked 
| 146|0x0000000089200000, 0x0000000089200000, 0x0000000089300000|  0%| F|  |TAMS 0x0000000089200000, 0x0000000089200000| Untracked 
| 147|0x0000000089300000, 0x0000000089300000, 0x0000000089400000|  0%| F|  |TAMS 0x0000000089300000, 0x0000000089300000| Untracked 
| 148|0x0000000089400000, 0x0000000089400000, 0x0000000089500000|  0%| F|  |TAMS 0x0000000089400000, 0x0000000089400000| Untracked 
| 149|0x0000000089500000, 0x0000000089500000, 0x0000000089600000|  0%| F|  |TAMS 0x0000000089500000, 0x0000000089500000| Untracked 
| 150|0x0000000089600000, 0x0000000089600000, 0x0000000089700000|  0%| F|  |TAMS 0x0000000089600000, 0x0000000089600000| Untracked 
| 151|0x0000000089700000, 0x0000000089700000, 0x0000000089800000|  0%| F|  |TAMS 0x0000000089700000, 0x0000000089700000| Untracked 
| 152|0x0000000089800000, 0x0000000089800000, 0x0000000089900000|  0%| F|  |TAMS 0x0000000089800000, 0x0000000089800000| Untracked 
| 153|0x0000000089900000, 0x0000000089900000, 0x0000000089a00000|  0%| F|  |TAMS 0x0000000089900000, 0x0000000089900000| Untracked 
| 154|0x0000000089a00000, 0x0000000089a00000, 0x0000000089b00000|  0%| F|  |TAMS 0x0000000089a00000, 0x0000000089a00000| Untracked 
| 155|0x0000000089b00000, 0x0000000089b00000, 0x0000000089c00000|  0%| F|  |TAMS 0x0000000089b00000, 0x0000000089b00000| Untracked 
| 156|0x0000000089c00000, 0x0000000089c00000, 0x0000000089d00000|  0%| F|  |TAMS 0x0000000089c00000, 0x0000000089c00000| Untracked 
| 157|0x0000000089d00000, 0x0000000089d00000, 0x0000000089e00000|  0%| F|  |TAMS 0x0000000089d00000, 0x0000000089d00000| Untracked 
| 158|0x0000000089e00000, 0x0000000089e00000, 0x0000000089f00000|  0%| F|  |TAMS 0x0000000089e00000, 0x0000000089e00000| Untracked 
| 159|0x0000000089f00000, 0x0000000089f00000, 0x000000008a000000|  0%| F|  |TAMS 0x0000000089f00000, 0x0000000089f00000| Untracked 
| 160|0x000000008a000000, 0x000000008a000000, 0x000000008a100000|  0%| F|  |TAMS 0x000000008a000000, 0x000000008a000000| Untracked 
| 161|0x000000008a100000, 0x000000008a100000, 0x000000008a200000|  0%| F|  |TAMS 0x000000008a100000, 0x000000008a100000| Untracked 
| 162|0x000000008a200000, 0x000000008a200000, 0x000000008a300000|  0%| F|  |TAMS 0x000000008a200000, 0x000000008a200000| Untracked 
| 163|0x000000008a300000, 0x000000008a300000, 0x000000008a400000|  0%| F|  |TAMS 0x000000008a300000, 0x000000008a300000| Untracked 
| 164|0x000000008a400000, 0x000000008a400000, 0x000000008a500000|  0%| F|  |TAMS 0x000000008a400000, 0x000000008a400000| Untracked 
| 165|0x000000008a500000, 0x000000008a500000, 0x000000008a600000|  0%| F|  |TAMS 0x000000008a500000, 0x000000008a500000| Untracked 
| 166|0x000000008a600000, 0x000000008a600000, 0x000000008a700000|  0%| F|  |TAMS 0x000000008a600000, 0x000000008a600000| Untracked 
| 167|0x000000008a700000, 0x000000008a700000, 0x000000008a800000|  0%| F|  |TAMS 0x000000008a700000, 0x000000008a700000| Untracked 
| 168|0x000000008a800000, 0x000000008a800000, 0x000000008a900000|  0%| F|  |TAMS 0x000000008a800000, 0x000000008a800000| Untracked 
| 169|0x000000008a900000, 0x000000008a900000, 0x000000008aa00000|  0%| F|  |TAMS 0x000000008a900000, 0x000000008a900000| Untracked 
| 170|0x000000008aa00000, 0x000000008aa00000, 0x000000008ab00000|  0%| F|  |TAMS 0x000000008aa00000, 0x000000008aa00000| Untracked 
| 171|0x000000008ab00000, 0x000000008ab00000, 0x000000008ac00000|  0%| F|  |TAMS 0x000000008ab00000, 0x000000008ab00000| Untracked 
| 172|0x000000008ac00000, 0x000000008ac00000, 0x000000008ad00000|  0%| F|  |TAMS 0x000000008ac00000, 0x000000008ac00000| Untracked 
| 173|0x000000008ad00000, 0x000000008ad00000, 0x000000008ae00000|  0%| F|  |TAMS 0x000000008ad00000, 0x000000008ad00000| Untracked 
| 174|0x000000008ae00000, 0x000000008ae00000, 0x000000008af00000|  0%| F|  |TAMS 0x000000008ae00000, 0x000000008ae00000| Untracked 
| 175|0x000000008af00000, 0x000000008af00000, 0x000000008b000000|  0%| F|  |TAMS 0x000000008af00000, 0x000000008af00000| Untracked 
| 176|0x000000008b000000, 0x000000008b000000, 0x000000008b100000|  0%| F|  |TAMS 0x000000008b000000, 0x000000008b000000| Untracked 
| 177|0x000000008b100000, 0x000000008b100000, 0x000000008b200000|  0%| F|  |TAMS 0x000000008b100000, 0x000000008b100000| Untracked 
| 178|0x000000008b200000, 0x000000008b200000, 0x000000008b300000|  0%| F|  |TAMS 0x000000008b200000, 0x000000008b200000| Untracked 
| 179|0x000000008b300000, 0x000000008b300000, 0x000000008b400000|  0%| F|  |TAMS 0x000000008b300000, 0x000000008b300000| Untracked 
| 180|0x000000008b400000, 0x000000008b400000, 0x000000008b500000|  0%| F|  |TAMS 0x000000008b400000, 0x000000008b400000| Untracked 
| 181|0x000000008b500000, 0x000000008b500000, 0x000000008b600000|  0%| F|  |TAMS 0x000000008b500000, 0x000000008b500000| Untracked 
| 182|0x000000008b600000, 0x000000008b600000, 0x000000008b700000|  0%| F|  |TAMS 0x000000008b600000, 0x000000008b600000| Untracked 
| 183|0x000000008b700000, 0x000000008b700000, 0x000000008b800000|  0%| F|  |TAMS 0x000000008b700000, 0x000000008b700000| Untracked 
| 184|0x000000008b800000, 0x000000008b800000, 0x000000008b900000|  0%| F|  |TAMS 0x000000008b800000, 0x000000008b800000| Untracked 
| 185|0x000000008b900000, 0x000000008b900000, 0x000000008ba00000|  0%| F|  |TAMS 0x000000008b900000, 0x000000008b900000| Untracked 
| 186|0x000000008ba00000, 0x000000008ba00000, 0x000000008bb00000|  0%| F|  |TAMS 0x000000008ba00000, 0x000000008ba00000| Untracked 
| 187|0x000000008bb00000, 0x000000008bb00000, 0x000000008bc00000|  0%| F|  |TAMS 0x000000008bb00000, 0x000000008bb00000| Untracked 
| 188|0x000000008bc00000, 0x000000008bc00000, 0x000000008bd00000|  0%| F|  |TAMS 0x000000008bc00000, 0x000000008bc00000| Untracked 
| 189|0x000000008bd00000, 0x000000008bd00000, 0x000000008be00000|  0%| F|  |TAMS 0x000000008bd00000, 0x000000008bd00000| Untracked 
| 190|0x000000008be00000, 0x000000008be00000, 0x000000008bf00000|  0%| F|  |TAMS 0x000000008be00000, 0x000000008be00000| Untracked 
| 191|0x000000008bf00000, 0x000000008bf00000, 0x000000008c000000|  0%| F|  |TAMS 0x000000008bf00000, 0x000000008bf00000| Untracked 
| 192|0x000000008c000000, 0x000000008c000000, 0x000000008c100000|  0%| F|  |TAMS 0x000000008c000000, 0x000000008c000000| Untracked 
| 193|0x000000008c100000, 0x000000008c100000, 0x000000008c200000|  0%| F|  |TAMS 0x000000008c100000, 0x000000008c100000| Untracked 
| 194|0x000000008c200000, 0x000000008c200000, 0x000000008c300000|  0%| F|  |TAMS 0x000000008c200000, 0x000000008c200000| Untracked 
| 195|0x000000008c300000, 0x000000008c300000, 0x000000008c400000|  0%| F|  |TAMS 0x000000008c300000, 0x000000008c300000| Untracked 
| 196|0x000000008c400000, 0x000000008c400000, 0x000000008c500000|  0%| F|  |TAMS 0x000000008c400000, 0x000000008c400000| Untracked 
| 197|0x000000008c500000, 0x000000008c500000, 0x000000008c600000|  0%| F|  |TAMS 0x000000008c500000, 0x000000008c500000| Untracked 
| 198|0x000000008c600000, 0x000000008c600000, 0x000000008c700000|  0%| F|  |TAMS 0x000000008c600000, 0x000000008c600000| Untracked 
| 199|0x000000008c700000, 0x000000008c700000, 0x000000008c800000|  0%| F|  |TAMS 0x000000008c700000, 0x000000008c700000| Untracked 
| 200|0x000000008c800000, 0x000000008c800000, 0x000000008c900000|  0%| F|  |TAMS 0x000000008c800000, 0x000000008c800000| Untracked 
| 201|0x000000008c900000, 0x000000008c900000, 0x000000008ca00000|  0%| F|  |TAMS 0x000000008c900000, 0x000000008c900000| Untracked 
| 202|0x000000008ca00000, 0x000000008ca00000, 0x000000008cb00000|  0%| F|  |TAMS 0x000000008ca00000, 0x000000008ca00000| Untracked 
| 203|0x000000008cb00000, 0x000000008cb00000, 0x000000008cc00000|  0%| F|  |TAMS 0x000000008cb00000, 0x000000008cb00000| Untracked 
| 204|0x000000008cc00000, 0x000000008cc00000, 0x000000008cd00000|  0%| F|  |TAMS 0x000000008cc00000, 0x000000008cc00000| Untracked 
| 205|0x000000008cd00000, 0x000000008cd00000, 0x000000008ce00000|  0%| F|  |TAMS 0x000000008cd00000, 0x000000008cd00000| Untracked 
| 206|0x000000008ce00000, 0x000000008ce00000, 0x000000008cf00000|  0%| F|  |TAMS 0x000000008ce00000, 0x000000008ce00000| Untracked 
| 207|0x000000008cf00000, 0x000000008cf00000, 0x000000008d000000|  0%| F|  |TAMS 0x000000008cf00000, 0x000000008cf00000| Untracked 
| 208|0x000000008d000000, 0x000000008d000000, 0x000000008d100000|  0%| F|  |TAMS 0x000000008d000000, 0x000000008d000000| Untracked 
| 209|0x000000008d100000, 0x000000008d100000, 0x000000008d200000|  0%| F|  |TAMS 0x000000008d100000, 0x000000008d100000| Untracked 
| 210|0x000000008d200000, 0x000000008d200000, 0x000000008d300000|  0%| F|  |TAMS 0x000000008d200000, 0x000000008d200000| Untracked 
| 211|0x000000008d300000, 0x000000008d300000, 0x000000008d400000|  0%| F|  |TAMS 0x000000008d300000, 0x000000008d300000| Untracked 
| 212|0x000000008d400000, 0x000000008d400000, 0x000000008d500000|  0%| F|  |TAMS 0x000000008d400000, 0x000000008d400000| Untracked 
| 213|0x000000008d500000, 0x000000008d500000, 0x000000008d600000|  0%| F|  |TAMS 0x000000008d500000, 0x000000008d500000| Untracked 
| 214|0x000000008d600000, 0x000000008d600000, 0x000000008d700000|  0%| F|  |TAMS 0x000000008d600000, 0x000000008d600000| Untracked 
| 215|0x000000008d700000, 0x000000008d700000, 0x000000008d800000|  0%| F|  |TAMS 0x000000008d700000, 0x000000008d700000| Untracked 
| 216|0x000000008d800000, 0x000000008d800000, 0x000000008d900000|  0%| F|  |TAMS 0x000000008d800000, 0x000000008d800000| Untracked 
| 217|0x000000008d900000, 0x000000008d900000, 0x000000008da00000|  0%| F|  |TAMS 0x000000008d900000, 0x000000008d900000| Untracked 
| 218|0x000000008da00000, 0x000000008da00000, 0x000000008db00000|  0%| F|  |TAMS 0x000000008da00000, 0x000000008da00000| Untracked 
| 219|0x000000008db00000, 0x000000008db00000, 0x000000008dc00000|  0%| F|  |TAMS 0x000000008db00000, 0x000000008db00000| Untracked 
| 220|0x000000008dc00000, 0x000000008dc00000, 0x000000008dd00000|  0%| F|  |TAMS 0x000000008dc00000, 0x000000008dc00000| Untracked 
| 221|0x000000008dd00000, 0x000000008dd00000, 0x000000008de00000|  0%| F|  |TAMS 0x000000008dd00000, 0x000000008dd00000| Untracked 
| 222|0x000000008de00000, 0x000000008de00000, 0x000000008df00000|  0%| F|  |TAMS 0x000000008de00000, 0x000000008de00000| Untracked 
| 223|0x000000008df00000, 0x000000008df00000, 0x000000008e000000|  0%| F|  |TAMS 0x000000008df00000, 0x000000008df00000| Untracked 
| 224|0x000000008e000000, 0x000000008e000000, 0x000000008e100000|  0%| F|  |TAMS 0x000000008e000000, 0x000000008e000000| Untracked 
| 225|0x000000008e100000, 0x000000008e100000, 0x000000008e200000|  0%| F|  |TAMS 0x000000008e100000, 0x000000008e100000| Untracked 
| 226|0x000000008e200000, 0x000000008e200000, 0x000000008e300000|  0%| F|  |TAMS 0x000000008e200000, 0x000000008e200000| Untracked 
| 227|0x000000008e300000, 0x000000008e300000, 0x000000008e400000|  0%| F|  |TAMS 0x000000008e300000, 0x000000008e300000| Untracked 
| 228|0x000000008e400000, 0x000000008e400000, 0x000000008e500000|  0%| F|  |TAMS 0x000000008e400000, 0x000000008e400000| Untracked 
| 229|0x000000008e500000, 0x000000008e5700a8, 0x000000008e600000| 43%| S|CS|TAMS 0x000000008e500000, 0x000000008e500000| Complete 
| 230|0x000000008e600000, 0x000000008e700000, 0x000000008e700000|100%| S|CS|TAMS 0x000000008e600000, 0x000000008e600000| Complete 
| 231|0x000000008e700000, 0x000000008e800000, 0x000000008e800000|100%| S|CS|TAMS 0x000000008e700000, 0x000000008e700000| Complete 
| 232|0x000000008e800000, 0x000000008e800000, 0x000000008e900000|  0%| F|  |TAMS 0x000000008e800000, 0x000000008e800000| Untracked 
| 233|0x000000008e900000, 0x000000008e900000, 0x000000008ea00000|  0%| F|  |TAMS 0x000000008e900000, 0x000000008e900000| Untracked 
| 234|0x000000008ea00000, 0x000000008ea00000, 0x000000008eb00000|  0%| F|  |TAMS 0x000000008ea00000, 0x000000008ea00000| Untracked 
| 235|0x000000008eb00000, 0x000000008eb00000, 0x000000008ec00000|  0%| F|  |TAMS 0x000000008eb00000, 0x000000008eb00000| Untracked 
| 236|0x000000008ec00000, 0x000000008ec00000, 0x000000008ed00000|  0%| F|  |TAMS 0x000000008ec00000, 0x000000008ec00000| Untracked 
| 237|0x000000008ed00000, 0x000000008ed00000, 0x000000008ee00000|  0%| F|  |TAMS 0x000000008ed00000, 0x000000008ed00000| Untracked 
| 238|0x000000008ee00000, 0x000000008ee00000, 0x000000008ef00000|  0%| F|  |TAMS 0x000000008ee00000, 0x000000008ee00000| Untracked 
| 239|0x000000008ef00000, 0x000000008ef00000, 0x000000008f000000|  0%| F|  |TAMS 0x000000008ef00000, 0x000000008ef00000| Untracked 
| 240|0x000000008f000000, 0x000000008f000000, 0x000000008f100000|  0%| F|  |TAMS 0x000000008f000000, 0x000000008f000000| Untracked 
| 241|0x000000008f100000, 0x000000008f100000, 0x000000008f200000|  0%| F|  |TAMS 0x000000008f100000, 0x000000008f100000| Untracked 
| 242|0x000000008f200000, 0x000000008f200000, 0x000000008f300000|  0%| F|  |TAMS 0x000000008f200000, 0x000000008f200000| Untracked 
| 243|0x000000008f300000, 0x000000008f300000, 0x000000008f400000|  0%| F|  |TAMS 0x000000008f300000, 0x000000008f300000| Untracked 
| 244|0x000000008f400000, 0x000000008f400000, 0x000000008f500000|  0%| F|  |TAMS 0x000000008f400000, 0x000000008f400000| Untracked 
| 245|0x000000008f500000, 0x000000008f500000, 0x000000008f600000|  0%| F|  |TAMS 0x000000008f500000, 0x000000008f500000| Untracked 
| 246|0x000000008f600000, 0x000000008f600000, 0x000000008f700000|  0%| F|  |TAMS 0x000000008f600000, 0x000000008f600000| Untracked 
| 247|0x000000008f700000, 0x000000008f700000, 0x000000008f800000|  0%| F|  |TAMS 0x000000008f700000, 0x000000008f700000| Untracked 
| 248|0x000000008f800000, 0x000000008f800000, 0x000000008f900000|  0%| F|  |TAMS 0x000000008f800000, 0x000000008f800000| Untracked 
| 249|0x000000008f900000, 0x000000008f900000, 0x000000008fa00000|  0%| F|  |TAMS 0x000000008f900000, 0x000000008f900000| Untracked 
| 250|0x000000008fa00000, 0x000000008fa00000, 0x000000008fb00000|  0%| F|  |TAMS 0x000000008fa00000, 0x000000008fa00000| Untracked 
| 251|0x000000008fb00000, 0x000000008fb00000, 0x000000008fc00000|  0%| F|  |TAMS 0x000000008fb00000, 0x000000008fb00000| Untracked 
| 252|0x000000008fc00000, 0x000000008fc00000, 0x000000008fd00000|  0%| F|  |TAMS 0x000000008fc00000, 0x000000008fc00000| Untracked 
| 253|0x000000008fd00000, 0x000000008fd00000, 0x000000008fe00000|  0%| F|  |TAMS 0x000000008fd00000, 0x000000008fd00000| Untracked 
| 254|0x000000008fe00000, 0x000000008fe00000, 0x000000008ff00000|  0%| F|  |TAMS 0x000000008fe00000, 0x000000008fe00000| Untracked 
| 255|0x000000008ff00000, 0x000000008ff00000, 0x0000000090000000|  0%| F|  |TAMS 0x000000008ff00000, 0x000000008ff00000| Untracked 
| 256|0x0000000090000000, 0x0000000090000000, 0x0000000090100000|  0%| F|  |TAMS 0x0000000090000000, 0x0000000090000000| Untracked 
| 257|0x0000000090100000, 0x0000000090100000, 0x0000000090200000|  0%| F|  |TAMS 0x0000000090100000, 0x0000000090100000| Untracked 
| 258|0x0000000090200000, 0x0000000090200000, 0x0000000090300000|  0%| F|  |TAMS 0x0000000090200000, 0x0000000090200000| Untracked 
| 259|0x0000000090300000, 0x0000000090300000, 0x0000000090400000|  0%| F|  |TAMS 0x0000000090300000, 0x0000000090300000| Untracked 
| 260|0x0000000090400000, 0x0000000090400000, 0x0000000090500000|  0%| F|  |TAMS 0x0000000090400000, 0x0000000090400000| Untracked 
| 261|0x0000000090500000, 0x0000000090500000, 0x0000000090600000|  0%| F|  |TAMS 0x0000000090500000, 0x0000000090500000| Untracked 
| 262|0x0000000090600000, 0x0000000090600000, 0x0000000090700000|  0%| F|  |TAMS 0x0000000090600000, 0x0000000090600000| Untracked 
| 263|0x0000000090700000, 0x0000000090700000, 0x0000000090800000|  0%| F|  |TAMS 0x0000000090700000, 0x0000000090700000| Untracked 
| 264|0x0000000090800000, 0x0000000090800000, 0x0000000090900000|  0%| F|  |TAMS 0x0000000090800000, 0x0000000090800000| Untracked 
| 265|0x0000000090900000, 0x0000000090900000, 0x0000000090a00000|  0%| F|  |TAMS 0x0000000090900000, 0x0000000090900000| Untracked 
| 266|0x0000000090a00000, 0x0000000090a00000, 0x0000000090b00000|  0%| F|  |TAMS 0x0000000090a00000, 0x0000000090a00000| Untracked 
| 267|0x0000000090b00000, 0x0000000090b00000, 0x0000000090c00000|  0%| F|  |TAMS 0x0000000090b00000, 0x0000000090b00000| Untracked 
| 268|0x0000000090c00000, 0x0000000090c00000, 0x0000000090d00000|  0%| F|  |TAMS 0x0000000090c00000, 0x0000000090c00000| Untracked 
| 269|0x0000000090d00000, 0x0000000090d00000, 0x0000000090e00000|  0%| F|  |TAMS 0x0000000090d00000, 0x0000000090d00000| Untracked 
| 270|0x0000000090e00000, 0x0000000090e00000, 0x0000000090f00000|  0%| F|  |TAMS 0x0000000090e00000, 0x0000000090e00000| Untracked 
| 271|0x0000000090f00000, 0x0000000090f00000, 0x0000000091000000|  0%| F|  |TAMS 0x0000000090f00000, 0x0000000090f00000| Untracked 
| 272|0x0000000091000000, 0x0000000091000000, 0x0000000091100000|  0%| F|  |TAMS 0x0000000091000000, 0x0000000091000000| Untracked 
| 273|0x0000000091100000, 0x0000000091100000, 0x0000000091200000|  0%| F|  |TAMS 0x0000000091100000, 0x0000000091100000| Untracked 
| 274|0x0000000091200000, 0x0000000091200000, 0x0000000091300000|  0%| F|  |TAMS 0x0000000091200000, 0x0000000091200000| Untracked 
| 275|0x0000000091300000, 0x0000000091300000, 0x0000000091400000|  0%| F|  |TAMS 0x0000000091300000, 0x0000000091300000| Untracked 
| 276|0x0000000091400000, 0x0000000091400000, 0x0000000091500000|  0%| F|  |TAMS 0x0000000091400000, 0x0000000091400000| Untracked 
| 277|0x0000000091500000, 0x0000000091500000, 0x0000000091600000|  0%| F|  |TAMS 0x0000000091500000, 0x0000000091500000| Untracked 
| 278|0x0000000091600000, 0x0000000091600000, 0x0000000091700000|  0%| F|  |TAMS 0x0000000091600000, 0x0000000091600000| Untracked 
| 279|0x0000000091700000, 0x0000000091700000, 0x0000000091800000|  0%| F|  |TAMS 0x0000000091700000, 0x0000000091700000| Untracked 
| 280|0x0000000091800000, 0x0000000091800000, 0x0000000091900000|  0%| F|  |TAMS 0x0000000091800000, 0x0000000091800000| Untracked 
| 281|0x0000000091900000, 0x0000000091900000, 0x0000000091a00000|  0%| F|  |TAMS 0x0000000091900000, 0x0000000091900000| Untracked 
| 282|0x0000000091a00000, 0x0000000091a00000, 0x0000000091b00000|  0%| F|  |TAMS 0x0000000091a00000, 0x0000000091a00000| Untracked 
| 283|0x0000000091b00000, 0x0000000091b00000, 0x0000000091c00000|  0%| F|  |TAMS 0x0000000091b00000, 0x0000000091b00000| Untracked 
| 284|0x0000000091c00000, 0x0000000091c00000, 0x0000000091d00000|  0%| F|  |TAMS 0x0000000091c00000, 0x0000000091c00000| Untracked 
| 285|0x0000000091d00000, 0x0000000091d00000, 0x0000000091e00000|  0%| F|  |TAMS 0x0000000091d00000, 0x0000000091d00000| Untracked 

Card table byte_map: [0x000002101a050000,0x000002101a450000] _byte_map_base: 0x0000021019c50000

Marking Bits (Prev, Next): (CMBitMap*) 0x00000210024b9658, (CMBitMap*) 0x00000210024b9690
 Prev Bits: [0x000002101a850000, 0x000002101c850000)
 Next Bits: [0x000002101c850000, 0x000002101e850000)

Polling page: 0x00000210003d0000

Metaspace:

Usage:
  Non-class:     89.11 MB capacity,    87.28 MB ( 98%) used,     1.54 MB (  2%) free+waste,   307.81 KB ( <1%) overhead. 
      Class:     13.70 MB capacity,    12.64 MB ( 92%) used,   949.37 KB (  7%) free+waste,   139.19 KB ( <1%) overhead. 
       Both:    102.82 MB capacity,    99.92 MB ( 97%) used,     2.47 MB (  2%) free+waste,   447.00 KB ( <1%) overhead. 

Virtual space:
  Non-class space:       90.00 MB reserved,      89.17 MB (>99%) committed 
      Class space:        1.00 GB reserved,      13.88 MB (  1%) committed 
             Both:        1.09 GB reserved,     103.05 MB (  9%) committed 

Chunk freelists:
   Non-Class:  7.38 KB
       Class:  9.88 KB
        Both:  17.25 KB

CodeHeap 'non-profiled nmethods': size=120000Kb used=9903Kb max_used=9903Kb free=110096Kb
 bounds [0x00000210123e0000, 0x0000021012d90000, 0x0000021019910000]
CodeHeap 'profiled nmethods': size=120000Kb used=34019Kb max_used=34019Kb free=85980Kb
 bounds [0x000002100aeb0000, 0x000002100d000000, 0x00000210123e0000]
CodeHeap 'non-nmethods': size=5760Kb used=2312Kb max_used=2369Kb free=3447Kb
 bounds [0x000002100a910000, 0x000002100ab80000, 0x000002100aeb0000]
 total_blobs=16661 nmethods=15742 adapters=827
 compilation: enabled
              stopped_count=0, restarted_count=0
 full_count=0

Compilation events (10 events):
Event: 99.034 Thread 0x0000021021b31800 nmethod 16580 0x000002100cff0290 code [0x000002100cff0440, 0x000002100cff0588]
Event: 99.034 Thread 0x0000021021b31800 16564       2       com.android.tools.r8.graph.H0::a (10 bytes)
Event: 99.034 Thread 0x0000021021b31800 nmethod 16564 0x000002100cff0690 code [0x000002100cff0840, 0x000002100cff0948]
Event: 99.034 Thread 0x0000021021b31800 16565       2       com.android.tools.r8.dex.h::a (1 bytes)
Event: 99.034 Thread 0x0000021021b31800 nmethod 16565 0x000002100cff0a10 code [0x000002100cff0ba0, 0x000002100cff0c98]
Event: 99.034 Thread 0x0000021021b31800 16651       2       com.android.tools.r8.ir.regalloc.a::a (3993 bytes)
Event: 99.037 Thread 0x00000210293b7800 nmethod 16499 0x0000021012d88490 code [0x0000021012d886e0, 0x0000021012d8a850]
Event: 99.037 Thread 0x00000210293b7800 16602       4       com.android.tools.r8.u.b.h0::C2 (8 bytes)
Event: 99.038 Thread 0x00000210293b7800 nmethod 16602 0x0000021012d8bb10 code [0x0000021012d8bcc0, 0x0000021012d8bdd8]
Event: 99.038 Thread 0x00000210293b7800 16638       4       com.android.tools.r8.v.a.a.a.h.F0::a (275 bytes)

GC Heap History (10 events):
Event: 98.323 GC heap after
{Heap after GC invocations=49 (full 0):
 garbage-first heap   total 155648K, used 141535K [0x0000000080000000, 0x0000000100000000)
  region size 1024K, 1 young (1024K), 1 survivors (1024K)
 Metaspace       used 98464K, capacity 101205K, committed 101552K, reserved 1136640K
  class space    used 12552K, capacity 13528K, committed 13568K, reserved 1048576K
}
Event: 98.359 GC heap before
{Heap before GC invocations=50 (full 0):
 garbage-first heap   total 155648K, used 147679K [0x0000000080000000, 0x0000000100000000)
  region size 1024K, 7 young (7168K), 1 survivors (1024K)
 Metaspace       used 98841K, capacity 101585K, committed 101936K, reserved 1138688K
  class space    used 12617K, capacity 13614K, committed 13696K, reserved 1048576K
}
Event: 98.368 GC heap after
{Heap after GC invocations=51 (full 0):
 garbage-first heap   total 292864K, used 144054K [0x0000000080000000, 0x0000000100000000)
  region size 1024K, 1 young (1024K), 1 survivors (1024K)
 Metaspace       used 98841K, capacity 101585K, committed 101936K, reserved 1138688K
  class space    used 12617K, capacity 13614K, committed 13696K, reserved 1048576K
}
Event: 98.436 GC heap before
{Heap before GC invocations=51 (full 0):
 garbage-first heap   total 292864K, used 156342K [0x0000000080000000, 0x0000000100000000)
  region size 1024K, 14 young (14336K), 1 survivors (1024K)
 Metaspace       used 100055K, capacity 102974K, committed 103088K, reserved 1138688K
  class space    used 12773K, capacity 13824K, committed 13824K, reserved 1048576K
}
Event: 98.440 GC heap after
{Heap after GC invocations=52 (full 0):
 garbage-first heap   total 292864K, used 145916K [0x0000000080000000, 0x0000000100000000)
  region size 1024K, 2 young (2048K), 2 survivors (2048K)
 Metaspace       used 100055K, capacity 102974K, committed 103088K, reserved 1138688K
  class space    used 12773K, capacity 13824K, committed 13824K, reserved 1048576K
}
Event: 98.640 GC heap before
{Heap before GC invocations=52 (full 0):
 garbage-first heap   total 292864K, used 187900K [0x0000000080000000, 0x0000000100000000)
  region size 1024K, 43 young (44032K), 2 survivors (2048K)
 Metaspace       used 101028K, capacity 103974K, committed 104240K, reserved 1140736K
  class space    used 12863K, capacity 13939K, committed 13952K, reserved 1048576K
}
Event: 98.646 GC heap after
{Heap after GC invocations=53 (full 0):
 garbage-first heap   total 292864K, used 148695K [0x0000000080000000, 0x0000000100000000)
  region size 1024K, 5 young (5120K), 5 survivors (5120K)
 Metaspace       used 101028K, capacity 103974K, committed 104240K, reserved 1140736K
  class space    used 12863K, capacity 13939K, committed 13952K, reserved 1048576K
}
Event: 98.717 GC heap before
{Heap before GC invocations=53 (full 0):
 garbage-first heap   total 292864K, used 171223K [0x0000000080000000, 0x0000000100000000)
  region size 1024K, 29 young (29696K), 5 survivors (5120K)
 Metaspace       used 101443K, capacity 104453K, committed 104624K, reserved 1140736K
  class space    used 12910K, capacity 13990K, committed 14080K, reserved 1048576K
}
Event: 98.724 GC heap after
{Heap after GC invocations=54 (full 0):
 garbage-first heap   total 292864K, used 152054K [0x0000000080000000, 0x0000000100000000)
  region size 1024K, 7 young (7168K), 7 survivors (7168K)
 Metaspace       used 101443K, capacity 104453K, committed 104624K, reserved 1140736K
  class space    used 12910K, capacity 13990K, committed 14080K, reserved 1048576K
}
Event: 99.039 GC heap before
{Heap before GC invocations=55 (full 0):
 garbage-first heap   total 292864K, used 199158K [0x0000000080000000, 0x0000000100000000)
  region size 1024K, 54 young (55296K), 7 survivors (7168K)
 Metaspace       used 102314K, capacity 105286K, committed 105520K, reserved 1140736K
  class space    used 12944K, capacity 14033K, committed 14208K, reserved 1048576K
}

Deoptimization events (10 events):
Event: 98.967 Thread 0x0000021027b46000 Uncommon trap: reason=class_check action=maybe_recompile pc=0x0000021012d63a48 method=com.android.tools.r8.u.b.o1.a(Lcom/android/tools/r8/ir/analysis/type/u;)Lcom/android/tools/r8/u/b/o1; @ 12 c2
Event: 98.967 Thread 0x0000021027b46000 Uncommon trap: reason=class_check action=maybe_recompile pc=0x0000021012d63a48 method=com.android.tools.r8.u.b.o1.a(Lcom/android/tools/r8/ir/analysis/type/u;)Lcom/android/tools/r8/u/b/o1; @ 12 c2
Event: 98.969 Thread 0x0000021027b4a000 Uncommon trap: reason=array_check action=maybe_recompile pc=0x0000021012d7ef54 method=java.util.TimSort.reverseRange([Ljava/lang/Object;II)V @ 20 c2
Event: 98.969 Thread 0x0000021027b4a000 Uncommon trap: reason=array_check action=maybe_recompile pc=0x0000021012d7ef54 method=java.util.TimSort.reverseRange([Ljava/lang/Object;II)V @ 20 c2
Event: 98.969 Thread 0x0000021027b4a000 Uncommon trap: reason=array_check action=maybe_recompile pc=0x0000021012d7ef54 method=java.util.TimSort.reverseRange([Ljava/lang/Object;II)V @ 20 c2
Event: 98.969 Thread 0x0000021027b4a000 Uncommon trap: reason=array_check action=maybe_recompile pc=0x0000021012d7ef54 method=java.util.TimSort.reverseRange([Ljava/lang/Object;II)V @ 20 c2
Event: 98.974 Thread 0x0000021027b46000 Uncommon trap: reason=class_check action=maybe_recompile pc=0x0000021012d63a48 method=com.android.tools.r8.u.b.o1.a(Lcom/android/tools/r8/ir/analysis/type/u;)Lcom/android/tools/r8/u/b/o1; @ 12 c2
Event: 98.974 Thread 0x0000021027b46000 Uncommon trap: reason=class_check action=maybe_recompile pc=0x0000021012d63a48 method=com.android.tools.r8.u.b.o1.a(Lcom/android/tools/r8/ir/analysis/type/u;)Lcom/android/tools/r8/u/b/o1; @ 12 c2
Event: 98.980 Thread 0x0000021027b4a000 Uncommon trap: reason=array_check action=maybe_recompile pc=0x0000021012d7fb0c method=java.util.TimSort.reverseRange([Ljava/lang/Object;II)V @ 27 c2
Event: 98.980 Thread 0x0000021027b4a000 Uncommon trap: reason=array_check action=maybe_recompile pc=0x0000021012d7fb0c method=java.util.TimSort.reverseRange([Ljava/lang/Object;II)V @ 27 c2

Classes redefined (0 events):
No events

Internal exceptions (10 events):
Event: 98.951 Thread 0x0000021027b44800 Exception <a 'sun/nio/fs/WindowsException'{0x000000009089c880}> (0x000000009089c880) thrown at [./open/src/hotspot/share/prims/jni.cpp, line 611]
Event: 98.953 Thread 0x0000021027b44800 Exception <a 'sun/nio/fs/WindowsException'{0x00000000908a2e58}> (0x00000000908a2e58) thrown at [./open/src/hotspot/share/prims/jni.cpp, line 611]
Event: 98.955 Thread 0x0000021027b44800 Exception <a 'sun/nio/fs/WindowsException'{0x00000000908a9410}> (0x00000000908a9410) thrown at [./open/src/hotspot/share/prims/jni.cpp, line 611]
Event: 98.961 Thread 0x0000021027b44800 Exception <a 'sun/nio/fs/WindowsException'{0x00000000908b2740}> (0x00000000908b2740) thrown at [./open/src/hotspot/share/prims/jni.cpp, line 611]
Event: 98.996 Thread 0x0000021027b44800 Exception <a 'sun/nio/fs/WindowsException'{0x000000008fc4df20}> (0x000000008fc4df20) thrown at [./open/src/hotspot/share/prims/jni.cpp, line 611]
Event: 98.999 Thread 0x0000021027b44800 Exception <a 'sun/nio/fs/WindowsException'{0x000000008fc53f40}> (0x000000008fc53f40) thrown at [./open/src/hotspot/share/prims/jni.cpp, line 611]
Event: 99.002 Thread 0x0000021027b44800 Exception <a 'sun/nio/fs/WindowsException'{0x000000008fc5ad00}> (0x000000008fc5ad00) thrown at [./open/src/hotspot/share/prims/jni.cpp, line 611]
Event: 99.004 Thread 0x0000021027b44800 Exception <a 'sun/nio/fs/WindowsException'{0x000000008f2eb038}> (0x000000008f2eb038) thrown at [./open/src/hotspot/share/prims/jni.cpp, line 611]
Event: 99.007 Thread 0x0000021027b44800 Exception <a 'sun/nio/fs/WindowsException'{0x000000008f2f0f28}> (0x000000008f2f0f28) thrown at [./open/src/hotspot/share/prims/jni.cpp, line 611]
Event: 99.012 Thread 0x0000021027b44800 Exception <a 'sun/nio/fs/WindowsException'{0x000000008f2f8178}> (0x000000008f2f8178) thrown at [./open/src/hotspot/share/prims/jni.cpp, line 611]

Events (10 events):
Event: 99.014 loading class com/android/tools/r8/graph/p0$c done
Event: 99.036 loading class com/android/tools/r8/ir/optimize/h0
Event: 99.036 loading class com/android/tools/r8/ir/optimize/h0 done
Event: 99.037 loading class java/util/function/IntPredicate
Event: 99.037 loading class java/util/function/IntPredicate done
Event: 99.038 loading class com/android/tools/r8/v/a/a/a/f/x0
Event: 99.038 loading class com/android/tools/r8/v/a/a/a/f/x0 done
Event: 99.038 Thread 0x0000021029011000 DEOPT PACKING pc=0x000002100cfbfdde sp=0x00000016ceffeb70
Event: 99.038 Thread 0x0000021029011000 DEOPT UNPACKING pc=0x000002100a9376ce sp=0x00000016ceffe0f0 mode 0
Event: 99.039 Executing VM operation: G1CollectForAllocation


Dynamic libraries:
0x00007ff6f7460000 - 0x00007ff6f746f000 	C:\Program Files\Java\jdk-11.0.10\bin\java.exe
0x00007ffe65890000 - 0x00007ffe65a85000 	C:\WINDOWS\SYSTEM32\ntdll.dll
0x00007ffe65550000 - 0x00007ffe6560d000 	C:\WINDOWS\System32\KERNEL32.DLL
0x00007ffe63270000 - 0x00007ffe6353d000 	C:\WINDOWS\System32\KERNELBASE.dll
0x00007ffe63040000 - 0x00007ffe63140000 	C:\WINDOWS\System32\ucrtbase.dll
0x00007ffe37d70000 - 0x00007ffe37d85000 	C:\Program Files\Java\jdk-11.0.10\bin\VCRUNTIME140.dll
0x00007ffe387c0000 - 0x00007ffe387d8000 	C:\Program Files\Java\jdk-11.0.10\bin\jli.dll
0x00007ffe648d0000 - 0x00007ffe6497e000 	C:\WINDOWS\System32\ADVAPI32.dll
0x00007ffe63980000 - 0x00007ffe63a1e000 	C:\WINDOWS\System32\msvcrt.dll
0x00007ffe638e0000 - 0x00007ffe6397c000 	C:\WINDOWS\System32\sechost.dll
0x00007ffe63af0000 - 0x00007ffe63c15000 	C:\WINDOWS\System32\RPCRT4.dll
0x00007ffe64650000 - 0x00007ffe647f0000 	C:\WINDOWS\System32\USER32.dll
0x00007ffe4a6e0000 - 0x00007ffe4a97a000 	C:\WINDOWS\WinSxS\amd64_microsoft.windows.common-controls_6595b64144ccf1df_6.0.19041.1110_none_60b5254171f9507e\COMCTL32.dll
0x00007ffe63700000 - 0x00007ffe63722000 	C:\WINDOWS\System32\win32u.dll
0x00007ffe63d30000 - 0x00007ffe63d5a000 	C:\WINDOWS\System32\GDI32.dll
0x00007ffe63540000 - 0x00007ffe6364b000 	C:\WINDOWS\System32\gdi32full.dll
0x00007ffe62fa0000 - 0x00007ffe6303d000 	C:\WINDOWS\System32\msvcp_win.dll
0x00007ffe5c660000 - 0x00007ffe5c66a000 	C:\WINDOWS\SYSTEM32\VERSION.dll
0x00007ffe63c20000 - 0x00007ffe63c50000 	C:\WINDOWS\System32\IMM32.DLL
0x00007ffe1ab80000 - 0x00007ffe1ac1b000 	C:\Program Files\Java\jdk-11.0.10\bin\msvcp140.dll
0x00007ffdfa350000 - 0x00007ffdfae4b000 	C:\Program Files\Java\jdk-11.0.10\bin\server\jvm.dll
0x00007ffe63dc0000 - 0x00007ffe63dc8000 	C:\WINDOWS\System32\PSAPI.DLL
0x00007ffe458f0000 - 0x00007ffe458f9000 	C:\WINDOWS\SYSTEM32\WSOCK32.dll
0x00007ffe600d0000 - 0x00007ffe600f7000 	C:\WINDOWS\SYSTEM32\WINMM.dll
0x00007ffe645e0000 - 0x00007ffe6464b000 	C:\WINDOWS\System32\WS2_32.dll
0x00007ffe617d0000 - 0x00007ffe617e2000 	C:\WINDOWS\SYSTEM32\kernel.appcore.dll
0x00007ffe5de30000 - 0x00007ffe5de40000 	C:\Program Files\Java\jdk-11.0.10\bin\verify.dll
0x00007ffe614f0000 - 0x00007ffe616d4000 	C:\WINDOWS\SYSTEM32\DBGHELP.DLL
0x00007ffe600a0000 - 0x00007ffe600cc000 	C:\WINDOWS\SYSTEM32\dbgcore.DLL
0x00007ffe631b0000 - 0x00007ffe63232000 	C:\WINDOWS\System32\bcryptPrimitives.dll
0x00007ffe31640000 - 0x00007ffe31668000 	C:\Program Files\Java\jdk-11.0.10\bin\java.dll
0x00007ffe497f0000 - 0x00007ffe497fa000 	C:\Program Files\Java\jdk-11.0.10\bin\jimage.dll
0x00007ffe376b0000 - 0x00007ffe376c6000 	C:\Program Files\Java\jdk-11.0.10\bin\zip.dll
0x00007ffe63dd0000 - 0x00007ffe64514000 	C:\WINDOWS\System32\SHELL32.dll
0x00007ffe60c90000 - 0x00007ffe61424000 	C:\WINDOWS\SYSTEM32\windows.storage.dll
0x00007ffe64f90000 - 0x00007ffe652e4000 	C:\WINDOWS\System32\combase.dll
0x00007ffe62a00000 - 0x00007ffe62a2c000 	C:\WINDOWS\SYSTEM32\Wldp.dll
0x00007ffe654a0000 - 0x00007ffe6554d000 	C:\WINDOWS\System32\SHCORE.dll
0x00007ffe64580000 - 0x00007ffe645d5000 	C:\WINDOWS\System32\shlwapi.dll
0x00007ffe62ee0000 - 0x00007ffe62eff000 	C:\WINDOWS\SYSTEM32\profapi.dll
0x00007ffe271d0000 - 0x00007ffe271e9000 	C:\Program Files\Java\jdk-11.0.10\bin\net.dll
0x00007ffe5d730000 - 0x00007ffe5d83a000 	C:\WINDOWS\SYSTEM32\WINHTTP.dll
0x00007ffe62740000 - 0x00007ffe627aa000 	C:\WINDOWS\system32\mswsock.dll
0x00007ffe271b0000 - 0x00007ffe271c2000 	C:\Program Files\Java\jdk-11.0.10\bin\nio.dll
0x00007ffe27180000 - 0x00007ffe271a6000 	C:\Users\alby2\.gradle\native\31\windows-amd64\native-platform.dll
0x00007ffe468d0000 - 0x00007ffe468d9000 	C:\Program Files\Java\jdk-11.0.10\bin\management.dll
0x00007ffe46400000 - 0x00007ffe4640b000 	C:\Program Files\Java\jdk-11.0.10\bin\management_ext.dll
0x00007ffe62950000 - 0x00007ffe62968000 	C:\WINDOWS\SYSTEM32\CRYPTSP.dll
0x00007ffe62030000 - 0x00007ffe62064000 	C:\WINDOWS\system32\rsaenh.dll
0x00007ffe63240000 - 0x00007ffe63267000 	C:\WINDOWS\System32\bcrypt.dll
0x00007ffe62ea0000 - 0x00007ffe62ece000 	C:\WINDOWS\SYSTEM32\USERENV.dll
0x00007ffe62970000 - 0x00007ffe6297c000 	C:\WINDOWS\SYSTEM32\CRYPTBASE.dll
0x00007ffe623d0000 - 0x00007ffe6240b000 	C:\WINDOWS\SYSTEM32\IPHLPAPI.DLL
0x00007ffe65840000 - 0x00007ffe65848000 	C:\WINDOWS\System32\NSI.dll
0x00007ffe5b440000 - 0x00007ffe5b457000 	C:\WINDOWS\SYSTEM32\dhcpcsvc6.DLL
0x00007ffe5b420000 - 0x00007ffe5b43d000 	C:\WINDOWS\SYSTEM32\dhcpcsvc.DLL
0x00007ffe62420000 - 0x00007ffe624eb000 	C:\WINDOWS\SYSTEM32\DNSAPI.dll

dbghelp: loaded successfully - version: 4.0.5 - missing functions: none
symbol engine: initialized successfully - sym options: 0x614 - pdb path: .;C:\Program Files\Java\jdk-11.0.10\bin;C:\WINDOWS\SYSTEM32;C:\WINDOWS\WinSxS\amd64_microsoft.windows.common-controls_6595b64144ccf1df_6.0.19041.1110_none_60b5254171f9507e;C:\Program Files\Java\jdk-11.0.10\bin\server;C:\Users\alby2\.gradle\native\31\windows-amd64

VM Arguments:
jvm_args: --add-opens=java.base/java.util=ALL-UNNAMED --add-opens=java.base/java.lang=ALL-UNNAMED --add-opens=java.base/java.lang.invoke=ALL-UNNAMED --add-opens=java.prefs/java.util.prefs=ALL-UNNAMED -Xmx2048M -Dfile.encoding=windows-1252 -Duser.country=IT -Duser.language=it -Duser.variant 
java_command: org.gradle.launcher.daemon.bootstrap.GradleDaemon 6.1.1
java_class_path (initial): C:\Users\alby2\.gradle\wrapper\dists\gradle-6.1.1-all\cfmwm155h49vnt3hynmlrsdst\gradle-6.1.1\lib\gradle-launcher-6.1.1.jar
Launcher Type: SUN_STANDARD

[Global flags]
     intx CICompilerCount                          = 4                                         {product} {ergonomic}
     uint ConcGCThreads                            = 2                                         {product} {ergonomic}
     uint G1ConcRefinementThreads                  = 8                                         {product} {ergonomic}
   size_t G1HeapRegionSize                         = 1048576                                   {product} {ergonomic}
    uintx GCDrainStackTargetSize                   = 64                                        {product} {ergonomic}
   size_t InitialHeapSize                          = 132120576                                 {product} {ergonomic}
   size_t MarkStackSize                            = 4194304                                   {product} {ergonomic}
   size_t MaxHeapSize                              = 2147483648                                {product} {command line}
   size_t MaxNewSize                               = 1287651328                                {product} {ergonomic}
   size_t MinHeapDeltaBytes                        = 1048576                                   {product} {ergonomic}
    uintx NonNMethodCodeHeapSize                   = 5836300                                {pd product} {ergonomic}
    uintx NonProfiledCodeHeapSize                  = 122910970                              {pd product} {ergonomic}
    uintx ProfiledCodeHeapSize                     = 122910970                              {pd product} {ergonomic}
    uintx ReservedCodeCacheSize                    = 251658240                              {pd product} {ergonomic}
     bool SegmentedCodeCache                       = true                                      {product} {ergonomic}
     bool UseCompressedClassPointers               = true                                 {lp64_product} {ergonomic}
     bool UseCompressedOops                        = true                                 {lp64_product} {ergonomic}
     bool UseG1GC                                  = true                                      {product} {ergonomic}
     bool UseLargePagesIndividualAllocation        = false                                  {pd product} {ergonomic}

Logging:
Log output configuration:
 #0: stdout all=warning uptime,level,tags
 #1: stderr all=off uptime,level,tags

Environment Variables:
JAVA_HOME=C:\Program Files\Java\jdk-11.0.10
CLASSPATH=C:\Users\alby2\Downloads\Termux\\gradle\wrapper\gradle-wrapper.jar
PATH=C:\Python38\Scripts\;C:\Python38\;C:\Program Files\Python37\Scripts\;C:\Program Files\Python37\;C:\Windows\system32;C:\Windows;C:\Windows\System32\Wbem;C:\Windows\System32\WindowsPowerShell\v1.0\;C:\Windows\System32\OpenSSH\;C:\Program Files\Intel\WiFi\bin\;C:\Program Files\Common Files\Intel\WirelessCommon\;C:\Program Files (x86)\NVIDIA Corporation\PhysX\Common;D:\Microsoft VS Code\bin;C:\ProgramData\chocolatey\bin;C:\Program Files\Git\cmd;C:\Program Files\dotnet\;D:\texlive\2020\bin\win32;D:\Downloads\chromedriver_win32;D:\flutter\bin;D:\Downloads\geckodriver-v0.30.0-win64(1);D:\WinMerge;D:\R-lang\bin;C:\WINDOWS\system32;C:\WINDOWS;C:\WINDOWS\System32\Wbem;C:\WINDOWS\System32\WindowsPowerShell\v1.0\;C:\WINDOWS\System32\OpenSSH\;C:\Users\alby2\.cargo\bin;D:\NodeJS\;C:\Users\alby2\.cargo\bin;C:\Users\alby2\scoop\apps\miniconda3\current\scripts;C:\Users\alby2\scoop\apps\miniconda3\current\Library\bin;C:\Users\alby2\scoop\apps\nodejs\current\bin;C:\Users\alby2\scoop\apps\nodejs\current;C:\Users\alby2\scoop\shims;C:\Windows\system32;C:\Windows;C:\Windows\System32\Wbem;C:\Windows\System32\WindowsPowerShell\v1.0\;C:\Windows\System32\OpenSSH\;C:\Program Files\Intel\WiFi\bin\;C:\Program Files\Common Files\Intel\WirelessCommon\;C:\Program Files (x86)\NVIDIA Corporation\PhysX\Common;C:\Program Files\NVIDIA Corporation\NVIDIA NvDLISR;C:\Users\alby2\AppData\Local\Microsoft\WindowsApps;D:\Ming\mingw64\bin;C:\Program Files\heroku\bin;C:\Users\alby2\.ebcli-virtual-env\executables;C:\Users\alby2\AppData\Local\gitkraken\bin;D:\flutter\bin;C:\Program Files\Java\jdk-11.0.10\bin;D:\Downloads\geckodriver-v0.30.0-win64(1);C:\Users\alby2\AppData\Local\Microsoft\WindowsApps;C:\Users\alby2\AppData\Roaming\npm
USERNAME=alby2
OS=Windows_NT
PROCESSOR_IDENTIFIER=Intel64 Family 6 Model 158 Stepping 10, GenuineIntel



---------------  S Y S T E M  ---------------

OS: Windows 10 , 64 bit Build 19041 (10.0.19041.1706)
Hyper-V role detected

CPU:total 8 (initial active 8) (4 cores per cpu, 2 threads per core) family 6 model 158 stepping 10 microcode 0xde, cmov, cx8, fxsr, mmx, sse, sse2, sse3, ssse3, sse4.1, sse4.2, popcnt, avx, avx2, aes, clmul, erms, 3dnowpref, lzcnt, ht, tsc, tscinvbit, bmi1, bmi2, adx, fma

Memory: 4k page, system-wide physical 8010M (457M free)
TotalPageFile size 16010M (AvailPageFile size 131M)
current process WorkingSet (physical memory assigned to process): 503M, peak: 503M
current process commit charge ("private bytes"): 626M, peak: 911M

vm_info: Java HotSpot(TM) 64-Bit Server VM (11.0.10+8-LTS-162) for windows-amd64 JRE (11.0.10+8-LTS-162), built on Dec  8 2020 16:32:57 by "mach5one" with MS VC++ 15.9 (VS2017)

END.
