#
# There is insufficient memory for the Java Runtime Environment to continue.
# Native memory allocation (mmap) failed to map 57671680 bytes for Failed to commit area from 0x0000000091300000 to 0x0000000094a00000 of length 57671680.
# Possible reasons:
#   The system is out of physical RAM or swap space
#   The process is running with CompressedOops enabled, and the Java Heap may be blocking the growth of the native heap
# Possible solutions:
#   Reduce memory load on the system
#   Increase physical memory or swap space
#   Check if swap backing store is full
#   Decrease Java heap size (-Xmx/-Xms)
#   Decrease number of Java threads
#   Decrease Java thread stack sizes (-Xss)
#   Set larger code cache with -XX:ReservedCodeCacheSize=
#   JVM is running with Unscaled Compressed Oops mode in which the Java heap is
#     placed in the first 4GB address space. The Java Heap base address is the
#     maximum limit for the native heap growth. Please use -XX:HeapBaseMinAddress
#     to set the Java Heap base and to place the Java Heap above 4GB virtual address.
# This output file may be truncated or incomplete.
#
#  Out of Memory Error (./open/src/hotspot/os/windows/os_windows.cpp:3273), pid=544, tid=14504
#
# JRE version: Java(TM) SE Runtime Environment 18.9 (11.0.10+8) (build 11.0.10+8-LTS-162)
# Java VM: Java HotSpot(TM) 64-Bit Server VM 18.9 (11.0.10+8-LTS-162, mixed mode, tiered, compressed oops, g1 gc, windows-amd64)
# No core dump will be written. Minidumps are not enabled by default on client versions of Windows
#

---------------  S U M M A R Y ------------

Command Line: --add-opens=java.base/java.util=ALL-UNNAMED --add-opens=java.base/java.lang=ALL-UNNAMED --add-opens=java.base/java.lang.invoke=ALL-UNNAMED --add-opens=java.prefs/java.util.prefs=ALL-UNNAMED -Xmx2048M -Dfile.encoding=windows-1252 -Duser.country=IT -Duser.language=it -Duser.variant org.gradle.launcher.daemon.bootstrap.GradleDaemon 6.1.1

Host: Intel(R) Core(TM) i5-9300H CPU @ 2.40GHz, 8 cores, 7G,  Windows 10 , 64 bit Build 19041 (10.0.19041.1706)
Time: Sat Jun 11 11:29:20 2022 ora legale Europa occidentale elapsed time: 23.643788 seconds (0d 0h 0m 23s)

---------------  T H R E A D  ---------------

Current thread (0x000001f0a092a000):  VMThread "VM Thread" [stack: 0x00000089e0700000,0x00000089e0800000] [id=14504]

Stack: [0x00000089e0700000,0x00000089e0800000]
[error occurred during error reporting (printing stack bounds), id 0xc0000005, EXCEPTION_ACCESS_VIOLATION (0xc0000005) at pc=0x000001f0897e0f2d]

Native frames: (J=compiled Java code, j=interpreted, Vv=VM code, C=native code)
V  [jvm.dll+0x613e6a]
V  [jvm.dll+0x74c1ff]
V  [jvm.dll+0x74d885]
V  [jvm.dll+0x74de65]
V  [jvm.dll+0x74de1b]
V  [jvm.dll+0x6136a3]
V  [jvm.dll+0x613a68]
C  [ntdll.dll+0xa209f]
C  [ntdll.dll+0x51454]
C  [ntdll.dll+0xa0bce]
C  0x000001f0897e0f2d

VM_Operation (0x00000089e1efcef0): G1CollectForAllocation, mode: safepoint, requested by thread 0x000001f0a63c8000


---------------  P R O C E S S  ---------------

Threads class SMR info:
_java_thread_list=0x000001f0a3efba50, length=58, elements={
0x000001f0ff61b800, 0x000001f0a092c000, 0x000001f0a092d800, 0x000001f0a0946000,
0x000001f0a0947000, 0x000001f0a0948800, 0x000001f0a0953800, 0x000001f0a095a000,
0x000001f0a1440000, 0x000001f0a1482000, 0x000001f0a21e3800, 0x000001f0a2b55800,
0x000001f0a27f2800, 0x000001f0a2a7b800, 0x000001f0a25a9000, 0x000001f0a2d58800,
0x000001f0a3627800, 0x000001f0a3628000, 0x000001f0a2393000, 0x000001f0a2070000,
0x000001f0a33d8800, 0x000001f0a33da000, 0x000001f0a33dd000, 0x000001f0a33db800,
0x000001f0a33dc800, 0x000001f0a33de000, 0x000001f0a33df000, 0x000001f0a33d9000,
0x000001f0a6f57000, 0x000001f0a6f58800, 0x000001f0a6f5d800, 0x000001f0a6f60800,
0x000001f0a6f5e800, 0x000001f0a6f5f000, 0x000001f0a6f60000, 0x000001f0a6f61800,
0x000001f0a6f5c000, 0x000001f0a6f62800, 0x000001f0a6f63000, 0x000001f0a6f64000,
0x000001f0a63bc800, 0x000001f0a63bf000, 0x000001f0a63bd800, 0x000001f0a63be000,
0x000001f0a63b9000, 0x000001f0a63bb000, 0x000001f0a63bf800, 0x000001f0a63ba000,
0x000001f0a63c0800, 0x000001f0a63c1800, 0x000001f0a63c7000, 0x000001f0a63c5800,
0x000001f0a63c2000, 0x000001f0a63c3000, 0x000001f0a63c6800, 0x000001f0a63c4000,
0x000001f0a63c4800, 0x000001f0a63c8000
}

Java Threads: ( => current thread )
  0x000001f0ff61b800 JavaThread "main" [_thread_blocked, id=15288, stack(0x00000089e0100000,0x00000089e0200000)]
  0x000001f0a092c000 JavaThread "Reference Handler" daemon [_thread_blocked, id=12952, stack(0x00000089e0800000,0x00000089e0900000)]
  0x000001f0a092d800 JavaThread "Finalizer" daemon [_thread_blocked, id=3188, stack(0x00000089e0900000,0x00000089e0a00000)]
  0x000001f0a0946000 JavaThread "Signal Dispatcher" daemon [_thread_blocked, id=5224, stack(0x00000089e0a00000,0x00000089e0b00000)]
  0x000001f0a0947000 JavaThread "Attach Listener" daemon [_thread_blocked, id=1168, stack(0x00000089e0b00000,0x00000089e0c00000)]
  0x000001f0a0948800 JavaThread "C2 CompilerThread0" daemon [_thread_blocked, id=11072, stack(0x00000089e0c00000,0x00000089e0d00000)]
  0x000001f0a0953800 JavaThread "C1 CompilerThread0" daemon [_thread_blocked, id=16296, stack(0x00000089e0d00000,0x00000089e0e00000)]
  0x000001f0a095a000 JavaThread "Sweeper thread" daemon [_thread_blocked, id=10400, stack(0x00000089e0e00000,0x00000089e0f00000)]
  0x000001f0a1440000 JavaThread "Common-Cleaner" daemon [_thread_blocked, id=8220, stack(0x00000089e0f00000,0x00000089e1000000)]
  0x000001f0a1482000 JavaThread "Service Thread" daemon [_thread_blocked, id=10384, stack(0x00000089e1000000,0x00000089e1100000)]
  0x000001f0a21e3800 JavaThread "Daemon health stats" [_thread_blocked, id=8388, stack(0x00000089e1500000,0x00000089e1600000)]
  0x000001f0a2b55800 JavaThread "Incoming local TCP Connector on port 12662" [_thread_in_native, id=10232, stack(0x00000089e1200000,0x00000089e1300000)]
  0x000001f0a27f2800 JavaThread "Daemon periodic checks" [_thread_blocked, id=13680, stack(0x00000089e1600000,0x00000089e1700000)]
  0x000001f0a2a7b800 JavaThread "Daemon" [_thread_blocked, id=13352, stack(0x00000089e1700000,0x00000089e1800000)]
  0x000001f0a25a9000 JavaThread "Handler for socket connection from /127.0.0.1:12662 to /127.0.0.1:12663" [_thread_in_native, id=1656, stack(0x00000089e1800000,0x00000089e1900000)]
  0x000001f0a2d58800 JavaThread "Cancel handler" [_thread_blocked, id=14004, stack(0x00000089e1900000,0x00000089e1a00000)]
  0x000001f0a3627800 JavaThread "Daemon worker" [_thread_blocked, id=15976, stack(0x00000089e1a00000,0x00000089e1b00000)]
  0x000001f0a3628000 JavaThread "Asynchronous log dispatcher for DefaultDaemonConnection: socket connection from /127.0.0.1:12662 to /127.0.0.1:12663" [_thread_blocked, id=14748, stack(0x00000089e1b00000,0x00000089e1c00000)]
  0x000001f0a2393000 JavaThread "Stdin handler" [_thread_blocked, id=2152, stack(0x00000089e1c00000,0x00000089e1d00000)]
  0x000001f0a2070000 JavaThread "Thread-8" [_thread_blocked, id=16152, stack(0x00000089e1d00000,0x00000089e1e00000)]
  0x000001f0a33d8800 JavaThread "Cache worker for journal cache (C:\Users\alby2\.gradle\caches\journal-1)" [_thread_blocked, id=11800, stack(0x00000089e1f00000,0x00000089e2000000)]
  0x000001f0a33da000 JavaThread "File lock request listener" [_thread_in_native, id=15156, stack(0x00000089e2000000,0x00000089e2100000)]
  0x000001f0a33dd000 JavaThread "Cache worker for file hash cache (C:\Users\alby2\.gradle\caches\6.1.1\fileHashes)" [_thread_blocked, id=9652, stack(0x00000089e2100000,0x00000089e2200000)]
  0x000001f0a33db800 JavaThread "Cache worker for checksums cache (C:\Users\alby2\Downloads\Termux\.gradle\checksums)" [_thread_blocked, id=16096, stack(0x00000089e2800000,0x00000089e2900000)]
  0x000001f0a33dc800 JavaThread "Cache worker for file hash cache (C:\Users\alby2\Downloads\Termux\.gradle\6.1.1\fileHashes)" [_thread_blocked, id=9104, stack(0x00000089e2900000,0x00000089e2a00000)]
  0x000001f0a33de000 JavaThread "Cache worker for cache directory md-supplier (C:\Users\alby2\.gradle\caches\6.1.1\md-supplier)" [_thread_blocked, id=8240, stack(0x00000089e2a00000,0x00000089e2b00000)]
  0x000001f0a33df000 JavaThread "Cache worker for cache directory md-rule (C:\Users\alby2\.gradle\caches\6.1.1\md-rule)" [_thread_blocked, id=15200, stack(0x00000089e2b00000,0x00000089e2c00000)]
  0x000001f0a33d9000 JavaThread "Cache worker for execution history cache (C:\Users\alby2\.gradle\caches\6.1.1\executionHistory)" [_thread_blocked, id=4340, stack(0x00000089e2c00000,0x00000089e2d00000)]
  0x000001f0a6f57000 JavaThread "Build operations" [_thread_blocked, id=15292, stack(0x00000089e2d00000,0x00000089e2e00000)]
  0x000001f0a6f58800 JavaThread "Build operations Thread 2" [_thread_blocked, id=9576, stack(0x00000089e2e00000,0x00000089e2f00000)]
  0x000001f0a6f5d800 JavaThread "Build operations Thread 3" [_thread_blocked, id=14324, stack(0x00000089e2f00000,0x00000089e3000000)]
  0x000001f0a6f60800 JavaThread "Build operations Thread 4" [_thread_blocked, id=15808, stack(0x00000089e3000000,0x00000089e3100000)]
  0x000001f0a6f5e800 JavaThread "Build operations Thread 5" [_thread_blocked, id=8320, stack(0x00000089e3100000,0x00000089e3200000)]
  0x000001f0a6f5f000 JavaThread "Build operations Thread 6" [_thread_blocked, id=11904, stack(0x00000089e3200000,0x00000089e3300000)]
  0x000001f0a6f60000 JavaThread "Build operations Thread 7" [_thread_blocked, id=14384, stack(0x00000089e3300000,0x00000089e3400000)]
  0x000001f0a6f61800 JavaThread "Build operations Thread 8" [_thread_blocked, id=14640, stack(0x00000089e3400000,0x00000089e3500000)]
  0x000001f0a6f5c000 JavaThread "pool-1-thread-1" [_thread_blocked, id=11396, stack(0x00000089e3500000,0x00000089e3600000)]
  0x000001f0a6f62800 JavaThread "Cache worker for Build Output Cleanup Cache (C:\Users\alby2\Downloads\Termux\.gradle\buildOutputCleanup)" [_thread_blocked, id=10664, stack(0x00000089e3700000,0x00000089e3800000)]
  0x000001f0a6f63000 JavaThread "Memory manager" [_thread_blocked, id=14436, stack(0x00000089e3800000,0x00000089e3900000)]
  0x000001f0a6f64000 JavaThread "Cache worker for file content cache (C:\Users\alby2\.gradle\caches\6.1.1\fileContent)" [_thread_blocked, id=10804, stack(0x00000089e3900000,0x00000089e3a00000)]
  0x000001f0a63bc800 JavaThread "Cache worker for file content cache (C:\Users\alby2\Downloads\Termux\.gradle\6.1.1\fileContent)" [_thread_blocked, id=15840, stack(0x00000089e3a00000,0x00000089e3b00000)]
  0x000001f0a63bf000 JavaThread "Execution worker for ':'" [_thread_blocked, id=9224, stack(0x00000089e3b00000,0x00000089e3c00000)]
  0x000001f0a63bd800 JavaThread "Execution worker for ':' Thread 2" [_thread_blocked, id=1992, stack(0x00000089e3c00000,0x00000089e3d00000)]
  0x000001f0a63be000 JavaThread "Execution worker for ':' Thread 3" [_thread_blocked, id=2180, stack(0x00000089e3d00000,0x00000089e3e00000)]
  0x000001f0a63b9000 JavaThread "Execution worker for ':' Thread 4" [_thread_blocked, id=4904, stack(0x00000089e3e00000,0x00000089e3f00000)]
  0x000001f0a63bb000 JavaThread "Execution worker for ':' Thread 5" [_thread_blocked, id=14656, stack(0x00000089e3f00000,0x00000089e4000000)]
  0x000001f0a63bf800 JavaThread "Execution worker for ':' Thread 6" [_thread_blocked, id=4224, stack(0x00000089e4000000,0x00000089e4100000)]
  0x000001f0a63ba000 JavaThread "Execution worker for ':' Thread 7" [_thread_blocked, id=13336, stack(0x00000089e4100000,0x00000089e4200000)]
  0x000001f0a63c0800 JavaThread "Cache worker for execution history cache (C:\Users\alby2\Downloads\Termux\.gradle\6.1.1\executionHistory)" [_thread_blocked, id=16160, stack(0x00000089e4200000,0x00000089e4300000)]
  0x000001f0a63c1800 JavaThread "WorkerExecutor Queue" [_thread_blocked, id=14604, stack(0x00000089e4300000,0x00000089e4400000)]
  0x000001f0a63c7000 JavaThread "pool-2-thread-1" [_thread_blocked, id=16300, stack(0x00000089e4400000,0x00000089e4500000)]
  0x000001f0a63c5800 JavaThread "stderr" [_thread_in_native, id=11244, stack(0x00000089e4500000,0x00000089e4600000)]
  0x000001f0a63c2000 JavaThread "stdout" [_thread_in_native, id=15172, stack(0x00000089e4600000,0x00000089e4700000)]
  0x000001f0a63c3000 JavaThread "WorkerExecutor Queue Thread 2" [_thread_blocked, id=5984, stack(0x00000089e4700000,0x00000089e4800000)]
  0x000001f0a63c6800 JavaThread "Exec process" [_thread_blocked, id=14556, stack(0x00000089e4800000,0x00000089e4900000)]
  0x000001f0a63c4000 JavaThread "Exec process Thread 2" [_thread_blocked, id=3864, stack(0x00000089e4900000,0x00000089e4a00000)]
  0x000001f0a63c4800 JavaThread "Exec process Thread 3" [_thread_blocked, id=15936, stack(0x00000089e4a00000,0x00000089e4b00000)]
  0x000001f0a63c8000 JavaThread "WorkerExecutor Queue Thread 3" [_thread_blocked, id=11200, stack(0x00000089e1e00000,0x00000089e1f00000)]

Other Threads:
=>0x000001f0a092a000 VMThread "VM Thread" [stack: 0x00000089e0700000,0x00000089e0800000] [id=14504]
  0x000001f0a1483000 WatcherThread [stack: 0x00000089e1100000,0x00000089e1200000] [id=8300]
  0x000001f0ff630800 GCTaskThread "GC Thread#0" [stack: 0x00000089e0200000,0x00000089e0300000] [id=8172]
  0x000001f0a1dc2000 GCTaskThread "GC Thread#1" [stack: 0x00000089e1300000,0x00000089e1400000] [id=14396]
  0x000001f0a1f5f000 GCTaskThread "GC Thread#2" [stack: 0x00000089e1400000,0x00000089e1500000] [id=8588]
  0x000001f0a2ccf800 GCTaskThread "GC Thread#3" [stack: 0x00000089e2200000,0x00000089e2300000] [id=1316]
  0x000001f0a2ad9800 GCTaskThread "GC Thread#4" [stack: 0x00000089e2300000,0x00000089e2400000] [id=13400]
  0x000001f0a2cd2000 GCTaskThread "GC Thread#5" [stack: 0x00000089e2400000,0x00000089e2500000] [id=3448]
  0x000001f0a2336800 GCTaskThread "GC Thread#6" [stack: 0x00000089e2500000,0x00000089e2600000] [id=4536]
  0x000001f0a372e000 GCTaskThread "GC Thread#7" [stack: 0x00000089e2600000,0x00000089e2700000] [id=1124]
  0x000001f0ff661800 ConcurrentGCThread "G1 Main Marker" [stack: 0x00000089e0300000,0x00000089e0400000] [id=3116]
  0x000001f0ff668000 ConcurrentGCThread "G1 Conc#0" [stack: 0x00000089e0400000,0x00000089e0500000] [id=12848]
  0x000001f0a351f000 ConcurrentGCThread "G1 Conc#1" [stack: 0x00000089e2700000,0x00000089e2800000] [id=2788]
  0x000001f0a0780800 ConcurrentGCThread "G1 Refine#0" [stack: 0x00000089e0500000,0x00000089e0600000] [id=10272]
  0x000001f0a3a40000 ConcurrentGCThread "G1 Refine#1" [stack: 0x00000089e3600000,0x00000089e3700000] [id=11048]
  0x000001f0a0781800 ConcurrentGCThread "G1 Young RemSet Sampling" [stack: 0x00000089e0600000,0x00000089e0700000] [id=4764]

Threads with active compile tasks:

VM state:at safepoint (normal execution)

VM Mutex/Monitor currently owned by a thread:  ([mutex/lock_event])
[0x000001f0ff616c40] Threads_lock - owner thread: 0x000001f0a092a000
[0x000001f0ff6174b0] Heap_lock - owner thread: 0x000001f0a63c8000

Heap address: 0x0000000080000000, size: 2048 MB, Compressed Oops mode: 32-bit
Narrow klass base: 0x0000000000000000, Narrow klass shift: 3
Compressed class space size: 1073741824 Address: 0x0000000100000000

Heap:
 garbage-first heap   total 337920K, used 203637K [0x0000000080000000, 0x0000000100000000)
  region size 1024K, 3 young (3072K), 3 survivors (3072K)
 Metaspace       used 136623K, capacity 139519K, committed 139688K, reserved 1171456K
  class space    used 17114K, capacity 18161K, committed 18252K, reserved 1048576K
Heap Regions: E=young(eden), S=young(survivor), O=old, HS=humongous(starts), HC=humongous(continues), CS=collection set, F=free, A=archive, TAMS=top-at-mark-start (previous, next)
|   0|0x0000000080000000, 0x0000000080100000, 0x0000000080100000|100%| O|  |TAMS 0x0000000080100000, 0x0000000080000000| Updating 
|   1|0x0000000080100000, 0x0000000080200000, 0x0000000080200000|100%| O|  |TAMS 0x0000000080200000, 0x0000000080100000| Updating 
|   2|0x0000000080200000, 0x0000000080300000, 0x0000000080300000|100%| O|  |TAMS 0x0000000080300000, 0x0000000080200000| Updating 
|   3|0x0000000080300000, 0x0000000080400000, 0x0000000080400000|100%|HS|  |TAMS 0x0000000080400000, 0x0000000080300000| Complete 
|   4|0x0000000080400000, 0x0000000080500000, 0x0000000080500000|100%|HC|  |TAMS 0x0000000080500000, 0x0000000080400000| Complete 
|   5|0x0000000080500000, 0x0000000080600000, 0x0000000080600000|100%|HC|  |TAMS 0x0000000080600000, 0x0000000080500000| Complete 
|   6|0x0000000080600000, 0x0000000080700000, 0x0000000080700000|100%| O|  |TAMS 0x0000000080700000, 0x0000000080600000| Updating 
|   7|0x0000000080700000, 0x0000000080800000, 0x0000000080800000|100%| O|  |TAMS 0x0000000080800000, 0x0000000080700000| Updating 
|   8|0x0000000080800000, 0x0000000080900000, 0x0000000080900000|100%| O|  |TAMS 0x0000000080900000, 0x0000000080800000| Updating 
|   9|0x0000000080900000, 0x0000000080a00000, 0x0000000080a00000|100%| O|  |TAMS 0x0000000080a00000, 0x0000000080900000| Updating 
|  10|0x0000000080a00000, 0x0000000080b00000, 0x0000000080b00000|100%| O|  |TAMS 0x0000000080b00000, 0x0000000080a00000| Updating 
|  11|0x0000000080b00000, 0x0000000080c00000, 0x0000000080c00000|100%| O|  |TAMS 0x0000000080c00000, 0x0000000080b00000| Updating 
|  12|0x0000000080c00000, 0x0000000080d00000, 0x0000000080d00000|100%| O|  |TAMS 0x0000000080d00000, 0x0000000080c00000| Updating 
|  13|0x0000000080d00000, 0x0000000080e00000, 0x0000000080e00000|100%| O|  |TAMS 0x0000000080e00000, 0x0000000080d00000| Updating 
|  14|0x0000000080e00000, 0x0000000080f00000, 0x0000000080f00000|100%| O|  |TAMS 0x0000000080f00000, 0x0000000080e00000| Updating 
|  15|0x0000000080f00000, 0x0000000081000000, 0x0000000081000000|100%| O|  |TAMS 0x0000000081000000, 0x0000000080f00000| Updating 
|  16|0x0000000081000000, 0x0000000081100000, 0x0000000081100000|100%| O|  |TAMS 0x0000000081100000, 0x0000000081000000| Updating 
|  17|0x0000000081100000, 0x0000000081200000, 0x0000000081200000|100%| O|  |TAMS 0x0000000081200000, 0x0000000081100000| Updating 
|  18|0x0000000081200000, 0x0000000081300000, 0x0000000081300000|100%|HS|  |TAMS 0x0000000081300000, 0x0000000081200000| Complete 
|  19|0x0000000081300000, 0x0000000081400000, 0x0000000081400000|100%|HC|  |TAMS 0x0000000081400000, 0x0000000081300000| Complete 
|  20|0x0000000081400000, 0x0000000081500000, 0x0000000081500000|100%|HC|  |TAMS 0x0000000081500000, 0x0000000081400000| Complete 
|  21|0x0000000081500000, 0x0000000081600000, 0x0000000081600000|100%|HS|  |TAMS 0x0000000081600000, 0x0000000081500000| Complete 
|  22|0x0000000081600000, 0x0000000081700000, 0x0000000081700000|100%|HC|  |TAMS 0x0000000081700000, 0x0000000081600000| Complete 
|  23|0x0000000081700000, 0x0000000081800000, 0x0000000081800000|100%| O|  |TAMS 0x0000000081800000, 0x0000000081700000| Updating 
|  24|0x0000000081800000, 0x0000000081900000, 0x0000000081900000|100%| O|  |TAMS 0x0000000081900000, 0x0000000081800000| Updating 
|  25|0x0000000081900000, 0x0000000081a00000, 0x0000000081a00000|100%| O|  |TAMS 0x0000000081a00000, 0x0000000081900000| Updating 
|  26|0x0000000081a00000, 0x0000000081b00000, 0x0000000081b00000|100%| O|  |TAMS 0x0000000081b00000, 0x0000000081a00000| Updating 
|  27|0x0000000081b00000, 0x0000000081c00000, 0x0000000081c00000|100%| O|  |TAMS 0x0000000081c00000, 0x0000000081b00000| Updating 
|  28|0x0000000081c00000, 0x0000000081d00000, 0x0000000081d00000|100%| O|  |TAMS 0x0000000081d00000, 0x0000000081c00000| Updating 
|  29|0x0000000081d00000, 0x0000000081e00000, 0x0000000081e00000|100%| O|  |TAMS 0x0000000081e00000, 0x0000000081d00000| Updating 
|  30|0x0000000081e00000, 0x0000000081f00000, 0x0000000081f00000|100%| O|  |TAMS 0x0000000081f00000, 0x0000000081e00000| Updating 
|  31|0x0000000081f00000, 0x0000000082000000, 0x0000000082000000|100%| O|  |TAMS 0x0000000082000000, 0x0000000081f00000| Updating 
|  32|0x0000000082000000, 0x0000000082100000, 0x0000000082100000|100%| O|  |TAMS 0x0000000082100000, 0x0000000082000000| Updating 
|  33|0x0000000082100000, 0x0000000082200000, 0x0000000082200000|100%| O|  |TAMS 0x0000000082200000, 0x0000000082100000| Updating 
|  34|0x0000000082200000, 0x0000000082300000, 0x0000000082300000|100%| O|  |TAMS 0x0000000082300000, 0x0000000082200000| Updating 
|  35|0x0000000082300000, 0x0000000082400000, 0x0000000082400000|100%| O|  |TAMS 0x0000000082400000, 0x0000000082300000| Updating 
|  36|0x0000000082400000, 0x0000000082500000, 0x0000000082500000|100%| O|  |TAMS 0x0000000082500000, 0x0000000082400000| Updating 
|  37|0x0000000082500000, 0x0000000082600000, 0x0000000082600000|100%| O|  |TAMS 0x0000000082600000, 0x0000000082500000| Updating 
|  38|0x0000000082600000, 0x0000000082700000, 0x0000000082700000|100%| O|  |TAMS 0x0000000082700000, 0x0000000082600000| Updating 
|  39|0x0000000082700000, 0x0000000082800000, 0x0000000082800000|100%| O|  |TAMS 0x0000000082800000, 0x0000000082700000| Updating 
|  40|0x0000000082800000, 0x0000000082900000, 0x0000000082900000|100%| O|  |TAMS 0x0000000082900000, 0x0000000082800000| Updating 
|  41|0x0000000082900000, 0x0000000082a00000, 0x0000000082a00000|100%| O|  |TAMS 0x0000000082a00000, 0x0000000082900000| Updating 
|  42|0x0000000082a00000, 0x0000000082b00000, 0x0000000082b00000|100%| O|  |TAMS 0x0000000082b00000, 0x0000000082a00000| Updating 
|  43|0x0000000082b00000, 0x0000000082c00000, 0x0000000082c00000|100%| O|  |TAMS 0x0000000082c00000, 0x0000000082b00000| Updating 
|  44|0x0000000082c00000, 0x0000000082d00000, 0x0000000082d00000|100%| O|  |TAMS 0x0000000082d00000, 0x0000000082c00000| Updating 
|  45|0x0000000082d00000, 0x0000000082e00000, 0x0000000082e00000|100%| O|  |TAMS 0x0000000082e00000, 0x0000000082d00000| Updating 
|  46|0x0000000082e00000, 0x0000000082f00000, 0x0000000082f00000|100%| O|  |TAMS 0x0000000082f00000, 0x0000000082e00000| Updating 
|  47|0x0000000082f00000, 0x0000000083000000, 0x0000000083000000|100%| O|  |TAMS 0x0000000083000000, 0x0000000082f00000| Updating 
|  48|0x0000000083000000, 0x0000000083100000, 0x0000000083100000|100%| O|  |TAMS 0x0000000083100000, 0x0000000083000000| Updating 
|  49|0x0000000083100000, 0x0000000083200000, 0x0000000083200000|100%| O|  |TAMS 0x0000000083200000, 0x0000000083100000| Updating 
|  50|0x0000000083200000, 0x0000000083300000, 0x0000000083300000|100%| O|  |TAMS 0x0000000083300000, 0x0000000083200000| Updating 
|  51|0x0000000083300000, 0x0000000083400000, 0x0000000083400000|100%| O|  |TAMS 0x0000000083400000, 0x0000000083300000| Updating 
|  52|0x0000000083400000, 0x0000000083500000, 0x0000000083500000|100%| O|  |TAMS 0x0000000083500000, 0x0000000083400000| Updating 
|  53|0x0000000083500000, 0x0000000083600000, 0x0000000083600000|100%| O|  |TAMS 0x0000000083600000, 0x0000000083500000| Updating 
|  54|0x0000000083600000, 0x0000000083700000, 0x0000000083700000|100%| O|  |TAMS 0x0000000083700000, 0x0000000083600000| Updating 
|  55|0x0000000083700000, 0x0000000083800000, 0x0000000083800000|100%| O|  |TAMS 0x0000000083800000, 0x0000000083700000| Updating 
|  56|0x0000000083800000, 0x0000000083900000, 0x0000000083900000|100%| O|  |TAMS 0x0000000083900000, 0x0000000083800000| Updating 
|  57|0x0000000083900000, 0x0000000083a00000, 0x0000000083a00000|100%| O|  |TAMS 0x0000000083a00000, 0x0000000083900000| Updating 
|  58|0x0000000083a00000, 0x0000000083b00000, 0x0000000083b00000|100%| O|  |TAMS 0x0000000083b00000, 0x0000000083a00000| Updating 
|  59|0x0000000083b00000, 0x0000000083c00000, 0x0000000083c00000|100%| O|  |TAMS 0x0000000083c00000, 0x0000000083b00000| Updating 
|  60|0x0000000083c00000, 0x0000000083d00000, 0x0000000083d00000|100%| O|  |TAMS 0x0000000083d00000, 0x0000000083c00000| Updating 
|  61|0x0000000083d00000, 0x0000000083e00000, 0x0000000083e00000|100%| O|  |TAMS 0x0000000083e00000, 0x0000000083d00000| Updating 
|  62|0x0000000083e00000, 0x0000000083f00000, 0x0000000083f00000|100%| O|  |TAMS 0x0000000083f00000, 0x0000000083e00000| Updating 
|  63|0x0000000083f00000, 0x0000000084000000, 0x0000000084000000|100%| O|  |TAMS 0x0000000084000000, 0x0000000083f00000| Updating 
|  64|0x0000000084000000, 0x0000000084100000, 0x0000000084100000|100%| O|  |TAMS 0x0000000084100000, 0x0000000084000000| Updating 
|  65|0x0000000084100000, 0x0000000084200000, 0x0000000084200000|100%| O|  |TAMS 0x0000000084200000, 0x0000000084100000| Updating 
|  66|0x0000000084200000, 0x0000000084300000, 0x0000000084300000|100%| O|  |TAMS 0x0000000084300000, 0x0000000084200000| Updating 
|  67|0x0000000084300000, 0x0000000084400000, 0x0000000084400000|100%| O|  |TAMS 0x0000000084400000, 0x0000000084300000| Updating 
|  68|0x0000000084400000, 0x0000000084500000, 0x0000000084500000|100%| O|  |TAMS 0x0000000084500000, 0x0000000084400000| Updating 
|  69|0x0000000084500000, 0x0000000084600000, 0x0000000084600000|100%| O|  |TAMS 0x0000000084600000, 0x0000000084500000| Updating 
|  70|0x0000000084600000, 0x0000000084700000, 0x0000000084700000|100%| O|  |TAMS 0x0000000084700000, 0x0000000084600000| Updating 
|  71|0x0000000084700000, 0x0000000084800000, 0x0000000084800000|100%| O|  |TAMS 0x0000000084800000, 0x0000000084700000| Updating 
|  72|0x0000000084800000, 0x0000000084900000, 0x0000000084900000|100%| O|  |TAMS 0x0000000084900000, 0x0000000084800000| Updating 
|  73|0x0000000084900000, 0x0000000084a00000, 0x0000000084a00000|100%| O|  |TAMS 0x0000000084a00000, 0x0000000084900000| Updating 
|  74|0x0000000084a00000, 0x0000000084b00000, 0x0000000084b00000|100%| O|  |TAMS 0x0000000084b00000, 0x0000000084a00000| Updating 
|  75|0x0000000084b00000, 0x0000000084c00000, 0x0000000084c00000|100%| O|  |TAMS 0x0000000084c00000, 0x0000000084b00000| Updating 
|  76|0x0000000084c00000, 0x0000000084d00000, 0x0000000084d00000|100%| O|  |TAMS 0x0000000084d00000, 0x0000000084c00000| Updating 
|  77|0x0000000084d00000, 0x0000000084e00000, 0x0000000084e00000|100%| O|  |TAMS 0x0000000084e00000, 0x0000000084d00000| Updating 
|  78|0x0000000084e00000, 0x0000000084f00000, 0x0000000084f00000|100%| O|  |TAMS 0x0000000084f00000, 0x0000000084e00000| Updating 
|  79|0x0000000084f00000, 0x0000000085000000, 0x0000000085000000|100%|HS|  |TAMS 0x0000000085000000, 0x0000000084f00000| Complete 
|  80|0x0000000085000000, 0x0000000085100000, 0x0000000085100000|100%| O|  |TAMS 0x0000000085100000, 0x0000000085000000| Updating 
|  81|0x0000000085100000, 0x0000000085200000, 0x0000000085200000|100%| O|  |TAMS 0x0000000085200000, 0x0000000085100000| Updating 
|  82|0x0000000085200000, 0x0000000085300000, 0x0000000085300000|100%| O|  |TAMS 0x0000000085300000, 0x0000000085200000| Updating 
|  83|0x0000000085300000, 0x0000000085400000, 0x0000000085400000|100%| O|  |TAMS 0x0000000085400000, 0x0000000085300000| Updating 
|  84|0x0000000085400000, 0x0000000085500000, 0x0000000085500000|100%| O|  |TAMS 0x0000000085500000, 0x0000000085400000| Updating 
|  85|0x0000000085500000, 0x0000000085600000, 0x0000000085600000|100%| O|  |TAMS 0x0000000085600000, 0x0000000085500000| Updating 
|  86|0x0000000085600000, 0x0000000085700000, 0x0000000085700000|100%| O|  |TAMS 0x0000000085700000, 0x0000000085600000| Updating 
|  87|0x0000000085700000, 0x0000000085800000, 0x0000000085800000|100%| O|  |TAMS 0x0000000085800000, 0x0000000085700000| Updating 
|  88|0x0000000085800000, 0x0000000085800000, 0x0000000085900000|  0%| F|  |TAMS 0x0000000085800000, 0x0000000085800000| Untracked 
|  89|0x0000000085900000, 0x0000000085a00000, 0x0000000085a00000|100%| O|  |TAMS 0x0000000085a00000, 0x0000000085900000| Updating 
|  90|0x0000000085a00000, 0x0000000085ae6e00, 0x0000000085b00000| 90%| O|  |TAMS 0x0000000085a58c00, 0x0000000085a00000| Updating 
|  91|0x0000000085b00000, 0x0000000085c00000, 0x0000000085c00000|100%| O|  |TAMS 0x0000000085c00000, 0x0000000085b00000| Updating 
|  92|0x0000000085c00000, 0x0000000085d00000, 0x0000000085d00000|100%|HS|  |TAMS 0x0000000085c00000, 0x0000000085c00000| Complete 
|  93|0x0000000085d00000, 0x0000000085e00000, 0x0000000085e00000|100%| O|  |TAMS 0x0000000085e00000, 0x0000000085d00000| Updating 
|  94|0x0000000085e00000, 0x0000000085f00000, 0x0000000085f00000|100%|HS|  |TAMS 0x0000000085f00000, 0x0000000085e00000| Complete 
|  95|0x0000000085f00000, 0x0000000086000000, 0x0000000086000000|100%|HC|  |TAMS 0x0000000086000000, 0x0000000085f00000| Complete 
|  96|0x0000000086000000, 0x0000000086100000, 0x0000000086100000|100%| O|  |TAMS 0x0000000086100000, 0x0000000086000000| Updating 
|  97|0x0000000086100000, 0x0000000086200000, 0x0000000086200000|100%| O|  |TAMS 0x0000000086200000, 0x0000000086100000| Updating 
|  98|0x0000000086200000, 0x0000000086300000, 0x0000000086300000|100%| O|  |TAMS 0x0000000086300000, 0x0000000086200000| Updating 
|  99|0x0000000086300000, 0x0000000086400000, 0x0000000086400000|100%| O|  |TAMS 0x0000000086400000, 0x0000000086300000| Updating 
| 100|0x0000000086400000, 0x0000000086400000, 0x0000000086500000|  0%| F|  |TAMS 0x0000000086400000, 0x0000000086400000| Untracked 
| 101|0x0000000086500000, 0x0000000086500000, 0x0000000086600000|  0%| F|  |TAMS 0x0000000086500000, 0x0000000086500000| Untracked 
| 102|0x0000000086600000, 0x0000000086700000, 0x0000000086700000|100%| O|  |TAMS 0x0000000086700000, 0x0000000086600000| Updating 
| 103|0x0000000086700000, 0x0000000086800000, 0x0000000086800000|100%| O|  |TAMS 0x0000000086800000, 0x0000000086700000| Updating 
| 104|0x0000000086800000, 0x0000000086900000, 0x0000000086900000|100%| O|  |TAMS 0x0000000086900000, 0x0000000086800000| Updating 
| 105|0x0000000086900000, 0x0000000086a00000, 0x0000000086a00000|100%| O|  |TAMS 0x0000000086a00000, 0x0000000086900000| Updating 
| 106|0x0000000086a00000, 0x0000000086b00000, 0x0000000086b00000|100%| O|  |TAMS 0x0000000086b00000, 0x0000000086a00000| Updating 
| 107|0x0000000086b00000, 0x0000000086c00000, 0x0000000086c00000|100%| O|  |TAMS 0x0000000086c00000, 0x0000000086b00000| Updating 
| 108|0x0000000086c00000, 0x0000000086c00000, 0x0000000086d00000|  0%| F|  |TAMS 0x0000000086c00000, 0x0000000086c00000| Untracked 
| 109|0x0000000086d00000, 0x0000000086d00000, 0x0000000086e00000|  0%| F|  |TAMS 0x0000000086d00000, 0x0000000086d00000| Untracked 
| 110|0x0000000086e00000, 0x0000000086e00000, 0x0000000086f00000|  0%| F|  |TAMS 0x0000000086e00000, 0x0000000086e00000| Untracked 
| 111|0x0000000086f00000, 0x0000000086f00000, 0x0000000087000000|  0%| F|  |TAMS 0x0000000086f00000, 0x0000000086f00000| Untracked 
| 112|0x0000000087000000, 0x0000000087000000, 0x0000000087100000|  0%| F|  |TAMS 0x0000000087000000, 0x0000000087000000| Untracked 
| 113|0x0000000087100000, 0x0000000087100000, 0x0000000087200000|  0%| F|  |TAMS 0x0000000087100000, 0x0000000087100000| Untracked 
| 114|0x0000000087200000, 0x0000000087200000, 0x0000000087300000|  0%| F|  |TAMS 0x0000000087200000, 0x0000000087200000| Untracked 
| 115|0x0000000087300000, 0x0000000087300000, 0x0000000087400000|  0%| F|  |TAMS 0x0000000087300000, 0x0000000087300000| Untracked 
| 116|0x0000000087400000, 0x0000000087400000, 0x0000000087500000|  0%| F|  |TAMS 0x0000000087400000, 0x0000000087400000| Untracked 
| 117|0x0000000087500000, 0x0000000087600000, 0x0000000087600000|100%| O|  |TAMS 0x0000000087600000, 0x0000000087500000| Updating 
| 118|0x0000000087600000, 0x0000000087700000, 0x0000000087700000|100%| O|  |TAMS 0x0000000087700000, 0x0000000087600000| Updating 
| 119|0x0000000087700000, 0x0000000087700000, 0x0000000087800000|  0%| F|  |TAMS 0x0000000087700000, 0x0000000087700000| Untracked 
| 120|0x0000000087800000, 0x0000000087800000, 0x0000000087900000|  0%| F|  |TAMS 0x0000000087800000, 0x0000000087800000| Untracked 
| 121|0x0000000087900000, 0x0000000087900000, 0x0000000087a00000|  0%| F|  |TAMS 0x0000000087900000, 0x0000000087900000| Untracked 
| 122|0x0000000087a00000, 0x0000000087b00000, 0x0000000087b00000|100%| O|  |TAMS 0x0000000087b00000, 0x0000000087a00000| Updating 
| 123|0x0000000087b00000, 0x0000000087b00000, 0x0000000087c00000|  0%| F|  |TAMS 0x0000000087b00000, 0x0000000087b00000| Untracked 
| 124|0x0000000087c00000, 0x0000000087c00000, 0x0000000087d00000|  0%| F|  |TAMS 0x0000000087c00000, 0x0000000087c00000| Untracked 
| 125|0x0000000087d00000, 0x0000000087d00000, 0x0000000087e00000|  0%| F|  |TAMS 0x0000000087d00000, 0x0000000087d00000| Untracked 
| 126|0x0000000087e00000, 0x0000000087e00000, 0x0000000087f00000|  0%| F|  |TAMS 0x0000000087e00000, 0x0000000087e00000| Untracked 
| 127|0x0000000087f00000, 0x0000000087f00000, 0x0000000088000000|  0%| F|  |TAMS 0x0000000087f00000, 0x0000000087f00000| Untracked 
| 128|0x0000000088000000, 0x0000000088000000, 0x0000000088100000|  0%| F|  |TAMS 0x0000000088000000, 0x0000000088000000| Untracked 
| 129|0x0000000088100000, 0x0000000088100000, 0x0000000088200000|  0%| F|  |TAMS 0x0000000088100000, 0x0000000088100000| Untracked 
| 130|0x0000000088200000, 0x0000000088200000, 0x0000000088300000|  0%| F|  |TAMS 0x0000000088200000, 0x0000000088200000| Untracked 
| 131|0x0000000088300000, 0x0000000088300000, 0x0000000088400000|  0%| F|  |TAMS 0x0000000088300000, 0x0000000088300000| Untracked 
| 132|0x0000000088400000, 0x0000000088400000, 0x0000000088500000|  0%| F|  |TAMS 0x0000000088400000, 0x0000000088400000| Untracked 
| 133|0x0000000088500000, 0x0000000088500000, 0x0000000088600000|  0%| F|  |TAMS 0x0000000088500000, 0x0000000088500000| Untracked 
| 134|0x0000000088600000, 0x0000000088700000, 0x0000000088700000|100%| O|  |TAMS 0x0000000088700000, 0x0000000088600000| Updating 
| 135|0x0000000088700000, 0x0000000088800000, 0x0000000088800000|100%| O|  |TAMS 0x0000000088800000, 0x0000000088700000| Updating 
| 136|0x0000000088800000, 0x0000000088800000, 0x0000000088900000|  0%| F|  |TAMS 0x0000000088800000, 0x0000000088800000| Untracked 
| 137|0x0000000088900000, 0x0000000088900000, 0x0000000088a00000|  0%| F|  |TAMS 0x0000000088900000, 0x0000000088900000| Untracked 
| 138|0x0000000088a00000, 0x0000000088a00000, 0x0000000088b00000|  0%| F|  |TAMS 0x0000000088a00000, 0x0000000088a00000| Untracked 
| 139|0x0000000088b00000, 0x0000000088b00000, 0x0000000088c00000|  0%| F|  |TAMS 0x0000000088b00000, 0x0000000088b00000| Untracked 
| 140|0x0000000088c00000, 0x0000000088c00000, 0x0000000088d00000|  0%| F|  |TAMS 0x0000000088c00000, 0x0000000088c00000| Untracked 
| 141|0x0000000088d00000, 0x0000000088d00000, 0x0000000088e00000|  0%| F|  |TAMS 0x0000000088d00000, 0x0000000088d00000| Untracked 
| 142|0x0000000088e00000, 0x0000000088e00000, 0x0000000088f00000|  0%| F|  |TAMS 0x0000000088e00000, 0x0000000088e00000| Untracked 
| 143|0x0000000088f00000, 0x0000000088f00000, 0x0000000089000000|  0%| F|  |TAMS 0x0000000088f00000, 0x0000000088f00000| Untracked 
| 144|0x0000000089000000, 0x0000000089000000, 0x0000000089100000|  0%| F|  |TAMS 0x0000000089000000, 0x0000000089000000| Untracked 
| 145|0x0000000089100000, 0x0000000089200000, 0x0000000089200000|100%|HS|  |TAMS 0x0000000089100000, 0x0000000089100000| Complete 
| 146|0x0000000089200000, 0x0000000089300000, 0x0000000089300000|100%|HC|  |TAMS 0x0000000089200000, 0x0000000089200000| Complete 
| 147|0x0000000089300000, 0x0000000089400000, 0x0000000089400000|100%|HC|  |TAMS 0x0000000089300000, 0x0000000089300000| Complete 
| 148|0x0000000089400000, 0x0000000089500000, 0x0000000089500000|100%|HC|  |TAMS 0x0000000089400000, 0x0000000089400000| Complete 
| 149|0x0000000089500000, 0x0000000089600000, 0x0000000089600000|100%|HC|  |TAMS 0x0000000089500000, 0x0000000089500000| Complete 
| 150|0x0000000089600000, 0x0000000089700000, 0x0000000089700000|100%|HC|  |TAMS 0x0000000089600000, 0x0000000089600000| Complete 
| 151|0x0000000089700000, 0x0000000089800000, 0x0000000089800000|100%|HC|  |TAMS 0x0000000089700000, 0x0000000089700000| Complete 
| 152|0x0000000089800000, 0x0000000089900000, 0x0000000089900000|100%|HC|  |TAMS 0x0000000089800000, 0x0000000089800000| Complete 
| 153|0x0000000089900000, 0x0000000089a00000, 0x0000000089a00000|100%|HC|  |TAMS 0x0000000089900000, 0x0000000089900000| Complete 
| 154|0x0000000089a00000, 0x0000000089b00000, 0x0000000089b00000|100%|HC|  |TAMS 0x0000000089a00000, 0x0000000089a00000| Complete 
| 155|0x0000000089b00000, 0x0000000089c00000, 0x0000000089c00000|100%|HC|  |TAMS 0x0000000089b00000, 0x0000000089b00000| Complete 
| 156|0x0000000089c00000, 0x0000000089d00000, 0x0000000089d00000|100%|HC|  |TAMS 0x0000000089c00000, 0x0000000089c00000| Complete 
| 157|0x0000000089d00000, 0x0000000089e00000, 0x0000000089e00000|100%|HC|  |TAMS 0x0000000089d00000, 0x0000000089d00000| Complete 
| 158|0x0000000089e00000, 0x0000000089f00000, 0x0000000089f00000|100%|HC|  |TAMS 0x0000000089e00000, 0x0000000089e00000| Complete 
| 159|0x0000000089f00000, 0x000000008a000000, 0x000000008a000000|100%|HC|  |TAMS 0x0000000089f00000, 0x0000000089f00000| Complete 
| 160|0x000000008a000000, 0x000000008a100000, 0x000000008a100000|100%|HC|  |TAMS 0x000000008a000000, 0x000000008a000000| Complete 
| 161|0x000000008a100000, 0x000000008a200000, 0x000000008a200000|100%|HC|  |TAMS 0x000000008a100000, 0x000000008a100000| Complete 
| 162|0x000000008a200000, 0x000000008a200000, 0x000000008a300000|  0%| F|  |TAMS 0x000000008a200000, 0x000000008a200000| Untracked 
| 163|0x000000008a300000, 0x000000008a300000, 0x000000008a400000|  0%| F|  |TAMS 0x000000008a300000, 0x000000008a300000| Untracked 
| 164|0x000000008a400000, 0x000000008a400000, 0x000000008a500000|  0%| F|  |TAMS 0x000000008a400000, 0x000000008a400000| Untracked 
| 165|0x000000008a500000, 0x000000008a600000, 0x000000008a600000|100%|HS|  |TAMS 0x000000008a500000, 0x000000008a500000| Complete 
| 166|0x000000008a600000, 0x000000008a700000, 0x000000008a700000|100%|HC|  |TAMS 0x000000008a600000, 0x000000008a600000| Complete 
| 167|0x000000008a700000, 0x000000008a800000, 0x000000008a800000|100%|HC|  |TAMS 0x000000008a700000, 0x000000008a700000| Complete 
| 168|0x000000008a800000, 0x000000008a900000, 0x000000008a900000|100%|HC|  |TAMS 0x000000008a800000, 0x000000008a800000| Complete 
| 169|0x000000008a900000, 0x000000008aa00000, 0x000000008aa00000|100%|HC|  |TAMS 0x000000008a900000, 0x000000008a900000| Complete 
| 170|0x000000008aa00000, 0x000000008ab00000, 0x000000008ab00000|100%|HC|  |TAMS 0x000000008aa00000, 0x000000008aa00000| Complete 
| 171|0x000000008ab00000, 0x000000008ac00000, 0x000000008ac00000|100%|HC|  |TAMS 0x000000008ab00000, 0x000000008ab00000| Complete 
| 172|0x000000008ac00000, 0x000000008ad00000, 0x000000008ad00000|100%|HC|  |TAMS 0x000000008ac00000, 0x000000008ac00000| Complete 
| 173|0x000000008ad00000, 0x000000008ae00000, 0x000000008ae00000|100%|HC|  |TAMS 0x000000008ad00000, 0x000000008ad00000| Complete 
| 174|0x000000008ae00000, 0x000000008af00000, 0x000000008af00000|100%|HC|  |TAMS 0x000000008ae00000, 0x000000008ae00000| Complete 
| 175|0x000000008af00000, 0x000000008b000000, 0x000000008b000000|100%|HC|  |TAMS 0x000000008af00000, 0x000000008af00000| Complete 
| 176|0x000000008b000000, 0x000000008b000000, 0x000000008b100000|  0%| F|  |TAMS 0x000000008b000000, 0x000000008b000000| Untracked 
| 177|0x000000008b100000, 0x000000008b100000, 0x000000008b200000|  0%| F|  |TAMS 0x000000008b100000, 0x000000008b100000| Untracked 
| 178|0x000000008b200000, 0x000000008b200000, 0x000000008b300000|  0%| F|  |TAMS 0x000000008b200000, 0x000000008b200000| Untracked 
| 179|0x000000008b300000, 0x000000008b300000, 0x000000008b400000|  0%| F|  |TAMS 0x000000008b300000, 0x000000008b300000| Untracked 
| 180|0x000000008b400000, 0x000000008b400000, 0x000000008b500000|  0%| F|  |TAMS 0x000000008b400000, 0x000000008b400000| Untracked 
| 181|0x000000008b500000, 0x000000008b500000, 0x000000008b600000|  0%| F|  |TAMS 0x000000008b500000, 0x000000008b500000| Untracked 
| 182|0x000000008b600000, 0x000000008b600000, 0x000000008b700000|  0%| F|  |TAMS 0x000000008b600000, 0x000000008b600000| Untracked 
| 183|0x000000008b700000, 0x000000008b800000, 0x000000008b800000|100%|HS|  |TAMS 0x000000008b700000, 0x000000008b700000| Complete 
| 184|0x000000008b800000, 0x000000008b900000, 0x000000008b900000|100%|HC|  |TAMS 0x000000008b800000, 0x000000008b800000| Complete 
| 185|0x000000008b900000, 0x000000008ba00000, 0x000000008ba00000|100%|HC|  |TAMS 0x000000008b900000, 0x000000008b900000| Complete 
| 186|0x000000008ba00000, 0x000000008bb00000, 0x000000008bb00000|100%|HC|  |TAMS 0x000000008ba00000, 0x000000008ba00000| Complete 
| 187|0x000000008bb00000, 0x000000008bc00000, 0x000000008bc00000|100%|HC|  |TAMS 0x000000008bb00000, 0x000000008bb00000| Complete 
| 188|0x000000008bc00000, 0x000000008bd00000, 0x000000008bd00000|100%|HC|  |TAMS 0x000000008bc00000, 0x000000008bc00000| Complete 
| 189|0x000000008bd00000, 0x000000008be00000, 0x000000008be00000|100%|HC|  |TAMS 0x000000008bd00000, 0x000000008bd00000| Complete 
| 190|0x000000008be00000, 0x000000008bf00000, 0x000000008bf00000|100%|HC|  |TAMS 0x000000008be00000, 0x000000008be00000| Complete 
| 191|0x000000008bf00000, 0x000000008c000000, 0x000000008c000000|100%|HC|  |TAMS 0x000000008bf00000, 0x000000008bf00000| Complete 
| 192|0x000000008c000000, 0x000000008c100000, 0x000000008c100000|100%|HS|  |TAMS 0x000000008c000000, 0x000000008c000000| Complete 
| 193|0x000000008c100000, 0x000000008c200000, 0x000000008c200000|100%|HC|  |TAMS 0x000000008c100000, 0x000000008c100000| Complete 
| 194|0x000000008c200000, 0x000000008c300000, 0x000000008c300000|100%|HC|  |TAMS 0x000000008c200000, 0x000000008c200000| Complete 
| 195|0x000000008c300000, 0x000000008c400000, 0x000000008c400000|100%|HC|  |TAMS 0x000000008c300000, 0x000000008c300000| Complete 
| 196|0x000000008c400000, 0x000000008c500000, 0x000000008c500000|100%|HC|  |TAMS 0x000000008c400000, 0x000000008c400000| Complete 
| 197|0x000000008c500000, 0x000000008c600000, 0x000000008c600000|100%|HC|  |TAMS 0x000000008c500000, 0x000000008c500000| Complete 
| 198|0x000000008c600000, 0x000000008c600000, 0x000000008c700000|  0%| F|  |TAMS 0x000000008c600000, 0x000000008c600000| Untracked 
| 199|0x000000008c700000, 0x000000008c700000, 0x000000008c800000|  0%| F|  |TAMS 0x000000008c700000, 0x000000008c700000| Untracked 
| 200|0x000000008c800000, 0x000000008c800000, 0x000000008c900000|  0%| F|  |TAMS 0x000000008c800000, 0x000000008c800000| Untracked 
| 201|0x000000008c900000, 0x000000008c900000, 0x000000008ca00000|  0%| F|  |TAMS 0x000000008c900000, 0x000000008c900000| Untracked 
| 202|0x000000008ca00000, 0x000000008ca00000, 0x000000008cb00000|  0%| F|  |TAMS 0x000000008ca00000, 0x000000008ca00000| Untracked 
| 203|0x000000008cb00000, 0x000000008cb00000, 0x000000008cc00000|  0%| F|  |TAMS 0x000000008cb00000, 0x000000008cb00000| Untracked 
| 204|0x000000008cc00000, 0x000000008cc00000, 0x000000008cd00000|  0%| F|  |TAMS 0x000000008cc00000, 0x000000008cc00000| Untracked 
| 205|0x000000008cd00000, 0x000000008cd00000, 0x000000008ce00000|  0%| F|  |TAMS 0x000000008cd00000, 0x000000008cd00000| Untracked 
| 206|0x000000008ce00000, 0x000000008ce00000, 0x000000008cf00000|  0%| F|  |TAMS 0x000000008ce00000, 0x000000008ce00000| Untracked 
| 207|0x000000008cf00000, 0x000000008cf00000, 0x000000008d000000|  0%| F|  |TAMS 0x000000008cf00000, 0x000000008cf00000| Untracked 
| 208|0x000000008d000000, 0x000000008d000000, 0x000000008d100000|  0%| F|  |TAMS 0x000000008d000000, 0x000000008d000000| Untracked 
| 209|0x000000008d100000, 0x000000008d100000, 0x000000008d200000|  0%| F|  |TAMS 0x000000008d100000, 0x000000008d100000| Untracked 
| 210|0x000000008d200000, 0x000000008d200000, 0x000000008d300000|  0%| F|  |TAMS 0x000000008d200000, 0x000000008d200000| Untracked 
| 211|0x000000008d300000, 0x000000008d300000, 0x000000008d400000|  0%| F|  |TAMS 0x000000008d300000, 0x000000008d300000| Untracked 
| 212|0x000000008d400000, 0x000000008d400000, 0x000000008d500000|  0%| F|  |TAMS 0x000000008d400000, 0x000000008d400000| Untracked 
| 213|0x000000008d500000, 0x000000008d500000, 0x000000008d600000|  0%| F|  |TAMS 0x000000008d500000, 0x000000008d500000| Untracked 
| 214|0x000000008d600000, 0x000000008d600000, 0x000000008d700000|  0%| F|  |TAMS 0x000000008d600000, 0x000000008d600000| Untracked 
| 215|0x000000008d700000, 0x000000008d700000, 0x000000008d800000|  0%| F|  |TAMS 0x000000008d700000, 0x000000008d700000| Untracked 
| 216|0x000000008d800000, 0x000000008d800000, 0x000000008d900000|  0%| F|  |TAMS 0x000000008d800000, 0x000000008d800000| Untracked 
| 217|0x000000008d900000, 0x000000008d900000, 0x000000008da00000|  0%| F|  |TAMS 0x000000008d900000, 0x000000008d900000| Untracked 
| 218|0x000000008da00000, 0x000000008db00000, 0x000000008db00000|100%|HS|  |TAMS 0x000000008da00000, 0x000000008da00000| Complete 
| 219|0x000000008db00000, 0x000000008dc00000, 0x000000008dc00000|100%|HC|  |TAMS 0x000000008db00000, 0x000000008db00000| Complete 
| 220|0x000000008dc00000, 0x000000008dd00000, 0x000000008dd00000|100%|HC|  |TAMS 0x000000008dc00000, 0x000000008dc00000| Complete 
| 221|0x000000008dd00000, 0x000000008de00000, 0x000000008de00000|100%|HC|  |TAMS 0x000000008dd00000, 0x000000008dd00000| Complete 
| 222|0x000000008de00000, 0x000000008df00000, 0x000000008df00000|100%|HC|  |TAMS 0x000000008de00000, 0x000000008de00000| Complete 
| 223|0x000000008df00000, 0x000000008e000000, 0x000000008e000000|100%|HC|  |TAMS 0x000000008df00000, 0x000000008df00000| Complete 
| 224|0x000000008e000000, 0x000000008e100000, 0x000000008e100000|100%|HC|  |TAMS 0x000000008e000000, 0x000000008e000000| Complete 
| 225|0x000000008e100000, 0x000000008e200000, 0x000000008e200000|100%|HC|  |TAMS 0x000000008e100000, 0x000000008e100000| Complete 
| 226|0x000000008e200000, 0x000000008e300000, 0x000000008e300000|100%|HC|  |TAMS 0x000000008e200000, 0x000000008e200000| Complete 
| 227|0x000000008e300000, 0x000000008e400000, 0x000000008e400000|100%|HC|  |TAMS 0x000000008e300000, 0x000000008e300000| Complete 
| 228|0x000000008e400000, 0x000000008e500000, 0x000000008e500000|100%|HC|  |TAMS 0x000000008e400000, 0x000000008e400000| Complete 
| 229|0x000000008e500000, 0x000000008e600000, 0x000000008e600000|100%|HC|  |TAMS 0x000000008e500000, 0x000000008e500000| Complete 
| 230|0x000000008e600000, 0x000000008e700000, 0x000000008e700000|100%|HC|  |TAMS 0x000000008e600000, 0x000000008e600000| Complete 
| 231|0x000000008e700000, 0x000000008e800000, 0x000000008e800000|100%|HC|  |TAMS 0x000000008e700000, 0x000000008e700000| Complete 
| 232|0x000000008e800000, 0x000000008e900000, 0x000000008e900000|100%|HC|  |TAMS 0x000000008e800000, 0x000000008e800000| Complete 
| 233|0x000000008e900000, 0x000000008ea00000, 0x000000008ea00000|100%|HC|  |TAMS 0x000000008e900000, 0x000000008e900000| Complete 
| 234|0x000000008ea00000, 0x000000008eb00000, 0x000000008eb00000|100%|HC|  |TAMS 0x000000008ea00000, 0x000000008ea00000| Complete 
| 235|0x000000008eb00000, 0x000000008ec00000, 0x000000008ec00000|100%|HS|  |TAMS 0x000000008eb00000, 0x000000008eb00000| Complete 
| 236|0x000000008ec00000, 0x000000008ed00000, 0x000000008ed00000|100%|HC|  |TAMS 0x000000008ec00000, 0x000000008ec00000| Complete 
| 237|0x000000008ed00000, 0x000000008ee00000, 0x000000008ee00000|100%|HC|  |TAMS 0x000000008ed00000, 0x000000008ed00000| Complete 
| 238|0x000000008ee00000, 0x000000008ef00000, 0x000000008ef00000|100%|HC|  |TAMS 0x000000008ee00000, 0x000000008ee00000| Complete 
| 239|0x000000008ef00000, 0x000000008f000000, 0x000000008f000000|100%|HC|  |TAMS 0x000000008ef00000, 0x000000008ef00000| Complete 
| 240|0x000000008f000000, 0x000000008f100000, 0x000000008f100000|100%|HC|  |TAMS 0x000000008f000000, 0x000000008f000000| Complete 
| 241|0x000000008f100000, 0x000000008f200000, 0x000000008f200000|100%|HC|  |TAMS 0x000000008f100000, 0x000000008f100000| Complete 
| 242|0x000000008f200000, 0x000000008f300000, 0x000000008f300000|100%|HC|  |TAMS 0x000000008f200000, 0x000000008f200000| Complete 
| 243|0x000000008f300000, 0x000000008f400000, 0x000000008f400000|100%|HC|  |TAMS 0x000000008f300000, 0x000000008f300000| Complete 
| 244|0x000000008f400000, 0x000000008f500000, 0x000000008f500000|100%|HC|  |TAMS 0x000000008f400000, 0x000000008f400000| Complete 
| 245|0x000000008f500000, 0x000000008f600000, 0x000000008f600000|100%|HC|  |TAMS 0x000000008f500000, 0x000000008f500000| Complete 
| 246|0x000000008f600000, 0x000000008f600000, 0x000000008f700000|  0%| F|  |TAMS 0x000000008f600000, 0x000000008f600000| Untracked 
| 247|0x000000008f700000, 0x000000008f700000, 0x000000008f800000|  0%| F|  |TAMS 0x000000008f700000, 0x000000008f700000| Untracked 
| 248|0x000000008f800000, 0x000000008f800000, 0x000000008f900000|  0%| F|  |TAMS 0x000000008f800000, 0x000000008f800000| Untracked 
| 249|0x000000008f900000, 0x000000008f900000, 0x000000008fa00000|  0%| F|  |TAMS 0x000000008f900000, 0x000000008f900000| Untracked 
| 250|0x000000008fa00000, 0x000000008fa00000, 0x000000008fb00000|  0%| F|  |TAMS 0x000000008fa00000, 0x000000008fa00000| Untracked 
| 251|0x000000008fb00000, 0x000000008fb00000, 0x000000008fc00000|  0%| F|  |TAMS 0x000000008fb00000, 0x000000008fb00000| Untracked 
| 252|0x000000008fc00000, 0x000000008fc00000, 0x000000008fd00000|  0%| F|  |TAMS 0x000000008fc00000, 0x000000008fc00000| Untracked 
| 253|0x000000008fd00000, 0x000000008fd00000, 0x000000008fe00000|  0%| F|  |TAMS 0x000000008fd00000, 0x000000008fd00000| Untracked 
| 254|0x000000008fe00000, 0x000000008fe00000, 0x000000008ff00000|  0%| F|  |TAMS 0x000000008fe00000, 0x000000008fe00000| Untracked 
| 255|0x000000008ff00000, 0x000000008ff00000, 0x0000000090000000|  0%| F|  |TAMS 0x000000008ff00000, 0x000000008ff00000| Untracked 
| 256|0x0000000090000000, 0x0000000090000000, 0x0000000090100000|  0%| F|  |TAMS 0x0000000090000000, 0x0000000090000000| Untracked 
| 257|0x0000000090100000, 0x0000000090200000, 0x0000000090200000|100%|HS|  |TAMS 0x0000000090100000, 0x0000000090100000| Complete 
| 258|0x0000000090200000, 0x0000000090300000, 0x0000000090300000|100%|HC|  |TAMS 0x0000000090200000, 0x0000000090200000| Complete 
| 259|0x0000000090300000, 0x0000000090400000, 0x0000000090400000|100%|HC|  |TAMS 0x0000000090300000, 0x0000000090300000| Complete 
| 260|0x0000000090400000, 0x0000000090500000, 0x0000000090500000|100%|HC|  |TAMS 0x0000000090400000, 0x0000000090400000| Complete 
| 261|0x0000000090500000, 0x0000000090600000, 0x0000000090600000|100%|HC|  |TAMS 0x0000000090500000, 0x0000000090500000| Complete 
| 262|0x0000000090600000, 0x0000000090700000, 0x0000000090700000|100%|HC|  |TAMS 0x0000000090600000, 0x0000000090600000| Complete 
| 263|0x0000000090700000, 0x0000000090800000, 0x0000000090800000|100%|HC|  |TAMS 0x0000000090700000, 0x0000000090700000| Complete 
| 264|0x0000000090800000, 0x0000000090900000, 0x0000000090900000|100%|HC|  |TAMS 0x0000000090800000, 0x0000000090800000| Complete 
| 265|0x0000000090900000, 0x0000000090a00000, 0x0000000090a00000|100%|HC|  |TAMS 0x0000000090900000, 0x0000000090900000| Complete 
| 266|0x0000000090a00000, 0x0000000090b00000, 0x0000000090b00000|100%|HS|  |TAMS 0x0000000090a00000, 0x0000000090a00000| Complete 
| 267|0x0000000090b00000, 0x0000000090c00000, 0x0000000090c00000|100%|HC|  |TAMS 0x0000000090b00000, 0x0000000090b00000| Complete 
| 268|0x0000000090c00000, 0x0000000090d00000, 0x0000000090d00000|100%|HC|  |TAMS 0x0000000090c00000, 0x0000000090c00000| Complete 
| 269|0x0000000090d00000, 0x0000000090e00000, 0x0000000090e00000|100%|HC|  |TAMS 0x0000000090d00000, 0x0000000090d00000| Complete 
| 270|0x0000000090e00000, 0x0000000090f00000, 0x0000000090f00000|100%|HC|  |TAMS 0x0000000090e00000, 0x0000000090e00000| Complete 
| 271|0x0000000090f00000, 0x0000000091000000, 0x0000000091000000|100%|HC|  |TAMS 0x0000000090f00000, 0x0000000090f00000| Complete 
| 272|0x0000000091000000, 0x0000000091100000, 0x0000000091100000|100%| S|CS|TAMS 0x0000000091000000, 0x0000000091000000| Complete 
| 273|0x0000000091100000, 0x0000000091200000, 0x0000000091200000|100%| S|CS|TAMS 0x0000000091100000, 0x0000000091100000| Complete 
| 274|0x0000000091200000, 0x00000000912f66d8, 0x0000000091300000| 96%| S|CS|TAMS 0x0000000091200000, 0x0000000091200000| Complete 

Card table byte_map: [0x000001f099660000,0x000001f099a60000] _byte_map_base: 0x000001f099260000

Marking Bits (Prev, Next): (CMBitMap*) 0x000001f0ff658ab8, (CMBitMap*) 0x000001f0ff658af0
 Prev Bits: [0x000001f099e60000, 0x000001f09be60000)
 Next Bits: [0x000001f09be60000, 0x000001f09de60000)

Polling page: 0x000001f081410000

Metaspace:

Usage:
  Non-class:    118.51 MB capacity,   116.71 MB ( 98%) used,     1.49 MB (  1%) free+waste,   318.38 KB ( <1%) overhead. 
      Class:     17.74 MB capacity,    16.71 MB ( 94%) used,   903.97 KB (  5%) free+waste,   142.75 KB ( <1%) overhead. 
       Both:    136.25 MB capacity,   133.42 MB ( 98%) used,     2.38 MB (  2%) free+waste,   461.13 KB ( <1%) overhead. 

Virtual space:
  Non-class space:      120.00 MB reserved,     118.59 MB ( 99%) committed 
      Class space:        1.00 GB reserved,      17.82 MB (  2%) committed 
             Both:        1.12 GB reserved,     136.41 MB ( 12%) committed 

Chunk freelists:
   Non-Class:  1.75 KB
       Class:  1.88 KB
        Both:  3.63 KB

CodeHeap 'non-profiled nmethods': size=120000Kb used=8588Kb max_used=8588Kb free=111411Kb
 bounds [0x000001f0912b0000, 0x000001f091b20000, 0x000001f0987e0000]
CodeHeap 'profiled nmethods': size=120000Kb used=34304Kb max_used=34304Kb free=85695Kb
 bounds [0x000001f089d80000, 0x000001f08bf10000, 0x000001f0912b0000]
CodeHeap 'non-nmethods': size=5760Kb used=2354Kb max_used=2404Kb free=3406Kb
 bounds [0x000001f0897e0000, 0x000001f089a50000, 0x000001f089d80000]
 total_blobs=17246 nmethods=16265 adapters=890
 compilation: enabled
              stopped_count=0, restarted_count=0
 full_count=0

Compilation events (10 events):
Event: 23.518 Thread 0x000001f0a0948800 17339       4       com.android.tools.build.apkzlib.bytestorage.AbstractCloseableByteSourceFromOutputStreamBuilder::write (23 bytes)
Event: 23.519 Thread 0x000001f0a0948800 nmethod 17339 0x000001f091b12b90 code [0x000001f091b12d20, 0x000001f091b12dd8]
Event: 23.519 Thread 0x000001f0a0948800 17284       4       sun.nio.ch.Util::getTemporaryDirectBuffer (55 bytes)
Event: 23.525 Thread 0x000001f0a0948800 nmethod 17284 0x000001f091b12e90 code [0x000001f091b13080, 0x000001f091b13660]
Event: 23.525 Thread 0x000001f0a0948800 17289       4       java.nio.MappedByteBuffer::flip (5 bytes)
Event: 23.526 Thread 0x000001f0a0948800 nmethod 17289 0x000001f091b13c90 code [0x000001f091b13e20, 0x000001f091b13e98]
Event: 23.526 Thread 0x000001f0a0948800 17327       4       com.android.tools.build.apkzlib.zip.FileUseMapEntry$$Lambda$1439/0x000000010119a040::compare (12 bytes)
Event: 23.526 Thread 0x000001f0a0948800 nmethod 17327 0x000001f091b13f10 code [0x000001f091b140a0, 0x000001f091b141d8]
Event: 23.595 Thread 0x000001f0a0953800 17340       3       java.util.TreeMap::getCeilingEntry (107 bytes)
Event: 23.595 Thread 0x000001f0a0953800 nmethod 17340 0x000001f08bf09f90 code [0x000001f08bf0a1a0, 0x000001f08bf0a8f8]

GC Heap History (10 events):
Event: 22.466 GC heap after
{Heap after GC invocations=52 (full 0):
 garbage-first heap   total 187392K, used 126597K [0x0000000080000000, 0x0000000100000000)
  region size 1024K, 1 young (1024K), 1 survivors (1024K)
 Metaspace       used 135319K, capacity 138174K, committed 138536K, reserved 1169408K
  class space    used 16957K, capacity 18000K, committed 18124K, reserved 1048576K
}
Event: 22.727 GC heap before
{Heap before GC invocations=53 (full 0):
 garbage-first heap   total 187392K, used 152197K [0x0000000080000000, 0x0000000100000000)
  region size 1024K, 30 young (30720K), 1 survivors (1024K)
 Metaspace       used 135372K, capacity 138238K, committed 138536K, reserved 1169408K
  class space    used 16959K, capacity 18000K, committed 18124K, reserved 1048576K
}
Event: 22.728 GC heap after
{Heap after GC invocations=54 (full 0):
 garbage-first heap   total 187392K, used 120246K [0x0000000080000000, 0x0000000100000000)
  region size 1024K, 1 young (1024K), 1 survivors (1024K)
 Metaspace       used 135372K, capacity 138238K, committed 138536K, reserved 1169408K
  class space    used 16959K, capacity 18000K, committed 18124K, reserved 1048576K
}
Event: 22.772 GC heap before
{Heap before GC invocations=54 (full 0):
 garbage-first heap   total 187392K, used 128438K [0x0000000080000000, 0x0000000100000000)
  region size 1024K, 9 young (9216K), 1 survivors (1024K)
 Metaspace       used 135436K, capacity 138305K, committed 138536K, reserved 1169408K
  class space    used 16964K, capacity 18001K, committed 18124K, reserved 1048576K
}
Event: 22.774 GC heap after
{Heap after GC invocations=55 (full 0):
 garbage-first heap   total 187392K, used 112618K [0x0000000080000000, 0x0000000100000000)
  region size 1024K, 1 young (1024K), 1 survivors (1024K)
 Metaspace       used 135436K, capacity 138305K, committed 138536K, reserved 1169408K
  class space    used 16964K, capacity 18001K, committed 18124K, reserved 1048576K
}
Event: 22.813 GC heap before
{Heap before GC invocations=55 (full 0):
 garbage-first heap   total 187392K, used 118762K [0x0000000080000000, 0x0000000100000000)
  region size 1024K, 8 young (8192K), 1 survivors (1024K)
 Metaspace       used 135537K, capacity 138369K, committed 138536K, reserved 1169408K
  class space    used 16965K, capacity 18001K, committed 18124K, reserved 1048576K
}
Event: 22.814 GC heap after
{Heap after GC invocations=56 (full 0):
 garbage-first heap   total 187392K, used 112897K [0x0000000080000000, 0x0000000100000000)
  region size 1024K, 1 young (1024K), 1 survivors (1024K)
 Metaspace       used 135537K, capacity 138369K, committed 138536K, reserved 1169408K
  class space    used 16965K, capacity 18001K, committed 18124K, reserved 1048576K
}
Event: 23.444 GC heap before
{Heap before GC invocations=57 (full 0):
 garbage-first heap   total 187392K, used 130305K [0x0000000080000000, 0x0000000100000000)
  region size 1024K, 18 young (18432K), 1 survivors (1024K)
 Metaspace       used 136595K, capacity 139519K, committed 139688K, reserved 1171456K
  class space    used 17114K, capacity 18161K, committed 18252K, reserved 1048576K
}
Event: 23.448 GC heap after
{Heap after GC invocations=58 (full 0):
 garbage-first heap   total 187392K, used 114946K [0x0000000080000000, 0x0000000100000000)
  region size 1024K, 3 young (3072K), 3 survivors (3072K)
 Metaspace       used 136595K, capacity 139519K, committed 139688K, reserved 1171456K
  class space    used 17114K, capacity 18161K, committed 18252K, reserved 1048576K
}
Event: 23.596 GC heap before
{Heap before GC invocations=58 (full 0):
 garbage-first heap   total 278528K, used 276738K [0x0000000080000000, 0x0000000100000000)
  region size 1024K, 14 young (14336K), 3 survivors (3072K)
 Metaspace       used 136623K, capacity 139519K, committed 139688K, reserved 1171456K
  class space    used 17114K, capacity 18161K, committed 18252K, reserved 1048576K
}

Deoptimization events (10 events):
Event: 22.879 Thread 0x000001f0a63bf000 Uncommon trap: reason=profile_predicate action=maybe_recompile pc=0x000001f091ade658 method=java.util.regex.Pattern$CharPropertyGreedy.match(Ljava/util/regex/Matcher;ILjava/lang/CharSequence;)Z @ 12 c2
Event: 22.880 Thread 0x000001f0a63bf000 Uncommon trap: reason=profile_predicate action=maybe_recompile pc=0x000001f091ade658 method=java.util.regex.Pattern$CharPropertyGreedy.match(Ljava/util/regex/Matcher;ILjava/lang/CharSequence;)Z @ 12 c2
Event: 22.880 Thread 0x000001f0a63bf000 Uncommon trap: reason=profile_predicate action=maybe_recompile pc=0x000001f091ade658 method=java.util.regex.Pattern$CharPropertyGreedy.match(Ljava/util/regex/Matcher;ILjava/lang/CharSequence;)Z @ 12 c2
Event: 22.880 Thread 0x000001f0a63bf000 Uncommon trap: reason=profile_predicate action=maybe_recompile pc=0x000001f091ade658 method=java.util.regex.Pattern$CharPropertyGreedy.match(Ljava/util/regex/Matcher;ILjava/lang/CharSequence;)Z @ 12 c2
Event: 22.885 Thread 0x000001f0a63bf000 Uncommon trap: reason=unstable_if action=reinterpret pc=0x000001f091472054 method=org.gradle.internal.snapshot.VfsRelativePath.lengthOfCommonPrefix(Ljava/lang/String;Lorg/gradle/internal/snapshot/CaseSensitivity;)I @ 117 c2
Event: 22.892 Thread 0x000001f0a63bf000 Uncommon trap: reason=unstable_if action=reinterpret pc=0x000001f0917a2b14 method=com.google.gson.stream.JsonReader.doPeek()I @ 200 c2
Event: 22.898 Thread 0x000001f0a63bf000 Uncommon trap: reason=array_check action=maybe_recompile pc=0x000001f09155fbb8 method=java.util.TimSort.binarySort([Ljava/lang/Object;IIILjava/util/Comparator;)V @ 183 c2
Event: 22.898 Thread 0x000001f0a63bf000 Uncommon trap: reason=speculate_class_check action=maybe_recompile pc=0x000001f09189eb3c method=sun.security.provider.DigestBase.implCompressMultiBlock0([BII)I @ 8 c2
Event: 22.941 Thread 0x000001f0a63c8000 Uncommon trap: reason=class_check action=maybe_recompile pc=0x000001f091930b2c method=com.google.common.collect.ImmutableMap.copyOf(Ljava/lang/Iterable;)Lcom/google/common/collect/ImmutableMap; @ 53 c2
Event: 22.984 Thread 0x000001f0a63c8000 Uncommon trap: reason=unstable_if action=reinterpret pc=0x000001f091922930 method=sun.nio.fs.WindowsPathParser.normalize(Ljava/lang/StringBuilder;Ljava/lang/String;I)Ljava/lang/String; @ 100 c2

Classes redefined (0 events):
No events

Internal exceptions (10 events):
Event: 21.767 Thread 0x000001f0a63c3000 Exception <a 'java/lang/NoSuchMethodError'{0x000000008b5ca310}: java.lang.invoke.DirectMethodHandle$Holder.invokeStatic(Ljava/lang/Object;Ljava/lang/Object;Ljava/lang/Object;Ljava/lang/Object;Ljava/lang/Object;Ljava/lang/Object;Ljava/lang/Object;Ljava/lan
Event: 21.767 Thread 0x000001f0a63c3000 Exception <a 'java/lang/NoSuchMethodError'{0x000000008b5cfbc8}: java.lang.invoke.DirectMethodHandle$Holder.invokeStaticInit(Ljava/lang/Object;Ljava/lang/Object;Ljava/lang/Object;Ljava/lang/Object;Ljava/lang/Object;Ljava/lang/Object;Ljava/lang/Object;Ljava
Event: 21.835 Thread 0x000001f0a33da800 Exception <a 'java/lang/NoSuchMethodError'{0x000000008b133760}: java.lang.invoke.DirectMethodHandle$Holder.invokeStatic(Ljava/lang/Object;Ljava/lang/Object;)J> (0x000000008b133760) thrown at [./open/src/hotspot/share/interpreter/linkResolver.cpp, line 772
Event: 21.836 Thread 0x000001f0a33da800 Exception <a 'java/lang/NoSuchMethodError'{0x000000008b1362e0}: java.lang.invoke.DirectMethodHandle$Holder.invokeStaticInit(Ljava/lang/Object;Ljava/lang/Object;)J> (0x000000008b1362e0) thrown at [./open/src/hotspot/share/interpreter/linkResolver.cpp, line
Event: 21.880 Thread 0x000001f0a33da800 Implicit null exception at 0x000001f09140e52f to 0x000001f09140e61c
Event: 21.882 Thread 0x000001f0a33da800 Exception <a 'java/lang/NoSuchMethodError'{0x000000008ac64e50}: java.lang.invoke.DirectMethodHandle$Holder.newInvokeSpecial(Ljava/lang/Object;I)Ljava/lang/Object;> (0x000000008ac64e50) thrown at [./open/src/hotspot/share/interpreter/linkResolver.cpp, line
Event: 22.117 Thread 0x000001f0a63c3000 Implicit null exception at 0x000001f0917ce7a4 to 0x000001f0917ce9bc
Event: 22.117 Thread 0x000001f0a63c3000 Implicit null exception at 0x000001f0917c1983 to 0x000001f0917c2320
Event: 22.117 Thread 0x000001f0a63c3000 Implicit null exception at 0x000001f0917abbda to 0x000001f0917abc30
Event: 22.898 Thread 0x000001f0a63bf000 Exception <a 'java/lang/NoSuchMethodError'{0x000000008b3c9368}: static Lcom/android/build/gradle/tasks/PackageAndroidArtifact$SplitterParams;.<clinit>()V> (0x000000008b3c9368) thrown at [./open/src/hotspot/share/prims/jni.cpp, line 1362]

Events (10 events):
Event: 23.084 loading class com/android/tools/build/apkzlib/sign/ManifestGenerationExtension done
Event: 23.084 loading class com/android/tools/build/apkzlib/sign/ManifestGenerationExtension
Event: 23.084 loading class com/android/tools/build/apkzlib/sign/ManifestGenerationExtension done
Event: 23.442 loading class com/android/tools/build/apkzlib/bytestorage/InMemoryByteStorage$2$1
Event: 23.442 loading class com/android/tools/build/apkzlib/bytestorage/InMemoryByteStorage$2$1 done
Event: 23.444 Executing VM operation: G1CollectForAllocation
Event: 23.448 Executing VM operation: G1CollectForAllocation done
Event: 23.539 Executing VM operation: CGC_Operation
Event: 23.564 Executing VM operation: CGC_Operation done
Event: 23.596 Executing VM operation: G1CollectForAllocation


Dynamic libraries:
0x00007ff6f7460000 - 0x00007ff6f746f000 	C:\Program Files\Java\jdk-11.0.10\bin\java.exe
0x00007ffe65890000 - 0x00007ffe65a85000 	C:\WINDOWS\SYSTEM32\ntdll.dll
0x00007ffe65550000 - 0x00007ffe6560d000 	C:\WINDOWS\System32\KERNEL32.DLL
0x00007ffe63270000 - 0x00007ffe6353d000 	C:\WINDOWS\System32\KERNELBASE.dll
0x00007ffe63040000 - 0x00007ffe63140000 	C:\WINDOWS\System32\ucrtbase.dll
0x00007ffe37d70000 - 0x00007ffe37d88000 	C:\Program Files\Java\jdk-11.0.10\bin\jli.dll
0x00007ffe387c0000 - 0x00007ffe387d5000 	C:\Program Files\Java\jdk-11.0.10\bin\VCRUNTIME140.dll
0x00007ffe648d0000 - 0x00007ffe6497e000 	C:\WINDOWS\System32\ADVAPI32.dll
0x00007ffe63980000 - 0x00007ffe63a1e000 	C:\WINDOWS\System32\msvcrt.dll
0x00007ffe638e0000 - 0x00007ffe6397c000 	C:\WINDOWS\System32\sechost.dll
0x00007ffe63af0000 - 0x00007ffe63c15000 	C:\WINDOWS\System32\RPCRT4.dll
0x00007ffe64650000 - 0x00007ffe647f0000 	C:\WINDOWS\System32\USER32.dll
0x00007ffe4a6e0000 - 0x00007ffe4a97a000 	C:\WINDOWS\WinSxS\amd64_microsoft.windows.common-controls_6595b64144ccf1df_6.0.19041.1110_none_60b5254171f9507e\COMCTL32.dll
0x00007ffe63700000 - 0x00007ffe63722000 	C:\WINDOWS\System32\win32u.dll
0x00007ffe63d30000 - 0x00007ffe63d5a000 	C:\WINDOWS\System32\GDI32.dll
0x00007ffe63540000 - 0x00007ffe6364b000 	C:\WINDOWS\System32\gdi32full.dll
0x00007ffe5c660000 - 0x00007ffe5c66a000 	C:\WINDOWS\SYSTEM32\VERSION.dll
0x00007ffe62fa0000 - 0x00007ffe6303d000 	C:\WINDOWS\System32\msvcp_win.dll
0x00007ffe63c20000 - 0x00007ffe63c50000 	C:\WINDOWS\System32\IMM32.DLL
0x00007ffe1ab80000 - 0x00007ffe1ac1b000 	C:\Program Files\Java\jdk-11.0.10\bin\msvcp140.dll
0x00007ffdfa350000 - 0x00007ffdfae4b000 	C:\Program Files\Java\jdk-11.0.10\bin\server\jvm.dll
0x00007ffe63dc0000 - 0x00007ffe63dc8000 	C:\WINDOWS\System32\PSAPI.DLL
0x00007ffe458f0000 - 0x00007ffe458f9000 	C:\WINDOWS\SYSTEM32\WSOCK32.dll
0x00007ffe600d0000 - 0x00007ffe600f7000 	C:\WINDOWS\SYSTEM32\WINMM.dll
0x00007ffe645e0000 - 0x00007ffe6464b000 	C:\WINDOWS\System32\WS2_32.dll
0x00007ffe617d0000 - 0x00007ffe617e2000 	C:\WINDOWS\SYSTEM32\kernel.appcore.dll
0x00007ffe5de30000 - 0x00007ffe5de40000 	C:\Program Files\Java\jdk-11.0.10\bin\verify.dll
0x00007ffe614f0000 - 0x00007ffe616d4000 	C:\WINDOWS\SYSTEM32\DBGHELP.DLL
0x00007ffe600a0000 - 0x00007ffe600cc000 	C:\WINDOWS\SYSTEM32\dbgcore.DLL
0x00007ffe631b0000 - 0x00007ffe63232000 	C:\WINDOWS\System32\bcryptPrimitives.dll
0x00007ffe31640000 - 0x00007ffe31668000 	C:\Program Files\Java\jdk-11.0.10\bin\java.dll
0x00007ffe497f0000 - 0x00007ffe497fa000 	C:\Program Files\Java\jdk-11.0.10\bin\jimage.dll
0x00007ffe376b0000 - 0x00007ffe376c6000 	C:\Program Files\Java\jdk-11.0.10\bin\zip.dll
0x00007ffe63dd0000 - 0x00007ffe64514000 	C:\WINDOWS\System32\SHELL32.dll
0x00007ffe60c90000 - 0x00007ffe61424000 	C:\WINDOWS\SYSTEM32\windows.storage.dll
0x00007ffe64f90000 - 0x00007ffe652e4000 	C:\WINDOWS\System32\combase.dll
0x00007ffe62a00000 - 0x00007ffe62a2c000 	C:\WINDOWS\SYSTEM32\Wldp.dll
0x00007ffe654a0000 - 0x00007ffe6554d000 	C:\WINDOWS\System32\SHCORE.dll
0x00007ffe64580000 - 0x00007ffe645d5000 	C:\WINDOWS\System32\shlwapi.dll
0x00007ffe62ee0000 - 0x00007ffe62eff000 	C:\WINDOWS\SYSTEM32\profapi.dll
0x00007ffe271d0000 - 0x00007ffe271e9000 	C:\Program Files\Java\jdk-11.0.10\bin\net.dll
0x00007ffe5d730000 - 0x00007ffe5d83a000 	C:\WINDOWS\SYSTEM32\WINHTTP.dll
0x00007ffe62740000 - 0x00007ffe627aa000 	C:\WINDOWS\system32\mswsock.dll
0x00007ffe271b0000 - 0x00007ffe271c2000 	C:\Program Files\Java\jdk-11.0.10\bin\nio.dll
0x00007ffe27180000 - 0x00007ffe271a6000 	C:\Users\alby2\.gradle\native\31\windows-amd64\native-platform.dll
0x00007ffe468d0000 - 0x00007ffe468d9000 	C:\Program Files\Java\jdk-11.0.10\bin\management.dll
0x00007ffe46400000 - 0x00007ffe4640b000 	C:\Program Files\Java\jdk-11.0.10\bin\management_ext.dll
0x00007ffe62950000 - 0x00007ffe62968000 	C:\WINDOWS\SYSTEM32\CRYPTSP.dll
0x00007ffe62030000 - 0x00007ffe62064000 	C:\WINDOWS\system32\rsaenh.dll
0x00007ffe63240000 - 0x00007ffe63267000 	C:\WINDOWS\System32\bcrypt.dll
0x00007ffe62ea0000 - 0x00007ffe62ece000 	C:\WINDOWS\SYSTEM32\USERENV.dll
0x00007ffe62970000 - 0x00007ffe6297c000 	C:\WINDOWS\SYSTEM32\CRYPTBASE.dll
0x00007ffe623d0000 - 0x00007ffe6240b000 	C:\WINDOWS\SYSTEM32\IPHLPAPI.DLL
0x00007ffe65840000 - 0x00007ffe65848000 	C:\WINDOWS\System32\NSI.dll
0x00007ffe5b440000 - 0x00007ffe5b457000 	C:\WINDOWS\SYSTEM32\dhcpcsvc6.DLL
0x00007ffe5b420000 - 0x00007ffe5b43d000 	C:\WINDOWS\SYSTEM32\dhcpcsvc.DLL
0x00007ffe62420000 - 0x00007ffe624eb000 	C:\WINDOWS\SYSTEM32\DNSAPI.dll
0x00007ffe61c40000 - 0x00007ffe61c73000 	C:\WINDOWS\SYSTEM32\ntmarta.dll

dbghelp: loaded successfully - version: 4.0.5 - missing functions: none
symbol engine: initialized successfully - sym options: 0x614 - pdb path: .;C:\Program Files\Java\jdk-11.0.10\bin;C:\WINDOWS\SYSTEM32;C:\WINDOWS\WinSxS\amd64_microsoft.windows.common-controls_6595b64144ccf1df_6.0.19041.1110_none_60b5254171f9507e;C:\Program Files\Java\jdk-11.0.10\bin\server;C:\Users\alby2\.gradle\native\31\windows-amd64

VM Arguments:
jvm_args: --add-opens=java.base/java.util=ALL-UNNAMED --add-opens=java.base/java.lang=ALL-UNNAMED --add-opens=java.base/java.lang.invoke=ALL-UNNAMED --add-opens=java.prefs/java.util.prefs=ALL-UNNAMED -Xmx2048M -Dfile.encoding=windows-1252 -Duser.country=IT -Duser.language=it -Duser.variant 
java_command: org.gradle.launcher.daemon.bootstrap.GradleDaemon 6.1.1
java_class_path (initial): C:\Users\alby2\.gradle\wrapper\dists\gradle-6.1.1-all\cfmwm155h49vnt3hynmlrsdst\gradle-6.1.1\lib\gradle-launcher-6.1.1.jar
Launcher Type: SUN_STANDARD

[Global flags]
     intx CICompilerCount                          = 4                                         {product} {ergonomic}
     uint ConcGCThreads                            = 2                                         {product} {ergonomic}
     uint G1ConcRefinementThreads                  = 8                                         {product} {ergonomic}
   size_t G1HeapRegionSize                         = 1048576                                   {product} {ergonomic}
    uintx GCDrainStackTargetSize                   = 64                                        {product} {ergonomic}
   size_t InitialHeapSize                          = 132120576                                 {product} {ergonomic}
   size_t MarkStackSize                            = 4194304                                   {product} {ergonomic}
   size_t MaxHeapSize                              = 2147483648                                {product} {command line}
   size_t MaxNewSize                               = 1287651328                                {product} {ergonomic}
   size_t MinHeapDeltaBytes                        = 1048576                                   {product} {ergonomic}
    uintx NonNMethodCodeHeapSize                   = 5836300                                {pd product} {ergonomic}
    uintx NonProfiledCodeHeapSize                  = 122910970                              {pd product} {ergonomic}
    uintx ProfiledCodeHeapSize                     = 122910970                              {pd product} {ergonomic}
    uintx ReservedCodeCacheSize                    = 251658240                              {pd product} {ergonomic}
     bool SegmentedCodeCache                       = true                                      {product} {ergonomic}
     bool UseCompressedClassPointers               = true                                 {lp64_product} {ergonomic}
     bool UseCompressedOops                        = true                                 {lp64_product} {ergonomic}
     bool UseG1GC                                  = true                                      {product} {ergonomic}
     bool UseLargePagesIndividualAllocation        = false                                  {pd product} {ergonomic}

Logging:
Log output configuration:
 #0: stdout all=warning uptime,level,tags
 #1: stderr all=off uptime,level,tags

Environment Variables:
JAVA_HOME=C:\Program Files\Java\jdk-11.0.10
CLASSPATH=C:\Users\alby2\Downloads\Termux\\gradle\wrapper\gradle-wrapper.jar
PATH=C:\Python38\Scripts\;C:\Python38\;C:\Program Files\Python37\Scripts\;C:\Program Files\Python37\;C:\Windows\system32;C:\Windows;C:\Windows\System32\Wbem;C:\Windows\System32\WindowsPowerShell\v1.0\;C:\Windows\System32\OpenSSH\;C:\Program Files\Intel\WiFi\bin\;C:\Program Files\Common Files\Intel\WirelessCommon\;C:\Program Files (x86)\NVIDIA Corporation\PhysX\Common;D:\Microsoft VS Code\bin;C:\ProgramData\chocolatey\bin;C:\Program Files\Git\cmd;C:\Program Files\dotnet\;D:\texlive\2020\bin\win32;D:\Downloads\chromedriver_win32;D:\flutter\bin;D:\Downloads\geckodriver-v0.30.0-win64(1);D:\WinMerge;D:\R-lang\bin;C:\WINDOWS\system32;C:\WINDOWS;C:\WINDOWS\System32\Wbem;C:\WINDOWS\System32\WindowsPowerShell\v1.0\;C:\WINDOWS\System32\OpenSSH\;C:\Users\alby2\.cargo\bin;D:\NodeJS\;C:\Users\alby2\.cargo\bin;C:\Users\alby2\scoop\apps\miniconda3\current\scripts;C:\Users\alby2\scoop\apps\miniconda3\current\Library\bin;C:\Users\alby2\scoop\apps\nodejs\current\bin;C:\Users\alby2\scoop\apps\nodejs\current;C:\Users\alby2\scoop\shims;C:\Windows\system32;C:\Windows;C:\Windows\System32\Wbem;C:\Windows\System32\WindowsPowerShell\v1.0\;C:\Windows\System32\OpenSSH\;C:\Program Files\Intel\WiFi\bin\;C:\Program Files\Common Files\Intel\WirelessCommon\;C:\Program Files (x86)\NVIDIA Corporation\PhysX\Common;C:\Program Files\NVIDIA Corporation\NVIDIA NvDLISR;C:\Users\alby2\AppData\Local\Microsoft\WindowsApps;D:\Ming\mingw64\bin;C:\Program Files\heroku\bin;C:\Users\alby2\.ebcli-virtual-env\executables;C:\Users\alby2\AppData\Local\gitkraken\bin;D:\flutter\bin;C:\Program Files\Java\jdk-11.0.10\bin;D:\Downloads\geckodriver-v0.30.0-win64(1);C:\Users\alby2\AppData\Local\Microsoft\WindowsApps;C:\Users\alby2\AppData\Roaming\npm
USERNAME=alby2
OS=Windows_NT
PROCESSOR_IDENTIFIER=Intel64 Family 6 Model 158 Stepping 10, GenuineIntel



---------------  S Y S T E M  ---------------

OS: Windows 10 , 64 bit Build 19041 (10.0.19041.1706)
Hyper-V role detected

CPU:total 8 (initial active 8) (4 cores per cpu, 2 threads per core) family 6 model 158 stepping 10 microcode 0xde, cmov, cx8, fxsr, mmx, sse, sse2, sse3, ssse3, sse4.1, sse4.2, popcnt, avx, avx2, aes, clmul, erms, 3dnowpref, lzcnt, ht, tsc, tscinvbit, bmi1, bmi2, adx, fma

Memory: 4k page, system-wide physical 8010M (370M free)
TotalPageFile size 16010M (AvailPageFile size 7M)
current process WorkingSet (physical memory assigned to process): 582M, peak: 582M
current process commit charge ("private bytes"): 640M, peak: 695M

vm_info: Java HotSpot(TM) 64-Bit Server VM (11.0.10+8-LTS-162) for windows-amd64 JRE (11.0.10+8-LTS-162), built on Dec  8 2020 16:32:57 by "mach5one" with MS VC++ 15.9 (VS2017)

END.
